<?xml version="1.0" encoding="UTF-8"?>
<testsuites name="Chrome Test Suite Case" time="217" tests="9" failures="0" errors="0">
   <testsuite name="Chrome Test Suite Case" tests="9" failures="0" errors="0" time="217" timestamp="2019-01-11 11:20:04" hostname="netzon.rhobert - netzon-jlaw" id="Test Suites/Chrome Test Suite Case">
      <properties>
         <property name="deviceName" value=""/>
         <property name="devicePlatform" value=""/>
         <property name="logFolder" value="C:\\Users\\netzon.rhobert\\git\\POC HOPE\\Reports\\Chrome Test Suite Case\\20190111_111954"/>
         <property name="logFiles" value="C:\\Users\\netzon.rhobert\\git\\POC HOPE\\Reports\\Chrome Test Suite Case\\20190111_111954\\execution0.log"/>
         <property name="attachments" value=""/>
         <property name="hostName" value="netzon.rhobert - netzon-jlaw"/>
         <property name="os" value="Windows 10 64bit"/>
         <property name="katalonVersion" value="5.10.1.1"/>
         <property name="browser" value="Chrome 71.0.3578.98"/>
         <property name="hostAddress" value="10.0.75.1"/>
         <property name="sessionId" value="9fe2dcfa0d84585a89e6b4abffd946f8"/>
         <property name="seleniumVersion" value="3.7.1"/>
         <property name="proxyInformation" value="ProxyInformation{proxyOption=NO_PROXY, proxyServerType=HTTP, password=, proxyServerAddress=, proxyServerPort=0}"/>
         <property name="platform" value="Windows 10"/>
      </properties>
      <testcase name="Test Cases/CRUD Data/Add Activity with Time and Date" classname="Test Cases/CRUD Data/Add Activity with Time and Date" status="PASSED">
         <system-out><![CDATA[2019-01-11 11:20:05 - [TEST_CASE][PASSED] - Test Cases/CRUD Data/Add Activity with Time and Date: Test Cases/CRUD Data/Add Activity with Time and Date

2019-01-11 11:20:06 - [TEST_STEP][PASSED] - openBrowser(""): Browser is opened with url: ''

2019-01-11 11:20:07 - [MESSAGE][INFO] - Starting 'Chrome' driver

2019-01-11 11:20:07 - [MESSAGE][INFO] - Action delay is set to 0 seconds

2019-01-11 11:20:15 - [MESSAGE][PASSED] - Browser is opened with url: ''

2019-01-11 11:20:15 - [TEST_STEP][PASSED] - maximizeWindow(): Current window maximized

2019-01-11 11:20:17 - [MESSAGE][PASSED] - Current window maximized

2019-01-11 11:20:17 - [TEST_STEP][PASSED] - navigateToUrl("https://staging.poc.netzon.se/patient/list"): Navigate to 'https://staging.poc.netzon.se/patient/list' successfully

2019-01-11 11:20:24 - [MESSAGE][PASSED] - Navigate to 'https://staging.poc.netzon.se/patient/list' successfully

2019-01-11 11:20:24 - [TEST_STEP][PASSED] - click(findTestObject("Page_Professional/div_Jessica Chastain")): Object: 'Object Repository/Page_Professional/div_Jessica Chastain' is clicked on

2019-01-11 11:20:26 - [MESSAGE][PASSED] - Object: 'Object Repository/Page_Professional/div_Jessica Chastain' is clicked on

2019-01-11 11:20:26 - [TEST_STEP][PASSED] - click(findTestObject("Page_Professional/img_Activities_ng-tns-c1-0 (3) (1) (1)")): Object: 'Object Repository/Page_Professional/img_Activities_ng-tns-c1-0 (3) (1) (1)' is clicked on

2019-01-11 11:20:28 - [MESSAGE][PASSED] - Object: 'Object Repository/Page_Professional/img_Activities_ng-tns-c1-0 (3) (1) (1)' is clicked on

2019-01-11 11:20:28 - [TEST_STEP][PASSED] - click(findTestObject("Page_Professional/div_Type_mat-select-arrow (2) (1) (1)")): Object: 'Object Repository/Page_Professional/div_Type_mat-select-arrow (2) (1) (1)' is clicked on

2019-01-11 11:20:29 - [MESSAGE][PASSED] - Object: 'Object Repository/Page_Professional/div_Type_mat-select-arrow (2) (1) (1)' is clicked on

2019-01-11 11:20:29 - [TEST_STEP][PASSED] - delay(1): Delayed 1 second(s)

2019-01-11 11:20:30 - [MESSAGE][PASSED] - Delayed 1 second(s)

2019-01-11 11:20:30 - [TEST_STEP][PASSED] - click(findTestObject("Page_Professional/span_Blood Pressure (3) (1)")): Object: 'Object Repository/Page_Professional/span_Blood Pressure (3) (1)' is clicked on

2019-01-11 11:20:31 - [MESSAGE][PASSED] - Object: 'Object Repository/Page_Professional/span_Blood Pressure (3) (1)' is clicked on

2019-01-11 11:20:31 - [TEST_STEP][PASSED] - click(findTestObject("Page_Professional/button_Date_mat-icon-button cd (1)")): Object: 'Object Repository/Page_Professional/button_Date_mat-icon-button cd (1)' is clicked on

2019-01-11 11:20:32 - [MESSAGE][PASSED] - Object: 'Object Repository/Page_Professional/button_Date_mat-icon-button cd (1)' is clicked on

2019-01-11 11:20:32 - [TEST_STEP][PASSED] - delay(1): Delayed 1 second(s)

2019-01-11 11:20:33 - [MESSAGE][PASSED] - Delayed 1 second(s)

2019-01-11 11:20:33 - [TEST_STEP][PASSED] - click(findTestObject("Page_Professional/div_14 (1) (1)")): Object: 'Object Repository/Page_Professional/div_14 (1) (1)' is clicked on

2019-01-11 11:20:33 - [MESSAGE][PASSED] - Object: 'Object Repository/Page_Professional/div_14 (1) (1)' is clicked on

2019-01-11 11:20:33 - [TEST_STEP][PASSED] - delay(1): Delayed 1 second(s)

2019-01-11 11:20:34 - [MESSAGE][PASSED] - Delayed 1 second(s)

2019-01-11 11:20:34 - [TEST_STEP][PASSED] - click(findTestObject("Page_Professional/mat-icon_access_time (1)")): Object: 'Object Repository/Page_Professional/mat-icon_access_time (1)' is clicked on

2019-01-11 11:20:35 - [MESSAGE][PASSED] - Object: 'Object Repository/Page_Professional/mat-icon_access_time (1)' is clicked on

2019-01-11 11:20:35 - [TEST_STEP][PASSED] - delay(1): Delayed 1 second(s)

2019-01-11 11:20:36 - [MESSAGE][PASSED] - Delayed 1 second(s)

2019-01-11 11:20:36 - [TEST_STEP][PASSED] - click(findTestObject("Page_Professional/span_14 (1)")): Object: 'Object Repository/Page_Professional/span_14 (1)' is clicked on

2019-01-11 11:20:36 - [MESSAGE][PASSED] - Object: 'Object Repository/Page_Professional/span_14 (1)' is clicked on

2019-01-11 11:20:36 - [TEST_STEP][PASSED] - delay(1): Delayed 1 second(s)

2019-01-11 11:20:37 - [MESSAGE][PASSED] - Delayed 1 second(s)

2019-01-11 11:20:37 - [TEST_STEP][PASSED] - click(findTestObject("Page_Professional/span_Ok (1)")): Object: 'Object Repository/Page_Professional/span_Ok (1)' is clicked on

2019-01-11 11:20:37 - [MESSAGE][PASSED] - Object: 'Object Repository/Page_Professional/span_Ok (1)' is clicked on

2019-01-11 11:20:37 - [TEST_STEP][PASSED] - delay(1): Delayed 1 second(s)

2019-01-11 11:20:38 - [MESSAGE][PASSED] - Delayed 1 second(s)

2019-01-11 11:20:38 - [TEST_STEP][PASSED] - click(findTestObject("AddButton")): Object: 'Object Repository/AddButton' is clicked on

2019-01-11 11:20:39 - [MESSAGE][PASSED] - Object: 'Object Repository/AddButton' is clicked on

2019-01-11 11:20:39 - [TEST_STEP][PASSED] - delay(2): Delayed 2 second(s)

2019-01-11 11:20:41 - [MESSAGE][PASSED] - Delayed 2 second(s)

2019-01-11 11:20:41 - [TEST_STEP][PASSED] - closeBrowser(): Browser is closed

2019-01-11 11:20:42 - [MESSAGE][PASSED] - Browser is closed]]></system-out>
         <system-err><![CDATA[]]></system-err>
      </testcase>
      <testcase name="Test Cases/CRUD Data/Chrome Add Activity" classname="Test Cases/CRUD Data/Chrome Add Activity" status="PASSED">
         <system-out><![CDATA[2019-01-11 11:20:42 - [TEST_CASE][PASSED] - Test Cases/CRUD Data/Chrome Add Activity: Test Cases/CRUD Data/Chrome Add Activity

2019-01-11 11:20:43 - [TEST_STEP][PASSED] - openBrowser(""): Browser is opened with url: ''

2019-01-11 11:20:43 - [MESSAGE][INFO] - Starting 'Chrome' driver

2019-01-11 11:20:46 - [MESSAGE][PASSED] - Browser is opened with url: ''

2019-01-11 11:20:46 - [TEST_STEP][PASSED] - maximizeWindow(): Current window maximized

2019-01-11 11:20:47 - [MESSAGE][PASSED] - Current window maximized

2019-01-11 11:20:47 - [TEST_STEP][PASSED] - navigateToUrl("https://staging.poc.netzon.se/patient/list"): Navigate to 'https://staging.poc.netzon.se/patient/list' successfully

2019-01-11 11:20:59 - [MESSAGE][PASSED] - Navigate to 'https://staging.poc.netzon.se/patient/list' successfully

2019-01-11 11:20:59 - [TEST_STEP][PASSED] - click(findTestObject("Page_Professional/div_Jessica Chastain (2)")): Object: 'Object Repository/Page_Professional/div_Jessica Chastain (2)' is clicked on

2019-01-11 11:20:59 - [MESSAGE][PASSED] - Object: 'Object Repository/Page_Professional/div_Jessica Chastain (2)' is clicked on

2019-01-11 11:20:59 - [TEST_STEP][PASSED] - click(findTestObject("PlusSymbol")): Object: 'Object Repository/PlusSymbol' is clicked on

2019-01-11 11:21:01 - [MESSAGE][PASSED] - Object: 'Object Repository/PlusSymbol' is clicked on

2019-01-11 11:21:01 - [TEST_STEP][PASSED] - doubleClick(findTestObject("Page_Professional/div_Blood Pressure_mat-select-")): Object: 'Object Repository/Page_Professional/div_Blood Pressure_mat-select-' is double clicked on

2019-01-11 11:21:04 - [MESSAGE][PASSED] - Object: 'Object Repository/Page_Professional/div_Blood Pressure_mat-select-' is double clicked on

2019-01-11 11:21:04 - [TEST_STEP][PASSED] - click(findTestObject("Page_Professional/span_Blood Pressure")): Object: 'Object Repository/Page_Professional/span_Blood Pressure' is clicked on

2019-01-11 11:21:04 - [MESSAGE][PASSED] - Object: 'Object Repository/Page_Professional/span_Blood Pressure' is clicked on

2019-01-11 11:21:04 - [TEST_STEP][PASSED] - click(findTestObject("Page_Professional/button_Add")): Object: 'Object Repository/Page_Professional/button_Add' is clicked on

2019-01-11 11:21:05 - [MESSAGE][PASSED] - Object: 'Object Repository/Page_Professional/button_Add' is clicked on

2019-01-11 11:21:05 - [TEST_STEP][PASSED] - delay(3): Delayed 3 second(s)

2019-01-11 11:21:08 - [MESSAGE][PASSED] - Delayed 3 second(s)

2019-01-11 11:21:08 - [TEST_STEP][PASSED] - closeBrowser(): Browser is closed

2019-01-11 11:21:09 - [MESSAGE][PASSED] - Browser is closed]]></system-out>
         <system-err><![CDATA[]]></system-err>
      </testcase>
      <testcase name="Test Cases/CRUD Data/Chrome Delete Activity" classname="Test Cases/CRUD Data/Chrome Delete Activity" status="PASSED">
         <system-out><![CDATA[2019-01-11 11:21:09 - [TEST_CASE][PASSED] - Test Cases/CRUD Data/Chrome Delete Activity: Test Cases/CRUD Data/Chrome Delete Activity

2019-01-11 11:21:09 - [TEST_STEP][PASSED] - openBrowser(""): Browser is opened with url: ''

2019-01-11 11:21:09 - [MESSAGE][INFO] - Starting 'Chrome' driver

2019-01-11 11:21:12 - [MESSAGE][PASSED] - Browser is opened with url: ''

2019-01-11 11:21:12 - [TEST_STEP][PASSED] - maximizeWindow(): Current window maximized

2019-01-11 11:21:14 - [MESSAGE][PASSED] - Current window maximized

2019-01-11 11:21:14 - [TEST_STEP][PASSED] - navigateToUrl("https://staging.poc.netzon.se/patient/list"): Navigate to 'https://staging.poc.netzon.se/patient/list' successfully

2019-01-11 11:21:21 - [MESSAGE][PASSED] - Navigate to 'https://staging.poc.netzon.se/patient/list' successfully

2019-01-11 11:21:21 - [TEST_STEP][PASSED] - click(findTestObject("Page_Professional/div_Michael Bay")): Object: 'Object Repository/Page_Professional/div_Michael Bay' is clicked on

2019-01-11 11:21:21 - [MESSAGE][PASSED] - Object: 'Object Repository/Page_Professional/div_Michael Bay' is clicked on

2019-01-11 11:21:21 - [TEST_STEP][PASSED] - click(findTestObject("Page_Professional/div_Brie Larson (1)")): Object: 'Object Repository/Page_Professional/div_Brie Larson (1)' is clicked on

2019-01-11 11:21:21 - [MESSAGE][PASSED] - Object: 'Object Repository/Page_Professional/div_Brie Larson (1)' is clicked on

2019-01-11 11:21:21 - [TEST_STEP][PASSED] - click(findTestObject("Page_Professional/span_brie.larsonmailinator.com")): Object: 'Object Repository/Page_Professional/span_brie.larsonmailinator.com' is clicked on

2019-01-11 11:21:22 - [MESSAGE][PASSED] - Object: 'Object Repository/Page_Professional/span_brie.larsonmailinator.com' is clicked on

2019-01-11 11:21:22 - [TEST_STEP][PASSED] - click(findTestObject("Page_Professional/div_Jessica Chastain (3)")): Object: 'Object Repository/Page_Professional/div_Jessica Chastain (3)' is clicked on

2019-01-11 11:21:22 - [MESSAGE][PASSED] - Object: 'Object Repository/Page_Professional/div_Jessica Chastain (3)' is clicked on

2019-01-11 11:21:22 - [TEST_STEP][PASSED] - click(findTestObject("Page_Professional/div_Jessica Chastain (2)")): Object: 'Object Repository/Page_Professional/div_Jessica Chastain (2)' is clicked on

2019-01-11 11:21:23 - [MESSAGE][PASSED] - Object: 'Object Repository/Page_Professional/div_Jessica Chastain (2)' is clicked on

2019-01-11 11:21:23 - [TEST_STEP][PASSED] - click(findTestObject("Page_Professional/img_Activities_ng-tns-c1-0")): Object: 'Object Repository/Page_Professional/img_Activities_ng-tns-c1-0' is clicked on

2019-01-11 11:21:24 - [MESSAGE][PASSED] - Object: 'Object Repository/Page_Professional/img_Activities_ng-tns-c1-0' is clicked on

2019-01-11 11:21:24 - [TEST_STEP][PASSED] - doubleClick(findTestObject("Page_Professional/div_Blood Pressure_mat-select-")): Object: 'Object Repository/Page_Professional/div_Blood Pressure_mat-select-' is double clicked on

2019-01-11 11:21:25 - [MESSAGE][PASSED] - Object: 'Object Repository/Page_Professional/div_Blood Pressure_mat-select-' is double clicked on

2019-01-11 11:21:25 - [TEST_STEP][PASSED] - click(findTestObject("Page_Professional/span_Blood Pressure")): Object: 'Object Repository/Page_Professional/span_Blood Pressure' is clicked on

2019-01-11 11:21:26 - [MESSAGE][PASSED] - Object: 'Object Repository/Page_Professional/span_Blood Pressure' is clicked on

2019-01-11 11:21:26 - [TEST_STEP][PASSED] - click(findTestObject("Page_Professional/button_Add")): Object: 'Object Repository/Page_Professional/button_Add' is clicked on

2019-01-11 11:21:26 - [MESSAGE][PASSED] - Object: 'Object Repository/Page_Professional/button_Add' is clicked on

2019-01-11 11:21:26 - [TEST_STEP][PASSED] - delay(3): Delayed 3 second(s)

2019-01-11 11:21:29 - [MESSAGE][PASSED] - Delayed 3 second(s)

2019-01-11 11:21:29 - [TEST_STEP][PASSED] - click(findTestObject("Object Repository/2ndcheckbox")): Object: 'Object Repository/2ndcheckbox' is clicked on

2019-01-11 11:21:30 - [MESSAGE][PASSED] - Object: 'Object Repository/2ndcheckbox' is clicked on

2019-01-11 11:21:30 - [TEST_STEP][PASSED] - click(findTestObject("Page_Professional/img_Activities_ng-tns-c1-0 (5)")): Object: 'Object Repository/Page_Professional/img_Activities_ng-tns-c1-0 (5)' is clicked on

2019-01-11 11:21:30 - [MESSAGE][PASSED] - Object: 'Object Repository/Page_Professional/img_Activities_ng-tns-c1-0 (5)' is clicked on

2019-01-11 11:21:30 - [TEST_STEP][PASSED] - delay(1): Delayed 1 second(s)

2019-01-11 11:21:31 - [MESSAGE][PASSED] - Delayed 1 second(s)

2019-01-11 11:21:31 - [TEST_STEP][PASSED] - click(findTestObject("RemoveButton")): Object: 'Object Repository/RemoveButton' is clicked on

2019-01-11 11:21:32 - [MESSAGE][PASSED] - Object: 'Object Repository/RemoveButton' is clicked on

2019-01-11 11:21:32 - [TEST_STEP][PASSED] - delay(2): Delayed 2 second(s)

2019-01-11 11:21:34 - [MESSAGE][PASSED] - Delayed 2 second(s)

2019-01-11 11:21:34 - [TEST_STEP][PASSED] - closeBrowser(): Browser is closed

2019-01-11 11:21:35 - [MESSAGE][PASSED] - Browser is closed]]></system-out>
         <system-err><![CDATA[]]></system-err>
      </testcase>
      <testcase name="Test Cases/CRUD Data/Chrome Trial Test Case" classname="Test Cases/CRUD Data/Chrome Trial Test Case" status="PASSED">
         <system-out><![CDATA[2019-01-11 11:21:35 - [TEST_CASE][PASSED] - Test Cases/CRUD Data/Chrome Trial Test Case: Test Cases/CRUD Data/Chrome Trial Test Case

2019-01-11 11:21:36 - [TEST_STEP][PASSED] - openBrowser(""): Browser is opened with url: ''

2019-01-11 11:21:36 - [MESSAGE][INFO] - Starting 'Chrome' driver

2019-01-11 11:21:39 - [MESSAGE][PASSED] - Browser is opened with url: ''

2019-01-11 11:21:39 - [TEST_STEP][PASSED] - maximizeWindow(): Current window maximized

2019-01-11 11:21:40 - [MESSAGE][PASSED] - Current window maximized

2019-01-11 11:21:40 - [TEST_STEP][PASSED] - driver = getWebDriver(): null

2019-01-11 11:21:40 - [TEST_STEP][PASSED] - navigateToUrl("https://staging.poc.netzon.se/patient/list"): Navigate to 'https://staging.poc.netzon.se/patient/list' successfully

2019-01-11 11:21:47 - [MESSAGE][PASSED] - Navigate to 'https://staging.poc.netzon.se/patient/list' successfully

2019-01-11 11:21:47 - [TEST_STEP][PASSED] - click(findTestObject("Page_Professional/img_Activities_ng-tns-c1-0")): Object: 'Object Repository/Page_Professional/img_Activities_ng-tns-c1-0' is clicked on

2019-01-11 11:21:48 - [MESSAGE][PASSED] - Object: 'Object Repository/Page_Professional/img_Activities_ng-tns-c1-0' is clicked on

2019-01-11 11:21:48 - [TEST_STEP][PASSED] - doubleClick(findTestObject("Page_Professional/div_Blood Pressure_mat-select-")): Object: 'Object Repository/Page_Professional/div_Blood Pressure_mat-select-' is double clicked on

2019-01-11 11:21:49 - [MESSAGE][PASSED] - Object: 'Object Repository/Page_Professional/div_Blood Pressure_mat-select-' is double clicked on

2019-01-11 11:21:49 - [TEST_STEP][PASSED] - click(findTestObject("Page_Professional/span_Blood Pressure")): Object: 'Object Repository/Page_Professional/span_Blood Pressure' is clicked on

2019-01-11 11:21:50 - [MESSAGE][PASSED] - Object: 'Object Repository/Page_Professional/span_Blood Pressure' is clicked on

2019-01-11 11:21:50 - [TEST_STEP][PASSED] - delay(2): Delayed 2 second(s)

2019-01-11 11:21:52 - [MESSAGE][PASSED] - Delayed 2 second(s)

2019-01-11 11:21:52 - [TEST_STEP][PASSED] - xpath("//*[@id="mat-dialog-0"]/app-activity-add/div/div[2]/div[2]/mat-form-field/div/div[1]/div[2]/mat-datepicker-toggle/button")).click(): null

2019-01-11 11:21:53 - [TEST_STEP][PASSED] - delay(2): Delayed 2 second(s)

2019-01-11 11:21:55 - [MESSAGE][PASSED] - Delayed 2 second(s)

2019-01-11 11:21:55 - [TEST_STEP][PASSED] - xpath("//div[text()='9']")).click(): null

2019-01-11 11:21:55 - [TEST_STEP][PASSED] - delay(2): Delayed 2 second(s)

2019-01-11 11:21:57 - [MESSAGE][PASSED] - Delayed 2 second(s)

2019-01-11 11:21:57 - [TEST_STEP][PASSED] - closeBrowser(): Browser is closed

2019-01-11 11:21:58 - [MESSAGE][PASSED] - Browser is closed]]></system-out>
         <system-err><![CDATA[]]></system-err>
      </testcase>
      <testcase name="Test Cases/CRUD Data/Delete all Activity" classname="Test Cases/CRUD Data/Delete all Activity" status="PASSED">
         <system-out><![CDATA[2019-01-11 11:21:58 - [TEST_CASE][PASSED] - Test Cases/CRUD Data/Delete all Activity: Test Cases/CRUD Data/Delete all Activity

2019-01-11 11:21:59 - [TEST_STEP][PASSED] - openBrowser(""): Browser is opened with url: ''

2019-01-11 11:21:59 - [MESSAGE][INFO] - Starting 'Chrome' driver

2019-01-11 11:22:02 - [MESSAGE][PASSED] - Browser is opened with url: ''

2019-01-11 11:22:02 - [TEST_STEP][PASSED] - maximizeWindow(): Current window maximized

2019-01-11 11:22:03 - [MESSAGE][PASSED] - Current window maximized

2019-01-11 11:22:03 - [TEST_STEP][PASSED] - navigateToUrl("https://staging.poc.netzon.se/patient/list"): Navigate to 'https://staging.poc.netzon.se/patient/list' successfully

2019-01-11 11:22:10 - [MESSAGE][PASSED] - Navigate to 'https://staging.poc.netzon.se/patient/list' successfully

2019-01-11 11:22:10 - [TEST_STEP][PASSED] - click(findTestObject("Page_Professional/span_Jessica Chastain (1)")): Object: 'Object Repository/Page_Professional/span_Jessica Chastain (1)' is clicked on

2019-01-11 11:22:10 - [MESSAGE][PASSED] - Object: 'Object Repository/Page_Professional/span_Jessica Chastain (1)' is clicked on

2019-01-11 11:22:10 - [TEST_STEP][PASSED] - click(findTestObject("Page_Professional/div_Jessica Chastain (2)")): Object: 'Object Repository/Page_Professional/div_Jessica Chastain (2)' is clicked on

2019-01-11 11:22:11 - [MESSAGE][PASSED] - Object: 'Object Repository/Page_Professional/div_Jessica Chastain (2)' is clicked on

2019-01-11 11:22:11 - [TEST_STEP][PASSED] - click(findTestObject("Page_Professional/img_Activities_ng-tns-c1-0")): Object: 'Object Repository/Page_Professional/img_Activities_ng-tns-c1-0' is clicked on

2019-01-11 11:22:12 - [MESSAGE][PASSED] - Object: 'Object Repository/Page_Professional/img_Activities_ng-tns-c1-0' is clicked on

2019-01-11 11:22:12 - [TEST_STEP][PASSED] - click(findTestObject("Page_Professional/div_Blood Pressure_mat-select-")): Object: 'Object Repository/Page_Professional/div_Blood Pressure_mat-select-' is clicked on

2019-01-11 11:22:14 - [MESSAGE][PASSED] - Object: 'Object Repository/Page_Professional/div_Blood Pressure_mat-select-' is clicked on

2019-01-11 11:22:14 - [TEST_STEP][PASSED] - delay(1): Delayed 1 second(s)

2019-01-11 11:22:15 - [MESSAGE][PASSED] - Delayed 1 second(s)

2019-01-11 11:22:15 - [TEST_STEP][PASSED] - click(findTestObject("Page_Professional/span_Blood Pressure")): Object: 'Object Repository/Page_Professional/span_Blood Pressure' is clicked on

2019-01-11 11:22:15 - [MESSAGE][PASSED] - Object: 'Object Repository/Page_Professional/span_Blood Pressure' is clicked on

2019-01-11 11:22:15 - [TEST_STEP][PASSED] - click(findTestObject("Page_Professional/button_Add")): Object: 'Object Repository/Page_Professional/button_Add' is clicked on

2019-01-11 11:22:16 - [MESSAGE][PASSED] - Object: 'Object Repository/Page_Professional/button_Add' is clicked on

2019-01-11 11:22:16 - [TEST_STEP][PASSED] - delay(3): Delayed 3 second(s)

2019-01-11 11:22:19 - [MESSAGE][PASSED] - Delayed 3 second(s)

2019-01-11 11:22:19 - [TEST_STEP][PASSED] - click(findTestObject("Object Repository/Object Repository/deleteall_Checkbox")): Object: 'Object Repository/Object Repository/deleteall_Checkbox' is clicked on

2019-01-11 11:22:19 - [MESSAGE][PASSED] - Object: 'Object Repository/Object Repository/deleteall_Checkbox' is clicked on

2019-01-11 11:22:19 - [TEST_STEP][PASSED] - click(findTestObject("deleteImage")): Object: 'Object Repository/deleteImage' is clicked on

2019-01-11 11:22:19 - [MESSAGE][PASSED] - Object: 'Object Repository/deleteImage' is clicked on

2019-01-11 11:22:19 - [TEST_STEP][PASSED] - click(findTestObject("CancelDelete")): Object: 'Object Repository/CancelDelete' is clicked on

2019-01-11 11:22:20 - [MESSAGE][PASSED] - Object: 'Object Repository/CancelDelete' is clicked on

2019-01-11 11:22:20 - [TEST_STEP][PASSED] - delay(2): Delayed 2 second(s)

2019-01-11 11:22:22 - [MESSAGE][PASSED] - Delayed 2 second(s)

2019-01-11 11:22:22 - [TEST_STEP][PASSED] - closeBrowser(): Browser is closed

2019-01-11 11:22:23 - [MESSAGE][PASSED] - Browser is closed]]></system-out>
         <system-err><![CDATA[]]></system-err>
      </testcase>
      <testcase name="Test Cases/CRUD Data/BlankAddName" classname="Test Cases/CRUD Data/BlankAddName" status="PASSED">
         <system-out><![CDATA[2019-01-11 11:22:23 - [TEST_CASE][PASSED] - Test Cases/CRUD Data/BlankAddName: Test Cases/CRUD Data/BlankAddName

2019-01-11 11:22:23 - [TEST_STEP][PASSED] - openBrowser(""): Browser is opened with url: ''

2019-01-11 11:22:23 - [MESSAGE][INFO] - Starting 'Chrome' driver

2019-01-11 11:22:26 - [MESSAGE][PASSED] - Browser is opened with url: ''

2019-01-11 11:22:26 - [TEST_STEP][PASSED] - maximizeWindow(): Current window maximized

2019-01-11 11:22:28 - [MESSAGE][PASSED] - Current window maximized

2019-01-11 11:22:28 - [TEST_STEP][PASSED] - navigateToUrl("https://staging.poc.netzon.se/patient/list"): Navigate to 'https://staging.poc.netzon.se/patient/list' successfully

2019-01-11 11:22:33 - [MESSAGE][PASSED] - Navigate to 'https://staging.poc.netzon.se/patient/list' successfully

2019-01-11 11:22:33 - [TEST_STEP][PASSED] - click(findTestObject("Page_Professional/img_Activities_ng-tns-c1-0")): Object: 'Object Repository/Page_Professional/img_Activities_ng-tns-c1-0' is clicked on

2019-01-11 11:22:34 - [MESSAGE][PASSED] - Object: 'Object Repository/Page_Professional/img_Activities_ng-tns-c1-0' is clicked on

2019-01-11 11:22:34 - [TEST_STEP][PASSED] - click(findTestObject("Page_Professional/button_Add")): Object: 'Object Repository/Page_Professional/button_Add' is clicked on

2019-01-11 11:22:35 - [MESSAGE][PASSED] - Object: 'Object Repository/Page_Professional/button_Add' is clicked on

2019-01-11 11:22:35 - [TEST_STEP][PASSED] - verifyElementPresent(findTestObject("TypeError"), 1): Object 'Object Repository/TypeError' is present

2019-01-11 11:22:36 - [MESSAGE][PASSED] - Object 'Object Repository/TypeError' is present

2019-01-11 11:22:36 - [TEST_STEP][PASSED] - closeBrowser(): Browser is closed

2019-01-11 11:22:37 - [MESSAGE][PASSED] - Browser is closed]]></system-out>
         <system-err><![CDATA[]]></system-err>
      </testcase>
      <testcase name="Test Cases/CancelAllDelete" classname="Test Cases/CancelAllDelete" status="PASSED">
         <system-out><![CDATA[2019-01-11 11:22:37 - [TEST_CASE][PASSED] - Test Cases/CancelAllDelete: Test Cases/CancelAllDelete

2019-01-11 11:22:38 - [TEST_STEP][PASSED] - openBrowser(""): Browser is opened with url: ''

2019-01-11 11:22:38 - [MESSAGE][INFO] - Starting 'Chrome' driver

2019-01-11 11:22:41 - [MESSAGE][PASSED] - Browser is opened with url: ''

2019-01-11 11:22:41 - [TEST_STEP][PASSED] - maximizeWindow(): Current window maximized

2019-01-11 11:22:42 - [MESSAGE][PASSED] - Current window maximized

2019-01-11 11:22:42 - [TEST_STEP][PASSED] - navigateToUrl("https://staging.poc.netzon.se/patient/list"): Navigate to 'https://staging.poc.netzon.se/patient/list' successfully

2019-01-11 11:22:48 - [MESSAGE][PASSED] - Navigate to 'https://staging.poc.netzon.se/patient/list' successfully

2019-01-11 11:22:48 - [TEST_STEP][PASSED] - click(findTestObject("Page_Professional/span_Jessica Chastain (1)")): Object: 'Object Repository/Page_Professional/span_Jessica Chastain (1)' is clicked on

2019-01-11 11:22:49 - [MESSAGE][PASSED] - Object: 'Object Repository/Page_Professional/span_Jessica Chastain (1)' is clicked on

2019-01-11 11:22:49 - [TEST_STEP][PASSED] - click(findTestObject("Page_Professional/div_Jessica Chastain (2)")): Object: 'Object Repository/Page_Professional/div_Jessica Chastain (2)' is clicked on

2019-01-11 11:22:50 - [MESSAGE][PASSED] - Object: 'Object Repository/Page_Professional/div_Jessica Chastain (2)' is clicked on

2019-01-11 11:22:50 - [TEST_STEP][PASSED] - click(findTestObject("Page_Professional/img_Activities_ng-tns-c1-0")): Object: 'Object Repository/Page_Professional/img_Activities_ng-tns-c1-0' is clicked on

2019-01-11 11:22:51 - [MESSAGE][PASSED] - Object: 'Object Repository/Page_Professional/img_Activities_ng-tns-c1-0' is clicked on

2019-01-11 11:22:51 - [TEST_STEP][PASSED] - click(findTestObject("Page_Professional/div_Blood Pressure_mat-select-")): Object: 'Object Repository/Page_Professional/div_Blood Pressure_mat-select-' is clicked on

2019-01-11 11:22:52 - [MESSAGE][PASSED] - Object: 'Object Repository/Page_Professional/div_Blood Pressure_mat-select-' is clicked on

2019-01-11 11:22:52 - [TEST_STEP][PASSED] - delay(1): Delayed 1 second(s)

2019-01-11 11:22:53 - [MESSAGE][PASSED] - Delayed 1 second(s)

2019-01-11 11:22:53 - [TEST_STEP][PASSED] - click(findTestObject("Page_Professional/span_Blood Pressure")): Object: 'Object Repository/Page_Professional/span_Blood Pressure' is clicked on

2019-01-11 11:22:54 - [MESSAGE][PASSED] - Object: 'Object Repository/Page_Professional/span_Blood Pressure' is clicked on

2019-01-11 11:22:54 - [TEST_STEP][PASSED] - click(findTestObject("Page_Professional/button_Add")): Object: 'Object Repository/Page_Professional/button_Add' is clicked on

2019-01-11 11:22:54 - [MESSAGE][PASSED] - Object: 'Object Repository/Page_Professional/button_Add' is clicked on

2019-01-11 11:22:54 - [TEST_STEP][PASSED] - delay(3): Delayed 3 second(s)

2019-01-11 11:22:57 - [MESSAGE][PASSED] - Delayed 3 second(s)

2019-01-11 11:22:57 - [TEST_STEP][PASSED] - click(findTestObject("Object Repository/Object Repository/deleteall_Checkbox")): Object: 'Object Repository/Object Repository/deleteall_Checkbox' is clicked on

2019-01-11 11:22:58 - [MESSAGE][PASSED] - Object: 'Object Repository/Object Repository/deleteall_Checkbox' is clicked on

2019-01-11 11:22:58 - [TEST_STEP][PASSED] - click(findTestObject("deleteImage")): Object: 'Object Repository/deleteImage' is clicked on

2019-01-11 11:22:58 - [MESSAGE][PASSED] - Object: 'Object Repository/deleteImage' is clicked on

2019-01-11 11:22:58 - [TEST_STEP][PASSED] - click(findTestObject("CancelDelete")): Object: 'Object Repository/CancelDelete' is clicked on

2019-01-11 11:22:59 - [MESSAGE][PASSED] - Object: 'Object Repository/CancelDelete' is clicked on

2019-01-11 11:22:59 - [TEST_STEP][PASSED] - delay(2): Delayed 2 second(s)

2019-01-11 11:23:01 - [MESSAGE][PASSED] - Delayed 2 second(s)

2019-01-11 11:23:01 - [TEST_STEP][PASSED] - closeBrowser(): Browser is closed

2019-01-11 11:23:02 - [MESSAGE][PASSED] - Browser is closed]]></system-out>
         <system-err><![CDATA[]]></system-err>
      </testcase>
      <testcase name="Test Cases/CRUD Data/Add Activity with Date" classname="Test Cases/CRUD Data/Add Activity with Date" status="PASSED">
         <system-out><![CDATA[2019-01-11 11:23:02 - [TEST_CASE][PASSED] - Test Cases/CRUD Data/Add Activity with Date: Test Cases/CRUD Data/Add Activity with Date

2019-01-11 11:23:03 - [TEST_STEP][PASSED] - openBrowser(""): Browser is opened with url: ''

2019-01-11 11:23:03 - [MESSAGE][INFO] - Starting 'Chrome' driver

2019-01-11 11:23:06 - [MESSAGE][PASSED] - Browser is opened with url: ''

2019-01-11 11:23:06 - [TEST_STEP][PASSED] - maximizeWindow(): Current window maximized

2019-01-11 11:23:07 - [MESSAGE][PASSED] - Current window maximized

2019-01-11 11:23:07 - [TEST_STEP][PASSED] - navigateToUrl("https://staging.poc.netzon.se/patient/list"): Navigate to 'https://staging.poc.netzon.se/patient/list' successfully

2019-01-11 11:23:13 - [MESSAGE][PASSED] - Navigate to 'https://staging.poc.netzon.se/patient/list' successfully

2019-01-11 11:23:13 - [TEST_STEP][PASSED] - click(findTestObject("Object Repository/Page_Professional/img_Activities_ng-tns-c1-0 (3) (1)")): Object: 'Object Repository/Page_Professional/img_Activities_ng-tns-c1-0 (3) (1)' is clicked on

2019-01-11 11:23:14 - [MESSAGE][PASSED] - Object: 'Object Repository/Page_Professional/img_Activities_ng-tns-c1-0 (3) (1)' is clicked on

2019-01-11 11:23:14 - [TEST_STEP][PASSED] - click(findTestObject("Object Repository/Page_Professional/div_Type_mat-select-arrow (2) (1)")): Object: 'Object Repository/Page_Professional/div_Type_mat-select-arrow (2) (1)' is clicked on

2019-01-11 11:23:16 - [MESSAGE][PASSED] - Object: 'Object Repository/Page_Professional/div_Type_mat-select-arrow (2) (1)' is clicked on

2019-01-11 11:23:16 - [TEST_STEP][PASSED] - delay(1): Delayed 1 second(s)

2019-01-11 11:23:17 - [MESSAGE][PASSED] - Delayed 1 second(s)

2019-01-11 11:23:17 - [TEST_STEP][PASSED] - click(findTestObject("Object Repository/Page_Professional/span_Blood Pressure (3)")): Object: 'Object Repository/Page_Professional/span_Blood Pressure (3)' is clicked on

2019-01-11 11:23:17 - [MESSAGE][PASSED] - Object: 'Object Repository/Page_Professional/span_Blood Pressure (3)' is clicked on

2019-01-11 11:23:17 - [TEST_STEP][PASSED] - click(findTestObject("Object Repository/Page_Professional/button_Date_mat-icon-button cd")): Object: 'Object Repository/Page_Professional/button_Date_mat-icon-button cd' is clicked on

2019-01-11 11:23:18 - [MESSAGE][PASSED] - Object: 'Object Repository/Page_Professional/button_Date_mat-icon-button cd' is clicked on

2019-01-11 11:23:18 - [TEST_STEP][PASSED] - delay(1): Delayed 1 second(s)

2019-01-11 11:23:19 - [MESSAGE][PASSED] - Delayed 1 second(s)

2019-01-11 11:23:19 - [TEST_STEP][PASSED] - click(findTestObject("Object Repository/Page_Professional/div_14 (1)")): Object: 'Object Repository/Page_Professional/div_14 (1)' is clicked on

2019-01-11 11:23:20 - [MESSAGE][PASSED] - Object: 'Object Repository/Page_Professional/div_14 (1)' is clicked on

2019-01-11 11:23:20 - [TEST_STEP][PASSED] - delay(1): Delayed 1 second(s)

2019-01-11 11:23:21 - [MESSAGE][PASSED] - Delayed 1 second(s)

2019-01-11 11:23:21 - [TEST_STEP][PASSED] - click(findTestObject("Object Repository/Page_Professional/button_Add (3)")): Object: 'Object Repository/Page_Professional/button_Add (3)' is clicked on

2019-01-11 11:23:21 - [MESSAGE][PASSED] - Object: 'Object Repository/Page_Professional/button_Add (3)' is clicked on

2019-01-11 11:23:21 - [TEST_STEP][PASSED] - delay(2): Delayed 2 second(s)

2019-01-11 11:23:23 - [MESSAGE][PASSED] - Delayed 2 second(s)

2019-01-11 11:23:23 - [TEST_STEP][PASSED] - closeBrowser(): Browser is closed

2019-01-11 11:23:24 - [MESSAGE][PASSED] - Browser is closed]]></system-out>
         <system-err><![CDATA[]]></system-err>
      </testcase>
      <testcase name="Test Cases/Show Graph" classname="Test Cases/Show Graph" status="PASSED">
         <system-out><![CDATA[2019-01-11 11:23:24 - [TEST_CASE][PASSED] - Test Cases/Show Graph: Test Cases/Show Graph

2019-01-11 11:23:25 - [TEST_STEP][PASSED] - openBrowser(""): Browser is opened with url: ''

2019-01-11 11:23:25 - [MESSAGE][INFO] - Starting 'Chrome' driver

2019-01-11 11:23:28 - [MESSAGE][PASSED] - Browser is opened with url: ''

2019-01-11 11:23:28 - [TEST_STEP][PASSED] - maximizeWindow(): Current window maximized

2019-01-11 11:23:29 - [MESSAGE][PASSED] - Current window maximized

2019-01-11 11:23:29 - [TEST_STEP][PASSED] - navigateToUrl("https://poc.netzon.se/patient/list"): Navigate to 'https://poc.netzon.se/patient/list' successfully

2019-01-11 11:23:35 - [MESSAGE][PASSED] - Navigate to 'https://poc.netzon.se/patient/list' successfully

2019-01-11 11:23:35 - [TEST_STEP][PASSED] - click(findTestObject("Object Repository/Page_Professional/div_Jessica Chastain")): Object: 'Object Repository/Page_Professional/div_Jessica Chastain' is clicked on

2019-01-11 11:23:35 - [MESSAGE][PASSED] - Object: 'Object Repository/Page_Professional/div_Jessica Chastain' is clicked on

2019-01-11 11:23:35 - [TEST_STEP][PASSED] - click(findTestObject("Object Repository/Page_Professional/div_Brie Larson  brie.larsonma")): Object: 'Object Repository/Page_Professional/div_Brie Larson  brie.larsonma' is clicked on

2019-01-11 11:23:36 - [MESSAGE][PASSED] - Object: 'Object Repository/Page_Professional/div_Brie Larson  brie.larsonma' is clicked on

2019-01-11 11:23:36 - [TEST_STEP][PASSED] - click(findTestObject("Object Repository/Page_Professional/div_Jessica Chastain")): Object: 'Object Repository/Page_Professional/div_Jessica Chastain' is clicked on

2019-01-11 11:23:36 - [MESSAGE][PASSED] - Object: 'Object Repository/Page_Professional/div_Jessica Chastain' is clicked on

2019-01-11 11:23:36 - [TEST_STEP][PASSED] - click(findTestObject("Object Repository/Page_Professional/div_James Franco  james.franco")): Object: 'Object Repository/Page_Professional/div_James Franco  james.franco' is clicked on

2019-01-11 11:23:36 - [MESSAGE][PASSED] - Object: 'Object Repository/Page_Professional/div_James Franco  james.franco' is clicked on

2019-01-11 11:23:36 - [TEST_STEP][PASSED] - click(findTestObject("Object Repository/Page_Professional/span_Show Graph (1)")): Object: 'Object Repository/Page_Professional/span_Show Graph (1)' is clicked on

2019-01-11 11:23:37 - [MESSAGE][PASSED] - Object: 'Object Repository/Page_Professional/span_Show Graph (1)' is clicked on

2019-01-11 11:23:37 - [TEST_STEP][PASSED] - delay(3): Delayed 3 second(s)

2019-01-11 11:23:40 - [MESSAGE][PASSED] - Delayed 3 second(s)

2019-01-11 11:23:40 - [TEST_STEP][PASSED] - click(findTestObject("Object Repository/Page_Professional/span_Hide Graph")): Object: 'Object Repository/Page_Professional/span_Hide Graph' is clicked on

2019-01-11 11:23:40 - [MESSAGE][PASSED] - Object: 'Object Repository/Page_Professional/span_Hide Graph' is clicked on

2019-01-11 11:23:40 - [TEST_STEP][PASSED] - closeBrowser(): Browser is closed

2019-01-11 11:23:41 - [MESSAGE][PASSED] - Browser is closed]]></system-out>
         <system-err><![CDATA[]]></system-err>
      </testcase>
      <system-out><![CDATA[2019-01-11 11:20:04 - [TEST_SUITE][PASSED] - Chrome Test Suite Case: Test Cases/Show Graph]]></system-out>
      <system-err><![CDATA[]]></system-err>
   </testsuite>
</testsuites>
