<?xml version="1.0" encoding="UTF-8"?>
<testsuites name="Firefox Test Suite Case" time="243" tests="9" failures="0" errors="0">
   <testsuite name="Firefox Test Suite Case" tests="9" failures="0" errors="0" time="243" timestamp="2019-01-10 12:11:49" hostname="netzon.rhobert - netzon-jlaw" id="Test Suites/Firefox Test Suite Case">
      <properties>
         <property name="deviceName" value=""/>
         <property name="devicePlatform" value=""/>
         <property name="logFolder" value="C:\\Users\\netzon.rhobert\\git\\POC HOPE\\Reports\\Firefox Test Suite Case\\20190110_121138"/>
         <property name="logFiles" value="C:\\Users\\netzon.rhobert\\git\\POC HOPE\\Reports\\Firefox Test Suite Case\\20190110_121138\\execution0.log"/>
         <property name="attachments" value=""/>
         <property name="hostName" value="netzon.rhobert - netzon-jlaw"/>
         <property name="os" value="Windows 10 64bit"/>
         <property name="katalonVersion" value="5.10.1.1"/>
         <property name="browser" value="Firefox 60.0"/>
         <property name="hostAddress" value="10.0.75.1"/>
         <property name="sessionId" value="118ab8d5-6990-4c80-b587-bcc20a470435"/>
         <property name="seleniumVersion" value="3.7.1"/>
         <property name="proxyInformation" value="ProxyInformation{proxyOption=NO_PROXY, proxyServerType=HTTP, password=, proxyServerAddress=, proxyServerPort=0}"/>
         <property name="platform" value="Windows 10"/>
      </properties>
      <testcase name="Test Cases/CRUD Data/Add Activity with Time and Date" classname="Test Cases/CRUD Data/Add Activity with Time and Date" status="PASSED">
         <system-out><![CDATA[2019-01-10 12:11:50 - [TEST_CASE][PASSED] - Test Cases/CRUD Data/Add Activity with Time and Date: Test Cases/CRUD Data/Add Activity with Time and Date

2019-01-10 12:11:51 - [TEST_STEP][PASSED] - openBrowser(""): Browser is opened with url: ''

2019-01-10 12:11:52 - [MESSAGE][INFO] - Starting 'Firefox' driver

2019-01-10 12:11:52 - [MESSAGE][INFO] - Action delay is set to 0 seconds

2019-01-10 12:12:02 - [MESSAGE][PASSED] - Browser is opened with url: ''

2019-01-10 12:12:02 - [TEST_STEP][PASSED] - navigateToUrl("https://staging.poc.netzon.se/patient/list"): Navigate to 'https://staging.poc.netzon.se/patient/list' successfully

2019-01-10 12:12:13 - [MESSAGE][PASSED] - Navigate to 'https://staging.poc.netzon.se/patient/list' successfully

2019-01-10 12:12:13 - [TEST_STEP][PASSED] - click(findTestObject("Page_Professional/div_Jessica Chastain")): Object: 'Object Repository/Page_Professional/div_Jessica Chastain' is clicked on

2019-01-10 12:12:14 - [MESSAGE][PASSED] - Object: 'Object Repository/Page_Professional/div_Jessica Chastain' is clicked on

2019-01-10 12:12:14 - [TEST_STEP][PASSED] - click(findTestObject("Page_Professional/img_Activities_ng-tns-c1-0 (3) (1) (1)")): Object: 'Object Repository/Page_Professional/img_Activities_ng-tns-c1-0 (3) (1) (1)' is clicked on

2019-01-10 12:12:15 - [MESSAGE][PASSED] - Object: 'Object Repository/Page_Professional/img_Activities_ng-tns-c1-0 (3) (1) (1)' is clicked on

2019-01-10 12:12:15 - [TEST_STEP][PASSED] - click(findTestObject("Page_Professional/div_Type_mat-select-arrow (2) (1) (1)")): Object: 'Object Repository/Page_Professional/div_Type_mat-select-arrow (2) (1) (1)' is clicked on

2019-01-10 12:12:16 - [MESSAGE][PASSED] - Object: 'Object Repository/Page_Professional/div_Type_mat-select-arrow (2) (1) (1)' is clicked on

2019-01-10 12:12:16 - [TEST_STEP][PASSED] - delay(1): Delayed 1 second(s)

2019-01-10 12:12:17 - [MESSAGE][PASSED] - Delayed 1 second(s)

2019-01-10 12:12:17 - [TEST_STEP][PASSED] - click(findTestObject("Page_Professional/span_Blood Pressure (3) (1)")): Object: 'Object Repository/Page_Professional/span_Blood Pressure (3) (1)' is clicked on

2019-01-10 12:12:17 - [MESSAGE][PASSED] - Object: 'Object Repository/Page_Professional/span_Blood Pressure (3) (1)' is clicked on

2019-01-10 12:12:17 - [TEST_STEP][PASSED] - click(findTestObject("Page_Professional/button_Date_mat-icon-button cd (1)")): Object: 'Object Repository/Page_Professional/button_Date_mat-icon-button cd (1)' is clicked on

2019-01-10 12:12:18 - [MESSAGE][PASSED] - Object: 'Object Repository/Page_Professional/button_Date_mat-icon-button cd (1)' is clicked on

2019-01-10 12:12:18 - [TEST_STEP][PASSED] - delay(1): Delayed 1 second(s)

2019-01-10 12:12:19 - [MESSAGE][PASSED] - Delayed 1 second(s)

2019-01-10 12:12:19 - [TEST_STEP][PASSED] - click(findTestObject("Page_Professional/div_14 (1) (1)")): Object: 'Object Repository/Page_Professional/div_14 (1) (1)' is clicked on

2019-01-10 12:12:19 - [MESSAGE][PASSED] - Object: 'Object Repository/Page_Professional/div_14 (1) (1)' is clicked on

2019-01-10 12:12:19 - [TEST_STEP][PASSED] - delay(1): Delayed 1 second(s)

2019-01-10 12:12:20 - [MESSAGE][PASSED] - Delayed 1 second(s)

2019-01-10 12:12:20 - [TEST_STEP][PASSED] - click(findTestObject("Page_Professional/mat-icon_access_time (1)")): Object: 'Object Repository/Page_Professional/mat-icon_access_time (1)' is clicked on

2019-01-10 12:12:21 - [MESSAGE][PASSED] - Object: 'Object Repository/Page_Professional/mat-icon_access_time (1)' is clicked on

2019-01-10 12:12:21 - [TEST_STEP][PASSED] - delay(1): Delayed 1 second(s)

2019-01-10 12:12:22 - [MESSAGE][PASSED] - Delayed 1 second(s)

2019-01-10 12:12:22 - [TEST_STEP][PASSED] - click(findTestObject("Page_Professional/span_14 (1)")): Object: 'Object Repository/Page_Professional/span_14 (1)' is clicked on

2019-01-10 12:12:23 - [MESSAGE][PASSED] - Object: 'Object Repository/Page_Professional/span_14 (1)' is clicked on

2019-01-10 12:12:23 - [TEST_STEP][PASSED] - delay(1): Delayed 1 second(s)

2019-01-10 12:12:24 - [MESSAGE][PASSED] - Delayed 1 second(s)

2019-01-10 12:12:24 - [TEST_STEP][PASSED] - click(findTestObject("Page_Professional/span_Ok (1)")): Object: 'Object Repository/Page_Professional/span_Ok (1)' is clicked on

2019-01-10 12:12:24 - [MESSAGE][PASSED] - Object: 'Object Repository/Page_Professional/span_Ok (1)' is clicked on

2019-01-10 12:12:24 - [TEST_STEP][PASSED] - delay(1): Delayed 1 second(s)

2019-01-10 12:12:25 - [MESSAGE][PASSED] - Delayed 1 second(s)

2019-01-10 12:12:25 - [TEST_STEP][PASSED] - click(findTestObject("AddButton")): Object: 'Object Repository/AddButton' is clicked on

2019-01-10 12:12:26 - [MESSAGE][PASSED] - Object: 'Object Repository/AddButton' is clicked on

2019-01-10 12:12:26 - [TEST_STEP][PASSED] - delay(2): Delayed 2 second(s)

2019-01-10 12:12:28 - [MESSAGE][PASSED] - Delayed 2 second(s)

2019-01-10 12:12:28 - [TEST_STEP][PASSED] - closeBrowser(): Browser is closed

2019-01-10 12:12:30 - [MESSAGE][PASSED] - Browser is closed]]></system-out>
         <system-err><![CDATA[]]></system-err>
      </testcase>
      <testcase name="Test Cases/CRUD Data/Delete all Activity" classname="Test Cases/CRUD Data/Delete all Activity" status="PASSED">
         <system-out><![CDATA[2019-01-10 12:12:30 - [TEST_CASE][PASSED] - Test Cases/CRUD Data/Delete all Activity: Test Cases/CRUD Data/Delete all Activity

2019-01-10 12:12:30 - [TEST_STEP][PASSED] - openBrowser(""): Browser is opened with url: ''

2019-01-10 12:12:30 - [MESSAGE][INFO] - Starting 'Firefox' driver

2019-01-10 12:12:38 - [MESSAGE][PASSED] - Browser is opened with url: ''

2019-01-10 12:12:38 - [TEST_STEP][PASSED] - navigateToUrl("https://staging.poc.netzon.se/patient/list"): Navigate to 'https://staging.poc.netzon.se/patient/list' successfully

2019-01-10 12:12:47 - [MESSAGE][PASSED] - Navigate to 'https://staging.poc.netzon.se/patient/list' successfully

2019-01-10 12:12:47 - [TEST_STEP][PASSED] - click(findTestObject("Page_Professional/span_Jessica Chastain (1)")): Object: 'Object Repository/Page_Professional/span_Jessica Chastain (1)' is clicked on

2019-01-10 12:12:48 - [MESSAGE][PASSED] - Object: 'Object Repository/Page_Professional/span_Jessica Chastain (1)' is clicked on

2019-01-10 12:12:48 - [TEST_STEP][PASSED] - click(findTestObject("Page_Professional/div_Jessica Chastain (2)")): Object: 'Object Repository/Page_Professional/div_Jessica Chastain (2)' is clicked on

2019-01-10 12:12:49 - [MESSAGE][PASSED] - Object: 'Object Repository/Page_Professional/div_Jessica Chastain (2)' is clicked on

2019-01-10 12:12:49 - [TEST_STEP][PASSED] - click(findTestObject("Page_Professional/img_Activities_ng-tns-c1-0")): Object: 'Object Repository/Page_Professional/img_Activities_ng-tns-c1-0' is clicked on

2019-01-10 12:12:50 - [MESSAGE][PASSED] - Object: 'Object Repository/Page_Professional/img_Activities_ng-tns-c1-0' is clicked on

2019-01-10 12:12:50 - [TEST_STEP][PASSED] - click(findTestObject("Page_Professional/div_Blood Pressure_mat-select-")): Object: 'Object Repository/Page_Professional/div_Blood Pressure_mat-select-' is clicked on

2019-01-10 12:12:50 - [MESSAGE][PASSED] - Object: 'Object Repository/Page_Professional/div_Blood Pressure_mat-select-' is clicked on

2019-01-10 12:12:50 - [TEST_STEP][PASSED] - delay(1): Delayed 1 second(s)

2019-01-10 12:12:51 - [MESSAGE][PASSED] - Delayed 1 second(s)

2019-01-10 12:12:51 - [TEST_STEP][PASSED] - click(findTestObject("Page_Professional/span_Blood Pressure")): Object: 'Object Repository/Page_Professional/span_Blood Pressure' is clicked on

2019-01-10 12:12:52 - [MESSAGE][PASSED] - Object: 'Object Repository/Page_Professional/span_Blood Pressure' is clicked on

2019-01-10 12:12:52 - [TEST_STEP][PASSED] - click(findTestObject("Page_Professional/button_Add")): Object: 'Object Repository/Page_Professional/button_Add' is clicked on

2019-01-10 12:12:52 - [MESSAGE][PASSED] - Object: 'Object Repository/Page_Professional/button_Add' is clicked on

2019-01-10 12:12:52 - [TEST_STEP][PASSED] - delay(3): Delayed 3 second(s)

2019-01-10 12:12:55 - [MESSAGE][PASSED] - Delayed 3 second(s)

2019-01-10 12:12:55 - [TEST_STEP][PASSED] - click(findTestObject("Object Repository/Object Repository/deleteall_Checkbox")): Object: 'Object Repository/Object Repository/deleteall_Checkbox' is clicked on

2019-01-10 12:12:56 - [MESSAGE][PASSED] - Object: 'Object Repository/Object Repository/deleteall_Checkbox' is clicked on

2019-01-10 12:12:56 - [TEST_STEP][PASSED] - click(findTestObject("deleteImage")): Object: 'Object Repository/deleteImage' is clicked on

2019-01-10 12:12:56 - [MESSAGE][PASSED] - Object: 'Object Repository/deleteImage' is clicked on

2019-01-10 12:12:56 - [TEST_STEP][PASSED] - click(findTestObject("CancelDelete")): Object: 'Object Repository/CancelDelete' is clicked on

2019-01-10 12:12:56 - [MESSAGE][PASSED] - Object: 'Object Repository/CancelDelete' is clicked on

2019-01-10 12:12:56 - [TEST_STEP][PASSED] - delay(2): Delayed 2 second(s)

2019-01-10 12:12:58 - [MESSAGE][PASSED] - Delayed 2 second(s)

2019-01-10 12:12:58 - [TEST_STEP][PASSED] - closeBrowser(): Browser is closed

2019-01-10 12:13:00 - [MESSAGE][PASSED] - Browser is closed]]></system-out>
         <system-err><![CDATA[]]></system-err>
      </testcase>
      <testcase name="Test Cases/CRUD Data/Firefox Add Activity" classname="Test Cases/CRUD Data/Firefox Add Activity" status="PASSED">
         <system-out><![CDATA[2019-01-10 12:13:00 - [TEST_CASE][PASSED] - Test Cases/CRUD Data/Firefox Add Activity: Test Cases/CRUD Data/Firefox Add Activity

2019-01-10 12:13:00 - [TEST_STEP][PASSED] - openBrowser(""): Browser is opened with url: ''

2019-01-10 12:13:00 - [MESSAGE][INFO] - Starting 'Firefox' driver

2019-01-10 12:13:06 - [MESSAGE][PASSED] - Browser is opened with url: ''

2019-01-10 12:13:06 - [TEST_STEP][PASSED] - navigateToUrl("https://staging.poc.netzon.se/patient/list"): Navigate to 'https://staging.poc.netzon.se/patient/list' successfully

2019-01-10 12:13:13 - [MESSAGE][PASSED] - Navigate to 'https://staging.poc.netzon.se/patient/list' successfully

2019-01-10 12:13:13 - [TEST_STEP][PASSED] - click(findTestObject("Page_Professional/div_Jessica Chastain (2)")): Object: 'Object Repository/Page_Professional/div_Jessica Chastain (2)' is clicked on

2019-01-10 12:13:14 - [MESSAGE][PASSED] - Object: 'Object Repository/Page_Professional/div_Jessica Chastain (2)' is clicked on

2019-01-10 12:13:14 - [TEST_STEP][PASSED] - click(findTestObject("PlusSymbol")): Object: 'Object Repository/PlusSymbol' is clicked on

2019-01-10 12:13:15 - [MESSAGE][PASSED] - Object: 'Object Repository/PlusSymbol' is clicked on

2019-01-10 12:13:15 - [TEST_STEP][PASSED] - click(findTestObject("Page_Professional/div_Blood Pressure_mat-select-")): Object: 'Object Repository/Page_Professional/div_Blood Pressure_mat-select-' is clicked on

2019-01-10 12:13:16 - [MESSAGE][PASSED] - Object: 'Object Repository/Page_Professional/div_Blood Pressure_mat-select-' is clicked on

2019-01-10 12:13:16 - [TEST_STEP][PASSED] - click(findTestObject("Page_Professional/span_Blood Pressure")): Object: 'Object Repository/Page_Professional/span_Blood Pressure' is clicked on

2019-01-10 12:13:16 - [MESSAGE][PASSED] - Object: 'Object Repository/Page_Professional/span_Blood Pressure' is clicked on

2019-01-10 12:13:16 - [TEST_STEP][PASSED] - click(findTestObject("Page_Professional/button_Add")): Object: 'Object Repository/Page_Professional/button_Add' is clicked on

2019-01-10 12:13:17 - [MESSAGE][PASSED] - Object: 'Object Repository/Page_Professional/button_Add' is clicked on

2019-01-10 12:13:17 - [TEST_STEP][PASSED] - delay(3): Delayed 3 second(s)

2019-01-10 12:13:20 - [MESSAGE][PASSED] - Delayed 3 second(s)

2019-01-10 12:13:20 - [TEST_STEP][PASSED] - closeBrowser(): Browser is closed

2019-01-10 12:13:21 - [MESSAGE][PASSED] - Browser is closed]]></system-out>
         <system-err><![CDATA[]]></system-err>
      </testcase>
      <testcase name="Test Cases/CRUD Data/Firefox Delete Activity" classname="Test Cases/CRUD Data/Firefox Delete Activity" status="PASSED">
         <system-out><![CDATA[2019-01-10 12:13:21 - [TEST_CASE][PASSED] - Test Cases/CRUD Data/Firefox Delete Activity: Test Cases/CRUD Data/Firefox Delete Activity

2019-01-10 12:13:22 - [TEST_STEP][PASSED] - openBrowser(""): Browser is opened with url: ''

2019-01-10 12:13:22 - [MESSAGE][INFO] - Starting 'Firefox' driver

2019-01-10 12:13:27 - [MESSAGE][PASSED] - Browser is opened with url: ''

2019-01-10 12:13:27 - [TEST_STEP][PASSED] - navigateToUrl("https://staging.poc.netzon.se/patient/list"): Navigate to 'https://staging.poc.netzon.se/patient/list' successfully

2019-01-10 12:13:36 - [MESSAGE][PASSED] - Navigate to 'https://staging.poc.netzon.se/patient/list' successfully

2019-01-10 12:13:36 - [TEST_STEP][PASSED] - click(findTestObject("Page_Professional/div_Michael Bay")): Object: 'Object Repository/Page_Professional/div_Michael Bay' is clicked on

2019-01-10 12:13:36 - [MESSAGE][PASSED] - Object: 'Object Repository/Page_Professional/div_Michael Bay' is clicked on

2019-01-10 12:13:36 - [TEST_STEP][PASSED] - click(findTestObject("Page_Professional/div_Brie Larson (1)")): Object: 'Object Repository/Page_Professional/div_Brie Larson (1)' is clicked on

2019-01-10 12:13:37 - [MESSAGE][PASSED] - Object: 'Object Repository/Page_Professional/div_Brie Larson (1)' is clicked on

2019-01-10 12:13:37 - [TEST_STEP][PASSED] - click(findTestObject("Page_Professional/span_brie.larsonmailinator.com")): Object: 'Object Repository/Page_Professional/span_brie.larsonmailinator.com' is clicked on

2019-01-10 12:13:37 - [MESSAGE][PASSED] - Object: 'Object Repository/Page_Professional/span_brie.larsonmailinator.com' is clicked on

2019-01-10 12:13:37 - [TEST_STEP][PASSED] - click(findTestObject("Page_Professional/div_Jessica Chastain (3)")): Object: 'Object Repository/Page_Professional/div_Jessica Chastain (3)' is clicked on

2019-01-10 12:13:38 - [MESSAGE][PASSED] - Object: 'Object Repository/Page_Professional/div_Jessica Chastain (3)' is clicked on

2019-01-10 12:13:38 - [TEST_STEP][PASSED] - click(findTestObject("Page_Professional/div_Jessica Chastain (2)")): Object: 'Object Repository/Page_Professional/div_Jessica Chastain (2)' is clicked on

2019-01-10 12:13:38 - [MESSAGE][PASSED] - Object: 'Object Repository/Page_Professional/div_Jessica Chastain (2)' is clicked on

2019-01-10 12:13:38 - [TEST_STEP][PASSED] - click(findTestObject("Page_Professional/img_Activities_ng-tns-c1-0")): Object: 'Object Repository/Page_Professional/img_Activities_ng-tns-c1-0' is clicked on

2019-01-10 12:13:39 - [MESSAGE][PASSED] - Object: 'Object Repository/Page_Professional/img_Activities_ng-tns-c1-0' is clicked on

2019-01-10 12:13:39 - [TEST_STEP][PASSED] - click(findTestObject("Page_Professional/div_Blood Pressure_mat-select-")): Object: 'Object Repository/Page_Professional/div_Blood Pressure_mat-select-' is clicked on

2019-01-10 12:13:40 - [MESSAGE][PASSED] - Object: 'Object Repository/Page_Professional/div_Blood Pressure_mat-select-' is clicked on

2019-01-10 12:13:40 - [TEST_STEP][PASSED] - click(findTestObject("Page_Professional/span_Blood Pressure")): Object: 'Object Repository/Page_Professional/span_Blood Pressure' is clicked on

2019-01-10 12:13:40 - [MESSAGE][PASSED] - Object: 'Object Repository/Page_Professional/span_Blood Pressure' is clicked on

2019-01-10 12:13:40 - [TEST_STEP][PASSED] - click(findTestObject("Page_Professional/button_Add")): Object: 'Object Repository/Page_Professional/button_Add' is clicked on

2019-01-10 12:13:41 - [MESSAGE][PASSED] - Object: 'Object Repository/Page_Professional/button_Add' is clicked on

2019-01-10 12:13:41 - [TEST_STEP][PASSED] - delay(3): Delayed 3 second(s)

2019-01-10 12:13:44 - [MESSAGE][PASSED] - Delayed 3 second(s)

2019-01-10 12:13:44 - [TEST_STEP][PASSED] - click(findTestObject("Object Repository/2ndcheckbox")): Object: 'Object Repository/2ndcheckbox' is clicked on

2019-01-10 12:13:44 - [MESSAGE][PASSED] - Object: 'Object Repository/2ndcheckbox' is clicked on

2019-01-10 12:13:44 - [TEST_STEP][PASSED] - click(findTestObject("Page_Professional/img_Activities_ng-tns-c1-0 (5)")): Object: 'Object Repository/Page_Professional/img_Activities_ng-tns-c1-0 (5)' is clicked on

2019-01-10 12:13:45 - [MESSAGE][PASSED] - Object: 'Object Repository/Page_Professional/img_Activities_ng-tns-c1-0 (5)' is clicked on

2019-01-10 12:13:45 - [TEST_STEP][PASSED] - delay(1): Delayed 1 second(s)

2019-01-10 12:13:46 - [MESSAGE][PASSED] - Delayed 1 second(s)

2019-01-10 12:13:46 - [TEST_STEP][PASSED] - click(findTestObject("RemoveButton")): Object: 'Object Repository/RemoveButton' is clicked on

2019-01-10 12:13:46 - [MESSAGE][PASSED] - Object: 'Object Repository/RemoveButton' is clicked on

2019-01-10 12:13:46 - [TEST_STEP][PASSED] - delay(2): Delayed 2 second(s)

2019-01-10 12:13:48 - [MESSAGE][PASSED] - Delayed 2 second(s)

2019-01-10 12:13:48 - [TEST_STEP][PASSED] - closeBrowser(): Browser is closed

2019-01-10 12:13:49 - [MESSAGE][PASSED] - Browser is closed]]></system-out>
         <system-err><![CDATA[]]></system-err>
      </testcase>
      <testcase name="Test Cases/CRUD Data/Firefox Trial Test Case Dropdown" classname="Test Cases/CRUD Data/Firefox Trial Test Case Dropdown" status="PASSED">
         <system-out><![CDATA[2019-01-10 12:13:49 - [TEST_CASE][PASSED] - Test Cases/CRUD Data/Firefox Trial Test Case Dropdown: Test Cases/CRUD Data/Firefox Trial Test Case Dropdown

2019-01-10 12:13:50 - [TEST_STEP][PASSED] - delay(5): Delayed 5 second(s)

2019-01-10 12:13:55 - [MESSAGE][PASSED] - Delayed 5 second(s)

2019-01-10 12:13:55 - [TEST_STEP][PASSED] - openBrowser(""): Browser is opened with url: ''

2019-01-10 12:13:55 - [MESSAGE][INFO] - Starting 'Firefox' driver

2019-01-10 12:14:00 - [MESSAGE][PASSED] - Browser is opened with url: ''

2019-01-10 12:14:00 - [TEST_STEP][PASSED] - driver = getWebDriver(): null

2019-01-10 12:14:00 - [TEST_STEP][PASSED] - navigateToUrl("https://staging.poc.netzon.se/patient/list"): Navigate to 'https://staging.poc.netzon.se/patient/list' successfully

2019-01-10 12:14:10 - [MESSAGE][PASSED] - Navigate to 'https://staging.poc.netzon.se/patient/list' successfully

2019-01-10 12:14:10 - [TEST_STEP][PASSED] - click(findTestObject("Page_Professional/img_Activities_ng-tns-c1-0")): Object: 'Object Repository/Page_Professional/img_Activities_ng-tns-c1-0' is clicked on

2019-01-10 12:14:11 - [MESSAGE][PASSED] - Object: 'Object Repository/Page_Professional/img_Activities_ng-tns-c1-0' is clicked on

2019-01-10 12:14:11 - [TEST_STEP][PASSED] - xpath("//*[@id="mat-select-0"]/div/div[2]/div")).click(): null

2019-01-10 12:14:11 - [TEST_STEP][PASSED] - delay(2): Delayed 2 second(s)

2019-01-10 12:14:13 - [MESSAGE][PASSED] - Delayed 2 second(s)

2019-01-10 12:14:13 - [TEST_STEP][PASSED] - xpath("//*[@id="mat-option-0"]/span")).click(): null

2019-01-10 12:14:14 - [TEST_STEP][PASSED] - delay(2): Delayed 2 second(s)

2019-01-10 12:14:16 - [MESSAGE][PASSED] - Delayed 2 second(s)

2019-01-10 12:14:16 - [TEST_STEP][PASSED] - xpath("//*[@id="mat-dialog-0"]/app-activity-add/div/div[2]/div[2]/mat-form-field/div/div[1]/div[2]/mat-datepicker-toggle/button")).click(): null

2019-01-10 12:14:16 - [TEST_STEP][PASSED] - delay(2): Delayed 2 second(s)

2019-01-10 12:14:18 - [MESSAGE][PASSED] - Delayed 2 second(s)

2019-01-10 12:14:18 - [TEST_STEP][PASSED] - xpath("//div[text()='9']")).click(): null

2019-01-10 12:14:19 - [TEST_STEP][PASSED] - delay(2): Delayed 2 second(s)

2019-01-10 12:14:21 - [MESSAGE][PASSED] - Delayed 2 second(s)

2019-01-10 12:14:21 - [TEST_STEP][PASSED] - closeBrowser(): Browser is closed

2019-01-10 12:14:22 - [MESSAGE][PASSED] - Browser is closed]]></system-out>
         <system-err><![CDATA[]]></system-err>
      </testcase>
      <testcase name="Test Cases/CRUD Data/BlankAddName" classname="Test Cases/CRUD Data/BlankAddName" status="PASSED">
         <system-out><![CDATA[2019-01-10 12:14:22 - [TEST_CASE][PASSED] - Test Cases/CRUD Data/BlankAddName: Test Cases/CRUD Data/BlankAddName

2019-01-10 12:14:23 - [TEST_STEP][PASSED] - openBrowser(""): Browser is opened with url: ''

2019-01-10 12:14:23 - [MESSAGE][INFO] - Starting 'Firefox' driver

2019-01-10 12:14:28 - [MESSAGE][PASSED] - Browser is opened with url: ''

2019-01-10 12:14:28 - [TEST_STEP][PASSED] - navigateToUrl("https://staging.poc.netzon.se/patient/list"): Navigate to 'https://staging.poc.netzon.se/patient/list' successfully

2019-01-10 12:14:37 - [MESSAGE][PASSED] - Navigate to 'https://staging.poc.netzon.se/patient/list' successfully

2019-01-10 12:14:37 - [TEST_STEP][PASSED] - click(findTestObject("Page_Professional/img_Activities_ng-tns-c1-0")): Object: 'Object Repository/Page_Professional/img_Activities_ng-tns-c1-0' is clicked on

2019-01-10 12:14:37 - [MESSAGE][PASSED] - Object: 'Object Repository/Page_Professional/img_Activities_ng-tns-c1-0' is clicked on

2019-01-10 12:14:37 - [TEST_STEP][PASSED] - click(findTestObject("Page_Professional/button_Add")): Object: 'Object Repository/Page_Professional/button_Add' is clicked on

2019-01-10 12:14:38 - [MESSAGE][PASSED] - Object: 'Object Repository/Page_Professional/button_Add' is clicked on

2019-01-10 12:14:38 - [TEST_STEP][PASSED] - verifyElementPresent(findTestObject("TypeError"), 1): Object 'Object Repository/TypeError' is present

2019-01-10 12:14:38 - [MESSAGE][PASSED] - Object 'Object Repository/TypeError' is present

2019-01-10 12:14:38 - [TEST_STEP][PASSED] - closeBrowser(): Browser is closed

2019-01-10 12:14:39 - [MESSAGE][PASSED] - Browser is closed]]></system-out>
         <system-err><![CDATA[]]></system-err>
      </testcase>
      <testcase name="Test Cases/CancelAllDelete" classname="Test Cases/CancelAllDelete" status="PASSED">
         <system-out><![CDATA[2019-01-10 12:14:39 - [TEST_CASE][PASSED] - Test Cases/CancelAllDelete: Test Cases/CancelAllDelete

2019-01-10 12:14:40 - [TEST_STEP][PASSED] - openBrowser(""): Browser is opened with url: ''

2019-01-10 12:14:40 - [MESSAGE][INFO] - Starting 'Firefox' driver

2019-01-10 12:14:45 - [MESSAGE][PASSED] - Browser is opened with url: ''

2019-01-10 12:14:45 - [TEST_STEP][PASSED] - navigateToUrl("https://staging.poc.netzon.se/patient/list"): Navigate to 'https://staging.poc.netzon.se/patient/list' successfully

2019-01-10 12:14:52 - [MESSAGE][PASSED] - Navigate to 'https://staging.poc.netzon.se/patient/list' successfully

2019-01-10 12:14:52 - [TEST_STEP][PASSED] - click(findTestObject("Page_Professional/span_Jessica Chastain (1)")): Object: 'Object Repository/Page_Professional/span_Jessica Chastain (1)' is clicked on

2019-01-10 12:14:53 - [MESSAGE][PASSED] - Object: 'Object Repository/Page_Professional/span_Jessica Chastain (1)' is clicked on

2019-01-10 12:14:53 - [TEST_STEP][PASSED] - click(findTestObject("Page_Professional/div_Jessica Chastain (2)")): Object: 'Object Repository/Page_Professional/div_Jessica Chastain (2)' is clicked on

2019-01-10 12:14:53 - [MESSAGE][PASSED] - Object: 'Object Repository/Page_Professional/div_Jessica Chastain (2)' is clicked on

2019-01-10 12:14:53 - [TEST_STEP][PASSED] - click(findTestObject("Page_Professional/img_Activities_ng-tns-c1-0")): Object: 'Object Repository/Page_Professional/img_Activities_ng-tns-c1-0' is clicked on

2019-01-10 12:14:54 - [MESSAGE][PASSED] - Object: 'Object Repository/Page_Professional/img_Activities_ng-tns-c1-0' is clicked on

2019-01-10 12:14:54 - [TEST_STEP][PASSED] - click(findTestObject("Page_Professional/div_Blood Pressure_mat-select-")): Object: 'Object Repository/Page_Professional/div_Blood Pressure_mat-select-' is clicked on

2019-01-10 12:14:54 - [MESSAGE][PASSED] - Object: 'Object Repository/Page_Professional/div_Blood Pressure_mat-select-' is clicked on

2019-01-10 12:14:54 - [TEST_STEP][PASSED] - delay(1): Delayed 1 second(s)

2019-01-10 12:14:55 - [MESSAGE][PASSED] - Delayed 1 second(s)

2019-01-10 12:14:55 - [TEST_STEP][PASSED] - click(findTestObject("Page_Professional/span_Blood Pressure")): Object: 'Object Repository/Page_Professional/span_Blood Pressure' is clicked on

2019-01-10 12:14:56 - [MESSAGE][PASSED] - Object: 'Object Repository/Page_Professional/span_Blood Pressure' is clicked on

2019-01-10 12:14:56 - [TEST_STEP][PASSED] - click(findTestObject("Page_Professional/button_Add")): Object: 'Object Repository/Page_Professional/button_Add' is clicked on

2019-01-10 12:14:57 - [MESSAGE][PASSED] - Object: 'Object Repository/Page_Professional/button_Add' is clicked on

2019-01-10 12:14:57 - [TEST_STEP][PASSED] - delay(3): Delayed 3 second(s)

2019-01-10 12:15:00 - [MESSAGE][PASSED] - Delayed 3 second(s)

2019-01-10 12:15:00 - [TEST_STEP][PASSED] - click(findTestObject("Object Repository/Object Repository/deleteall_Checkbox")): Object: 'Object Repository/Object Repository/deleteall_Checkbox' is clicked on

2019-01-10 12:15:00 - [MESSAGE][PASSED] - Object: 'Object Repository/Object Repository/deleteall_Checkbox' is clicked on

2019-01-10 12:15:00 - [TEST_STEP][PASSED] - click(findTestObject("deleteImage")): Object: 'Object Repository/deleteImage' is clicked on

2019-01-10 12:15:00 - [MESSAGE][PASSED] - Object: 'Object Repository/deleteImage' is clicked on

2019-01-10 12:15:00 - [TEST_STEP][PASSED] - click(findTestObject("CancelDelete")): Object: 'Object Repository/CancelDelete' is clicked on

2019-01-10 12:15:01 - [MESSAGE][PASSED] - Object: 'Object Repository/CancelDelete' is clicked on

2019-01-10 12:15:01 - [TEST_STEP][PASSED] - delay(2): Delayed 2 second(s)

2019-01-10 12:15:03 - [MESSAGE][PASSED] - Delayed 2 second(s)

2019-01-10 12:15:03 - [TEST_STEP][PASSED] - closeBrowser(): Browser is closed

2019-01-10 12:15:04 - [MESSAGE][PASSED] - Browser is closed]]></system-out>
         <system-err><![CDATA[]]></system-err>
      </testcase>
      <testcase name="Test Cases/CRUD Data/Add Activity with Date" classname="Test Cases/CRUD Data/Add Activity with Date" status="PASSED">
         <system-out><![CDATA[2019-01-10 12:15:04 - [TEST_CASE][PASSED] - Test Cases/CRUD Data/Add Activity with Date: Test Cases/CRUD Data/Add Activity with Date

2019-01-10 12:15:04 - [TEST_STEP][PASSED] - openBrowser(""): Browser is opened with url: ''

2019-01-10 12:15:04 - [MESSAGE][INFO] - Starting 'Firefox' driver

2019-01-10 12:15:09 - [MESSAGE][PASSED] - Browser is opened with url: ''

2019-01-10 12:15:09 - [TEST_STEP][PASSED] - navigateToUrl("https://staging.poc.netzon.se/patient/list"): Navigate to 'https://staging.poc.netzon.se/patient/list' successfully

2019-01-10 12:15:19 - [MESSAGE][PASSED] - Navigate to 'https://staging.poc.netzon.se/patient/list' successfully

2019-01-10 12:15:19 - [TEST_STEP][PASSED] - click(findTestObject("Object Repository/Page_Professional/img_Activities_ng-tns-c1-0 (3) (1)")): Object: 'Object Repository/Page_Professional/img_Activities_ng-tns-c1-0 (3) (1)' is clicked on

2019-01-10 12:15:19 - [MESSAGE][PASSED] - Object: 'Object Repository/Page_Professional/img_Activities_ng-tns-c1-0 (3) (1)' is clicked on

2019-01-10 12:15:19 - [TEST_STEP][PASSED] - click(findTestObject("Object Repository/Page_Professional/div_Type_mat-select-arrow (2) (1)")): Object: 'Object Repository/Page_Professional/div_Type_mat-select-arrow (2) (1)' is clicked on

2019-01-10 12:15:20 - [MESSAGE][PASSED] - Object: 'Object Repository/Page_Professional/div_Type_mat-select-arrow (2) (1)' is clicked on

2019-01-10 12:15:20 - [TEST_STEP][PASSED] - delay(1): Delayed 1 second(s)

2019-01-10 12:15:21 - [MESSAGE][PASSED] - Delayed 1 second(s)

2019-01-10 12:15:21 - [TEST_STEP][PASSED] - click(findTestObject("Object Repository/Page_Professional/span_Blood Pressure (3)")): Object: 'Object Repository/Page_Professional/span_Blood Pressure (3)' is clicked on

2019-01-10 12:15:21 - [MESSAGE][PASSED] - Object: 'Object Repository/Page_Professional/span_Blood Pressure (3)' is clicked on

2019-01-10 12:15:21 - [TEST_STEP][PASSED] - click(findTestObject("Object Repository/Page_Professional/button_Date_mat-icon-button cd")): Object: 'Object Repository/Page_Professional/button_Date_mat-icon-button cd' is clicked on

2019-01-10 12:15:22 - [MESSAGE][PASSED] - Object: 'Object Repository/Page_Professional/button_Date_mat-icon-button cd' is clicked on

2019-01-10 12:15:22 - [TEST_STEP][PASSED] - delay(1): Delayed 1 second(s)

2019-01-10 12:15:23 - [MESSAGE][PASSED] - Delayed 1 second(s)

2019-01-10 12:15:23 - [TEST_STEP][PASSED] - click(findTestObject("Object Repository/Page_Professional/div_14 (1)")): Object: 'Object Repository/Page_Professional/div_14 (1)' is clicked on

2019-01-10 12:15:23 - [MESSAGE][PASSED] - Object: 'Object Repository/Page_Professional/div_14 (1)' is clicked on

2019-01-10 12:15:23 - [TEST_STEP][PASSED] - delay(1): Delayed 1 second(s)

2019-01-10 12:15:24 - [MESSAGE][PASSED] - Delayed 1 second(s)

2019-01-10 12:15:24 - [TEST_STEP][PASSED] - click(findTestObject("Object Repository/Page_Professional/button_Add (3)")): Object: 'Object Repository/Page_Professional/button_Add (3)' is clicked on

2019-01-10 12:15:25 - [MESSAGE][PASSED] - Object: 'Object Repository/Page_Professional/button_Add (3)' is clicked on

2019-01-10 12:15:25 - [TEST_STEP][PASSED] - delay(2): Delayed 2 second(s)

2019-01-10 12:15:27 - [MESSAGE][PASSED] - Delayed 2 second(s)

2019-01-10 12:15:27 - [TEST_STEP][PASSED] - closeBrowser(): Browser is closed

2019-01-10 12:15:28 - [MESSAGE][PASSED] - Browser is closed]]></system-out>
         <system-err><![CDATA[]]></system-err>
      </testcase>
      <testcase name="Test Cases/Show Graph" classname="Test Cases/Show Graph" status="PASSED">
         <system-out><![CDATA[2019-01-10 12:15:28 - [TEST_CASE][PASSED] - Test Cases/Show Graph: Test Cases/Show Graph

2019-01-10 12:15:29 - [TEST_STEP][PASSED] - openBrowser(""): Browser is opened with url: ''

2019-01-10 12:15:29 - [MESSAGE][INFO] - Starting 'Firefox' driver

2019-01-10 12:15:37 - [MESSAGE][PASSED] - Browser is opened with url: ''

2019-01-10 12:15:37 - [TEST_STEP][PASSED] - navigateToUrl("https://poc.netzon.se/patient/list"): Navigate to 'https://poc.netzon.se/patient/list' successfully

2019-01-10 12:15:46 - [MESSAGE][PASSED] - Navigate to 'https://poc.netzon.se/patient/list' successfully

2019-01-10 12:15:46 - [TEST_STEP][PASSED] - click(findTestObject("Object Repository/Page_Professional/div_Jessica Chastain")): Object: 'Object Repository/Page_Professional/div_Jessica Chastain' is clicked on

2019-01-10 12:15:46 - [MESSAGE][PASSED] - Object: 'Object Repository/Page_Professional/div_Jessica Chastain' is clicked on

2019-01-10 12:15:46 - [TEST_STEP][PASSED] - click(findTestObject("Object Repository/Page_Professional/div_Brie Larson  brie.larsonma")): Object: 'Object Repository/Page_Professional/div_Brie Larson  brie.larsonma' is clicked on

2019-01-10 12:15:47 - [MESSAGE][PASSED] - Object: 'Object Repository/Page_Professional/div_Brie Larson  brie.larsonma' is clicked on

2019-01-10 12:15:47 - [TEST_STEP][PASSED] - click(findTestObject("Object Repository/Page_Professional/div_Jessica Chastain")): Object: 'Object Repository/Page_Professional/div_Jessica Chastain' is clicked on

2019-01-10 12:15:47 - [MESSAGE][PASSED] - Object: 'Object Repository/Page_Professional/div_Jessica Chastain' is clicked on

2019-01-10 12:15:47 - [TEST_STEP][PASSED] - click(findTestObject("Object Repository/Page_Professional/div_James Franco  james.franco")): Object: 'Object Repository/Page_Professional/div_James Franco  james.franco' is clicked on

2019-01-10 12:15:47 - [MESSAGE][PASSED] - Object: 'Object Repository/Page_Professional/div_James Franco  james.franco' is clicked on

2019-01-10 12:15:47 - [TEST_STEP][PASSED] - click(findTestObject("Object Repository/Page_Professional/span_Show Graph (1)")): Object: 'Object Repository/Page_Professional/span_Show Graph (1)' is clicked on

2019-01-10 12:15:48 - [MESSAGE][PASSED] - Object: 'Object Repository/Page_Professional/span_Show Graph (1)' is clicked on

2019-01-10 12:15:48 - [TEST_STEP][PASSED] - delay(3): Delayed 3 second(s)

2019-01-10 12:15:51 - [MESSAGE][PASSED] - Delayed 3 second(s)

2019-01-10 12:15:51 - [TEST_STEP][PASSED] - click(findTestObject("Object Repository/Page_Professional/span_Hide Graph")): Object: 'Object Repository/Page_Professional/span_Hide Graph' is clicked on

2019-01-10 12:15:51 - [MESSAGE][PASSED] - Object: 'Object Repository/Page_Professional/span_Hide Graph' is clicked on

2019-01-10 12:15:51 - [TEST_STEP][PASSED] - closeBrowser(): Browser is closed

2019-01-10 12:15:52 - [MESSAGE][PASSED] - Browser is closed]]></system-out>
         <system-err><![CDATA[]]></system-err>
      </testcase>
      <system-out><![CDATA[2019-01-10 12:11:49 - [TEST_SUITE][PASSED] - Firefox Test Suite Case: Test Cases/Show Graph]]></system-out>
      <system-err><![CDATA[]]></system-err>
   </testsuite>
</testsuites>
