<?xml version="1.0" encoding="UTF-8"?>
<testsuites name="Chrome Test Suite Case" time="224" tests="9" failures="0" errors="0">
   <testsuite name="Chrome Test Suite Case" tests="9" failures="0" errors="0" time="224" timestamp="2019-01-11 15:14:21" hostname="netzon.rhobert - netzon-jlaw" id="Test Suites/Chrome Test Suite Case">
      <properties>
         <property name="deviceName" value=""/>
         <property name="devicePlatform" value=""/>
         <property name="logFolder" value="C:\\Users\\netzon.rhobert\\git\\POC HOPE\\Reports\\Chrome Test Suite Case\\20190111_151411"/>
         <property name="logFiles" value="C:\\Users\\netzon.rhobert\\git\\POC HOPE\\Reports\\Chrome Test Suite Case\\20190111_151411\\execution0.log"/>
         <property name="attachments" value=""/>
         <property name="hostName" value="netzon.rhobert - netzon-jlaw"/>
         <property name="os" value="Windows 10 64bit"/>
         <property name="katalonVersion" value="5.10.1.1"/>
         <property name="browser" value="Chrome 71.0.3578.98"/>
         <property name="hostAddress" value="10.0.75.1"/>
         <property name="sessionId" value="c4540b96d93409d2c9683ed2a6beba5d"/>
         <property name="seleniumVersion" value="3.7.1"/>
         <property name="proxyInformation" value="ProxyInformation{proxyOption=NO_PROXY, proxyServerType=HTTP, password=, proxyServerAddress=, proxyServerPort=0}"/>
         <property name="platform" value="Windows 10"/>
      </properties>
      <testcase name="Test Cases/CRUD Data/Add Activity with Time and Date" classname="Test Cases/CRUD Data/Add Activity with Time and Date" status="PASSED">
         <system-out><![CDATA[2019-01-11 15:14:21 - [TEST_CASE][PASSED] - Test Cases/CRUD Data/Add Activity with Time and Date: Test Cases/CRUD Data/Add Activity with Time and Date

2019-01-11 15:14:22 - [TEST_STEP][PASSED] - openBrowser(""): Browser is opened with url: ''

2019-01-11 15:14:23 - [MESSAGE][INFO] - Starting 'Chrome' driver

2019-01-11 15:14:23 - [MESSAGE][INFO] - Action delay is set to 0 seconds

2019-01-11 15:14:28 - [MESSAGE][PASSED] - Browser is opened with url: ''

2019-01-11 15:14:28 - [TEST_STEP][PASSED] - maximizeWindow(): Current window maximized

2019-01-11 15:14:29 - [MESSAGE][PASSED] - Current window maximized

2019-01-11 15:14:29 - [TEST_STEP][PASSED] - navigateToUrl("https://staging.poc.netzon.se/patient/list"): Navigate to 'https://staging.poc.netzon.se/patient/list' successfully

2019-01-11 15:14:54 - [MESSAGE][PASSED] - Navigate to 'https://staging.poc.netzon.se/patient/list' successfully

2019-01-11 15:14:54 - [TEST_STEP][PASSED] - click(findTestObject("Page_Professional/div_Jessica Chastain")): Object: 'Object Repository/Page_Professional/div_Jessica Chastain' is clicked on

2019-01-11 15:14:54 - [MESSAGE][PASSED] - Object: 'Object Repository/Page_Professional/div_Jessica Chastain' is clicked on

2019-01-11 15:14:54 - [TEST_STEP][PASSED] - click(findTestObject("Page_Professional/img_Activities_ng-tns-c1-0 (3) (1) (1)")): Object: 'Object Repository/Page_Professional/img_Activities_ng-tns-c1-0 (3) (1) (1)' is clicked on

2019-01-11 15:14:55 - [MESSAGE][PASSED] - Object: 'Object Repository/Page_Professional/img_Activities_ng-tns-c1-0 (3) (1) (1)' is clicked on

2019-01-11 15:14:55 - [TEST_STEP][PASSED] - click(findTestObject("Page_Professional/div_Type_mat-select-arrow (2) (1) (1)")): Object: 'Object Repository/Page_Professional/div_Type_mat-select-arrow (2) (1) (1)' is clicked on

2019-01-11 15:14:56 - [MESSAGE][PASSED] - Object: 'Object Repository/Page_Professional/div_Type_mat-select-arrow (2) (1) (1)' is clicked on

2019-01-11 15:14:56 - [TEST_STEP][PASSED] - delay(1): Delayed 1 second(s)

2019-01-11 15:14:57 - [MESSAGE][PASSED] - Delayed 1 second(s)

2019-01-11 15:14:57 - [TEST_STEP][PASSED] - click(findTestObject("Page_Professional/span_Blood Pressure (3) (1)")): Object: 'Object Repository/Page_Professional/span_Blood Pressure (3) (1)' is clicked on

2019-01-11 15:14:57 - [MESSAGE][PASSED] - Object: 'Object Repository/Page_Professional/span_Blood Pressure (3) (1)' is clicked on

2019-01-11 15:14:57 - [TEST_STEP][PASSED] - click(findTestObject("Page_Professional/button_Date_mat-icon-button cd (1)")): Object: 'Object Repository/Page_Professional/button_Date_mat-icon-button cd (1)' is clicked on

2019-01-11 15:14:58 - [MESSAGE][PASSED] - Object: 'Object Repository/Page_Professional/button_Date_mat-icon-button cd (1)' is clicked on

2019-01-11 15:14:58 - [TEST_STEP][PASSED] - delay(1): Delayed 1 second(s)

2019-01-11 15:14:59 - [MESSAGE][PASSED] - Delayed 1 second(s)

2019-01-11 15:14:59 - [TEST_STEP][PASSED] - click(findTestObject("Page_Professional/div_14 (1) (1)")): Object: 'Object Repository/Page_Professional/div_14 (1) (1)' is clicked on

2019-01-11 15:14:59 - [MESSAGE][PASSED] - Object: 'Object Repository/Page_Professional/div_14 (1) (1)' is clicked on

2019-01-11 15:14:59 - [TEST_STEP][PASSED] - delay(1): Delayed 1 second(s)

2019-01-11 15:15:00 - [MESSAGE][PASSED] - Delayed 1 second(s)

2019-01-11 15:15:00 - [TEST_STEP][PASSED] - click(findTestObject("Page_Professional/mat-icon_access_time (1)")): Object: 'Object Repository/Page_Professional/mat-icon_access_time (1)' is clicked on

2019-01-11 15:15:00 - [MESSAGE][PASSED] - Object: 'Object Repository/Page_Professional/mat-icon_access_time (1)' is clicked on

2019-01-11 15:15:00 - [TEST_STEP][PASSED] - delay(1): Delayed 1 second(s)

2019-01-11 15:15:01 - [MESSAGE][PASSED] - Delayed 1 second(s)

2019-01-11 15:15:01 - [TEST_STEP][PASSED] - click(findTestObject("Page_Professional/span_14 (1)")): Object: 'Object Repository/Page_Professional/span_14 (1)' is clicked on

2019-01-11 15:15:02 - [MESSAGE][PASSED] - Object: 'Object Repository/Page_Professional/span_14 (1)' is clicked on

2019-01-11 15:15:02 - [TEST_STEP][PASSED] - delay(1): Delayed 1 second(s)

2019-01-11 15:15:03 - [MESSAGE][PASSED] - Delayed 1 second(s)

2019-01-11 15:15:03 - [TEST_STEP][PASSED] - click(findTestObject("Page_Professional/span_Ok (1)")): Object: 'Object Repository/Page_Professional/span_Ok (1)' is clicked on

2019-01-11 15:15:03 - [MESSAGE][PASSED] - Object: 'Object Repository/Page_Professional/span_Ok (1)' is clicked on

2019-01-11 15:15:03 - [TEST_STEP][PASSED] - delay(1): Delayed 1 second(s)

2019-01-11 15:15:04 - [MESSAGE][PASSED] - Delayed 1 second(s)

2019-01-11 15:15:04 - [TEST_STEP][PASSED] - click(findTestObject("AddButton")): Object: 'Object Repository/AddButton' is clicked on

2019-01-11 15:15:04 - [MESSAGE][PASSED] - Object: 'Object Repository/AddButton' is clicked on

2019-01-11 15:15:04 - [TEST_STEP][PASSED] - delay(2): Delayed 2 second(s)

2019-01-11 15:15:06 - [MESSAGE][PASSED] - Delayed 2 second(s)

2019-01-11 15:15:06 - [TEST_STEP][PASSED] - closeBrowser(): Browser is closed

2019-01-11 15:15:07 - [MESSAGE][PASSED] - Browser is closed]]></system-out>
         <system-err><![CDATA[]]></system-err>
      </testcase>
      <testcase name="Test Cases/CRUD Data/Chrome Add Activity" classname="Test Cases/CRUD Data/Chrome Add Activity" status="PASSED">
         <system-out><![CDATA[2019-01-11 15:15:07 - [TEST_CASE][PASSED] - Test Cases/CRUD Data/Chrome Add Activity: Test Cases/CRUD Data/Chrome Add Activity

2019-01-11 15:15:07 - [TEST_STEP][PASSED] - openBrowser(""): Browser is opened with url: ''

2019-01-11 15:15:07 - [MESSAGE][INFO] - Starting 'Chrome' driver

2019-01-11 15:15:11 - [MESSAGE][PASSED] - Browser is opened with url: ''

2019-01-11 15:15:11 - [TEST_STEP][PASSED] - maximizeWindow(): Current window maximized

2019-01-11 15:15:12 - [MESSAGE][PASSED] - Current window maximized

2019-01-11 15:15:12 - [TEST_STEP][PASSED] - navigateToUrl("https://staging.poc.netzon.se/patient/list"): Navigate to 'https://staging.poc.netzon.se/patient/list' successfully

2019-01-11 15:15:37 - [MESSAGE][PASSED] - Navigate to 'https://staging.poc.netzon.se/patient/list' successfully

2019-01-11 15:15:37 - [TEST_STEP][PASSED] - click(findTestObject("Page_Professional/div_Jessica Chastain (2)")): Object: 'Object Repository/Page_Professional/div_Jessica Chastain (2)' is clicked on

2019-01-11 15:15:38 - [MESSAGE][PASSED] - Object: 'Object Repository/Page_Professional/div_Jessica Chastain (2)' is clicked on

2019-01-11 15:15:38 - [TEST_STEP][PASSED] - click(findTestObject("PlusSymbol")): Object: 'Object Repository/PlusSymbol' is clicked on

2019-01-11 15:15:39 - [MESSAGE][PASSED] - Object: 'Object Repository/PlusSymbol' is clicked on

2019-01-11 15:15:39 - [TEST_STEP][PASSED] - doubleClick(findTestObject("Page_Professional/div_Blood Pressure_mat-select-")): Object: 'Object Repository/Page_Professional/div_Blood Pressure_mat-select-' is double clicked on

2019-01-11 15:15:40 - [MESSAGE][PASSED] - Object: 'Object Repository/Page_Professional/div_Blood Pressure_mat-select-' is double clicked on

2019-01-11 15:15:40 - [TEST_STEP][PASSED] - click(findTestObject("Page_Professional/span_Blood Pressure")): Object: 'Object Repository/Page_Professional/span_Blood Pressure' is clicked on

2019-01-11 15:15:40 - [MESSAGE][PASSED] - Object: 'Object Repository/Page_Professional/span_Blood Pressure' is clicked on

2019-01-11 15:15:40 - [TEST_STEP][PASSED] - click(findTestObject("Page_Professional/button_Add")): Object: 'Object Repository/Page_Professional/button_Add' is clicked on

2019-01-11 15:15:40 - [MESSAGE][PASSED] - Object: 'Object Repository/Page_Professional/button_Add' is clicked on

2019-01-11 15:15:40 - [TEST_STEP][PASSED] - delay(3): Delayed 3 second(s)

2019-01-11 15:15:43 - [MESSAGE][PASSED] - Delayed 3 second(s)

2019-01-11 15:15:43 - [TEST_STEP][PASSED] - closeBrowser(): Browser is closed

2019-01-11 15:15:44 - [MESSAGE][PASSED] - Browser is closed]]></system-out>
         <system-err><![CDATA[]]></system-err>
      </testcase>
      <testcase name="Test Cases/CRUD Data/Chrome Delete Activity" classname="Test Cases/CRUD Data/Chrome Delete Activity" status="PASSED">
         <system-out><![CDATA[2019-01-11 15:15:44 - [TEST_CASE][PASSED] - Test Cases/CRUD Data/Chrome Delete Activity: Test Cases/CRUD Data/Chrome Delete Activity

2019-01-11 15:15:45 - [TEST_STEP][PASSED] - openBrowser(""): Browser is opened with url: ''

2019-01-11 15:15:45 - [MESSAGE][INFO] - Starting 'Chrome' driver

2019-01-11 15:15:47 - [MESSAGE][PASSED] - Browser is opened with url: ''

2019-01-11 15:15:47 - [TEST_STEP][PASSED] - maximizeWindow(): Current window maximized

2019-01-11 15:15:48 - [MESSAGE][PASSED] - Current window maximized

2019-01-11 15:15:48 - [TEST_STEP][PASSED] - navigateToUrl("https://staging.poc.netzon.se/patient/list"): Navigate to 'https://staging.poc.netzon.se/patient/list' successfully

2019-01-11 15:16:07 - [MESSAGE][PASSED] - Navigate to 'https://staging.poc.netzon.se/patient/list' successfully

2019-01-11 15:16:07 - [TEST_STEP][PASSED] - click(findTestObject("Page_Professional/div_Michael Bay")): Object: 'Object Repository/Page_Professional/div_Michael Bay' is clicked on

2019-01-11 15:16:07 - [MESSAGE][PASSED] - Object: 'Object Repository/Page_Professional/div_Michael Bay' is clicked on

2019-01-11 15:16:07 - [TEST_STEP][PASSED] - click(findTestObject("Page_Professional/div_Brie Larson (1)")): Object: 'Object Repository/Page_Professional/div_Brie Larson (1)' is clicked on

2019-01-11 15:16:08 - [MESSAGE][PASSED] - Object: 'Object Repository/Page_Professional/div_Brie Larson (1)' is clicked on

2019-01-11 15:16:08 - [TEST_STEP][PASSED] - click(findTestObject("Page_Professional/span_brie.larsonmailinator.com")): Object: 'Object Repository/Page_Professional/span_brie.larsonmailinator.com' is clicked on

2019-01-11 15:16:08 - [MESSAGE][PASSED] - Object: 'Object Repository/Page_Professional/span_brie.larsonmailinator.com' is clicked on

2019-01-11 15:16:08 - [TEST_STEP][PASSED] - click(findTestObject("Page_Professional/div_Jessica Chastain (3)")): Object: 'Object Repository/Page_Professional/div_Jessica Chastain (3)' is clicked on

2019-01-11 15:16:08 - [MESSAGE][PASSED] - Object: 'Object Repository/Page_Professional/div_Jessica Chastain (3)' is clicked on

2019-01-11 15:16:08 - [TEST_STEP][PASSED] - click(findTestObject("Page_Professional/div_Jessica Chastain (2)")): Object: 'Object Repository/Page_Professional/div_Jessica Chastain (2)' is clicked on

2019-01-11 15:16:09 - [MESSAGE][PASSED] - Object: 'Object Repository/Page_Professional/div_Jessica Chastain (2)' is clicked on

2019-01-11 15:16:09 - [TEST_STEP][PASSED] - click(findTestObject("Page_Professional/img_Activities_ng-tns-c1-0")): Object: 'Object Repository/Page_Professional/img_Activities_ng-tns-c1-0' is clicked on

2019-01-11 15:16:10 - [MESSAGE][PASSED] - Object: 'Object Repository/Page_Professional/img_Activities_ng-tns-c1-0' is clicked on

2019-01-11 15:16:10 - [TEST_STEP][PASSED] - doubleClick(findTestObject("Page_Professional/div_Blood Pressure_mat-select-")): Object: 'Object Repository/Page_Professional/div_Blood Pressure_mat-select-' is double clicked on

2019-01-11 15:16:11 - [MESSAGE][PASSED] - Object: 'Object Repository/Page_Professional/div_Blood Pressure_mat-select-' is double clicked on

2019-01-11 15:16:11 - [TEST_STEP][PASSED] - click(findTestObject("Page_Professional/span_Blood Pressure")): Object: 'Object Repository/Page_Professional/span_Blood Pressure' is clicked on

2019-01-11 15:16:11 - [MESSAGE][PASSED] - Object: 'Object Repository/Page_Professional/span_Blood Pressure' is clicked on

2019-01-11 15:16:11 - [TEST_STEP][PASSED] - click(findTestObject("Page_Professional/button_Add")): Object: 'Object Repository/Page_Professional/button_Add' is clicked on

2019-01-11 15:16:12 - [MESSAGE][PASSED] - Object: 'Object Repository/Page_Professional/button_Add' is clicked on

2019-01-11 15:16:12 - [TEST_STEP][PASSED] - delay(3): Delayed 3 second(s)

2019-01-11 15:16:15 - [MESSAGE][PASSED] - Delayed 3 second(s)

2019-01-11 15:16:15 - [TEST_STEP][PASSED] - click(findTestObject("Object Repository/2ndcheckbox")): Object: 'Object Repository/2ndcheckbox' is clicked on

2019-01-11 15:16:15 - [MESSAGE][PASSED] - Object: 'Object Repository/2ndcheckbox' is clicked on

2019-01-11 15:16:15 - [TEST_STEP][PASSED] - click(findTestObject("Page_Professional/img_Activities_ng-tns-c1-0 (5)")): Object: 'Object Repository/Page_Professional/img_Activities_ng-tns-c1-0 (5)' is clicked on

2019-01-11 15:16:16 - [MESSAGE][PASSED] - Object: 'Object Repository/Page_Professional/img_Activities_ng-tns-c1-0 (5)' is clicked on

2019-01-11 15:16:16 - [TEST_STEP][PASSED] - delay(1): Delayed 1 second(s)

2019-01-11 15:16:17 - [MESSAGE][PASSED] - Delayed 1 second(s)

2019-01-11 15:16:17 - [TEST_STEP][PASSED] - click(findTestObject("RemoveButton")): Object: 'Object Repository/RemoveButton' is clicked on

2019-01-11 15:16:17 - [MESSAGE][PASSED] - Object: 'Object Repository/RemoveButton' is clicked on

2019-01-11 15:16:17 - [TEST_STEP][PASSED] - delay(2): Delayed 2 second(s)

2019-01-11 15:16:19 - [MESSAGE][PASSED] - Delayed 2 second(s)

2019-01-11 15:16:19 - [TEST_STEP][PASSED] - closeBrowser(): Browser is closed

2019-01-11 15:16:20 - [MESSAGE][PASSED] - Browser is closed]]></system-out>
         <system-err><![CDATA[]]></system-err>
      </testcase>
      <testcase name="Test Cases/CRUD Data/Chrome Trial Test Case" classname="Test Cases/CRUD Data/Chrome Trial Test Case" status="PASSED">
         <system-out><![CDATA[2019-01-11 15:16:20 - [TEST_CASE][PASSED] - Test Cases/CRUD Data/Chrome Trial Test Case: Test Cases/CRUD Data/Chrome Trial Test Case

2019-01-11 15:16:20 - [TEST_STEP][PASSED] - openBrowser(""): Browser is opened with url: ''

2019-01-11 15:16:20 - [MESSAGE][INFO] - Starting 'Chrome' driver

2019-01-11 15:16:23 - [MESSAGE][PASSED] - Browser is opened with url: ''

2019-01-11 15:16:23 - [TEST_STEP][PASSED] - maximizeWindow(): Current window maximized

2019-01-11 15:16:24 - [MESSAGE][PASSED] - Current window maximized

2019-01-11 15:16:24 - [TEST_STEP][PASSED] - driver = getWebDriver(): null

2019-01-11 15:16:24 - [TEST_STEP][PASSED] - navigateToUrl("https://staging.poc.netzon.se/patient/list"): Navigate to 'https://staging.poc.netzon.se/patient/list' successfully

2019-01-11 15:16:28 - [MESSAGE][PASSED] - Navigate to 'https://staging.poc.netzon.se/patient/list' successfully

2019-01-11 15:16:28 - [TEST_STEP][PASSED] - click(findTestObject("Page_Professional/img_Activities_ng-tns-c1-0")): Object: 'Object Repository/Page_Professional/img_Activities_ng-tns-c1-0' is clicked on

2019-01-11 15:16:29 - [MESSAGE][PASSED] - Object: 'Object Repository/Page_Professional/img_Activities_ng-tns-c1-0' is clicked on

2019-01-11 15:16:29 - [TEST_STEP][PASSED] - doubleClick(findTestObject("Page_Professional/div_Blood Pressure_mat-select-")): Object: 'Object Repository/Page_Professional/div_Blood Pressure_mat-select-' is double clicked on

2019-01-11 15:16:30 - [MESSAGE][PASSED] - Object: 'Object Repository/Page_Professional/div_Blood Pressure_mat-select-' is double clicked on

2019-01-11 15:16:30 - [TEST_STEP][PASSED] - click(findTestObject("Page_Professional/span_Blood Pressure")): Object: 'Object Repository/Page_Professional/span_Blood Pressure' is clicked on

2019-01-11 15:16:30 - [MESSAGE][PASSED] - Object: 'Object Repository/Page_Professional/span_Blood Pressure' is clicked on

2019-01-11 15:16:30 - [TEST_STEP][PASSED] - delay(2): Delayed 2 second(s)

2019-01-11 15:16:32 - [MESSAGE][PASSED] - Delayed 2 second(s)

2019-01-11 15:16:32 - [TEST_STEP][PASSED] - xpath("//*[@id="mat-dialog-0"]/app-activity-add/div/div[2]/div[2]/mat-form-field/div/div[1]/div[2]/mat-datepicker-toggle/button")).click(): null

2019-01-11 15:16:33 - [TEST_STEP][PASSED] - delay(2): Delayed 2 second(s)

2019-01-11 15:16:35 - [MESSAGE][PASSED] - Delayed 2 second(s)

2019-01-11 15:16:35 - [TEST_STEP][PASSED] - xpath("//div[text()='9']")).click(): null

2019-01-11 15:16:35 - [TEST_STEP][PASSED] - delay(2): Delayed 2 second(s)

2019-01-11 15:16:37 - [MESSAGE][PASSED] - Delayed 2 second(s)

2019-01-11 15:16:37 - [TEST_STEP][PASSED] - closeBrowser(): Browser is closed

2019-01-11 15:16:38 - [MESSAGE][PASSED] - Browser is closed]]></system-out>
         <system-err><![CDATA[]]></system-err>
      </testcase>
      <testcase name="Test Cases/CRUD Data/Delete all Activity" classname="Test Cases/CRUD Data/Delete all Activity" status="PASSED">
         <system-out><![CDATA[2019-01-11 15:16:38 - [TEST_CASE][PASSED] - Test Cases/CRUD Data/Delete all Activity: Test Cases/CRUD Data/Delete all Activity

2019-01-11 15:16:38 - [TEST_STEP][PASSED] - openBrowser(""): Browser is opened with url: ''

2019-01-11 15:16:38 - [MESSAGE][INFO] - Starting 'Chrome' driver

2019-01-11 15:16:41 - [MESSAGE][PASSED] - Browser is opened with url: ''

2019-01-11 15:16:41 - [TEST_STEP][PASSED] - maximizeWindow(): Current window maximized

2019-01-11 15:16:42 - [MESSAGE][PASSED] - Current window maximized

2019-01-11 15:16:42 - [TEST_STEP][PASSED] - navigateToUrl("https://staging.poc.netzon.se/patient/list"): Navigate to 'https://staging.poc.netzon.se/patient/list' successfully

2019-01-11 15:16:48 - [MESSAGE][PASSED] - Navigate to 'https://staging.poc.netzon.se/patient/list' successfully

2019-01-11 15:16:48 - [TEST_STEP][PASSED] - click(findTestObject("Page_Professional/span_Jessica Chastain (1)")): Object: 'Object Repository/Page_Professional/span_Jessica Chastain (1)' is clicked on

2019-01-11 15:16:48 - [MESSAGE][PASSED] - Object: 'Object Repository/Page_Professional/span_Jessica Chastain (1)' is clicked on

2019-01-11 15:16:48 - [TEST_STEP][PASSED] - click(findTestObject("Page_Professional/div_Jessica Chastain (2)")): Object: 'Object Repository/Page_Professional/div_Jessica Chastain (2)' is clicked on

2019-01-11 15:16:49 - [MESSAGE][PASSED] - Object: 'Object Repository/Page_Professional/div_Jessica Chastain (2)' is clicked on

2019-01-11 15:16:49 - [TEST_STEP][PASSED] - click(findTestObject("Page_Professional/img_Activities_ng-tns-c1-0")): Object: 'Object Repository/Page_Professional/img_Activities_ng-tns-c1-0' is clicked on

2019-01-11 15:16:49 - [MESSAGE][PASSED] - Object: 'Object Repository/Page_Professional/img_Activities_ng-tns-c1-0' is clicked on

2019-01-11 15:16:49 - [TEST_STEP][PASSED] - click(findTestObject("Page_Professional/div_Blood Pressure_mat-select-")): Object: 'Object Repository/Page_Professional/div_Blood Pressure_mat-select-' is clicked on

2019-01-11 15:16:50 - [MESSAGE][PASSED] - Object: 'Object Repository/Page_Professional/div_Blood Pressure_mat-select-' is clicked on

2019-01-11 15:16:50 - [TEST_STEP][PASSED] - delay(1): Delayed 1 second(s)

2019-01-11 15:16:51 - [MESSAGE][PASSED] - Delayed 1 second(s)

2019-01-11 15:16:51 - [TEST_STEP][PASSED] - click(findTestObject("Page_Professional/span_Blood Pressure")): Object: 'Object Repository/Page_Professional/span_Blood Pressure' is clicked on

2019-01-11 15:16:51 - [MESSAGE][PASSED] - Object: 'Object Repository/Page_Professional/span_Blood Pressure' is clicked on

2019-01-11 15:16:51 - [TEST_STEP][PASSED] - click(findTestObject("Page_Professional/button_Add")): Object: 'Object Repository/Page_Professional/button_Add' is clicked on

2019-01-11 15:16:52 - [MESSAGE][PASSED] - Object: 'Object Repository/Page_Professional/button_Add' is clicked on

2019-01-11 15:16:52 - [TEST_STEP][PASSED] - delay(3): Delayed 3 second(s)

2019-01-11 15:16:55 - [MESSAGE][PASSED] - Delayed 3 second(s)

2019-01-11 15:16:55 - [TEST_STEP][PASSED] - click(findTestObject("Object Repository/Object Repository/deleteall_Checkbox")): Object: 'Object Repository/Object Repository/deleteall_Checkbox' is clicked on

2019-01-11 15:16:55 - [MESSAGE][PASSED] - Object: 'Object Repository/Object Repository/deleteall_Checkbox' is clicked on

2019-01-11 15:16:55 - [TEST_STEP][PASSED] - click(findTestObject("deleteImage")): Object: 'Object Repository/deleteImage' is clicked on

2019-01-11 15:16:55 - [MESSAGE][PASSED] - Object: 'Object Repository/deleteImage' is clicked on

2019-01-11 15:16:55 - [TEST_STEP][PASSED] - click(findTestObject("CancelDelete")): Object: 'Object Repository/CancelDelete' is clicked on

2019-01-11 15:16:56 - [MESSAGE][PASSED] - Object: 'Object Repository/CancelDelete' is clicked on

2019-01-11 15:16:56 - [TEST_STEP][PASSED] - delay(2): Delayed 2 second(s)

2019-01-11 15:16:58 - [MESSAGE][PASSED] - Delayed 2 second(s)

2019-01-11 15:16:58 - [TEST_STEP][PASSED] - closeBrowser(): Browser is closed

2019-01-11 15:16:58 - [MESSAGE][PASSED] - Browser is closed]]></system-out>
         <system-err><![CDATA[]]></system-err>
      </testcase>
      <testcase name="Test Cases/CRUD Data/BlankAddName" classname="Test Cases/CRUD Data/BlankAddName" status="PASSED">
         <system-out><![CDATA[2019-01-11 15:16:58 - [TEST_CASE][PASSED] - Test Cases/CRUD Data/BlankAddName: Test Cases/CRUD Data/BlankAddName

2019-01-11 15:16:59 - [TEST_STEP][PASSED] - openBrowser(""): Browser is opened with url: ''

2019-01-11 15:16:59 - [MESSAGE][INFO] - Starting 'Chrome' driver

2019-01-11 15:17:01 - [MESSAGE][PASSED] - Browser is opened with url: ''

2019-01-11 15:17:01 - [TEST_STEP][PASSED] - maximizeWindow(): Current window maximized

2019-01-11 15:17:03 - [MESSAGE][PASSED] - Current window maximized

2019-01-11 15:17:03 - [TEST_STEP][PASSED] - navigateToUrl("https://staging.poc.netzon.se/patient/list"): Navigate to 'https://staging.poc.netzon.se/patient/list' successfully

2019-01-11 15:17:08 - [MESSAGE][PASSED] - Navigate to 'https://staging.poc.netzon.se/patient/list' successfully

2019-01-11 15:17:08 - [TEST_STEP][PASSED] - click(findTestObject("Page_Professional/img_Activities_ng-tns-c1-0")): Object: 'Object Repository/Page_Professional/img_Activities_ng-tns-c1-0' is clicked on

2019-01-11 15:17:08 - [MESSAGE][PASSED] - Object: 'Object Repository/Page_Professional/img_Activities_ng-tns-c1-0' is clicked on

2019-01-11 15:17:08 - [TEST_STEP][PASSED] - click(findTestObject("Page_Professional/button_Add")): Object: 'Object Repository/Page_Professional/button_Add' is clicked on

2019-01-11 15:17:10 - [MESSAGE][PASSED] - Object: 'Object Repository/Page_Professional/button_Add' is clicked on

2019-01-11 15:17:10 - [TEST_STEP][PASSED] - verifyElementPresent(findTestObject("TypeError"), 1): Object 'Object Repository/TypeError' is present

2019-01-11 15:17:10 - [MESSAGE][PASSED] - Object 'Object Repository/TypeError' is present

2019-01-11 15:17:10 - [TEST_STEP][PASSED] - closeBrowser(): Browser is closed

2019-01-11 15:17:11 - [MESSAGE][PASSED] - Browser is closed]]></system-out>
         <system-err><![CDATA[]]></system-err>
      </testcase>
      <testcase name="Test Cases/CancelAllDelete" classname="Test Cases/CancelAllDelete" status="PASSED">
         <system-out><![CDATA[2019-01-11 15:17:11 - [TEST_CASE][PASSED] - Test Cases/CancelAllDelete: Test Cases/CancelAllDelete

2019-01-11 15:17:11 - [TEST_STEP][PASSED] - openBrowser(""): Browser is opened with url: ''

2019-01-11 15:17:11 - [MESSAGE][INFO] - Starting 'Chrome' driver

2019-01-11 15:17:14 - [MESSAGE][PASSED] - Browser is opened with url: ''

2019-01-11 15:17:14 - [TEST_STEP][PASSED] - maximizeWindow(): Current window maximized

2019-01-11 15:17:15 - [MESSAGE][PASSED] - Current window maximized

2019-01-11 15:17:15 - [TEST_STEP][PASSED] - navigateToUrl("https://staging.poc.netzon.se/patient/list"): Navigate to 'https://staging.poc.netzon.se/patient/list' successfully

2019-01-11 15:17:20 - [MESSAGE][PASSED] - Navigate to 'https://staging.poc.netzon.se/patient/list' successfully

2019-01-11 15:17:20 - [TEST_STEP][PASSED] - click(findTestObject("Page_Professional/span_Jessica Chastain (1)")): Object: 'Object Repository/Page_Professional/span_Jessica Chastain (1)' is clicked on

2019-01-11 15:17:20 - [MESSAGE][PASSED] - Object: 'Object Repository/Page_Professional/span_Jessica Chastain (1)' is clicked on

2019-01-11 15:17:20 - [TEST_STEP][PASSED] - click(findTestObject("Page_Professional/div_Jessica Chastain (2)")): Object: 'Object Repository/Page_Professional/div_Jessica Chastain (2)' is clicked on

2019-01-11 15:17:21 - [MESSAGE][PASSED] - Object: 'Object Repository/Page_Professional/div_Jessica Chastain (2)' is clicked on

2019-01-11 15:17:21 - [TEST_STEP][PASSED] - click(findTestObject("Page_Professional/img_Activities_ng-tns-c1-0")): Object: 'Object Repository/Page_Professional/img_Activities_ng-tns-c1-0' is clicked on

2019-01-11 15:17:22 - [MESSAGE][PASSED] - Object: 'Object Repository/Page_Professional/img_Activities_ng-tns-c1-0' is clicked on

2019-01-11 15:17:22 - [TEST_STEP][PASSED] - click(findTestObject("Page_Professional/div_Blood Pressure_mat-select-")): Object: 'Object Repository/Page_Professional/div_Blood Pressure_mat-select-' is clicked on

2019-01-11 15:17:23 - [MESSAGE][PASSED] - Object: 'Object Repository/Page_Professional/div_Blood Pressure_mat-select-' is clicked on

2019-01-11 15:17:23 - [TEST_STEP][PASSED] - delay(1): Delayed 1 second(s)

2019-01-11 15:17:24 - [MESSAGE][PASSED] - Delayed 1 second(s)

2019-01-11 15:17:24 - [TEST_STEP][PASSED] - click(findTestObject("Page_Professional/span_Blood Pressure")): Object: 'Object Repository/Page_Professional/span_Blood Pressure' is clicked on

2019-01-11 15:17:24 - [MESSAGE][PASSED] - Object: 'Object Repository/Page_Professional/span_Blood Pressure' is clicked on

2019-01-11 15:17:24 - [TEST_STEP][PASSED] - click(findTestObject("Page_Professional/button_Add")): Object: 'Object Repository/Page_Professional/button_Add' is clicked on

2019-01-11 15:17:24 - [MESSAGE][PASSED] - Object: 'Object Repository/Page_Professional/button_Add' is clicked on

2019-01-11 15:17:24 - [TEST_STEP][PASSED] - delay(3): Delayed 3 second(s)

2019-01-11 15:17:27 - [MESSAGE][PASSED] - Delayed 3 second(s)

2019-01-11 15:17:27 - [TEST_STEP][PASSED] - click(findTestObject("Object Repository/Object Repository/deleteall_Checkbox")): Object: 'Object Repository/Object Repository/deleteall_Checkbox' is clicked on

2019-01-11 15:17:27 - [MESSAGE][PASSED] - Object: 'Object Repository/Object Repository/deleteall_Checkbox' is clicked on

2019-01-11 15:17:27 - [TEST_STEP][PASSED] - click(findTestObject("deleteImage")): Object: 'Object Repository/deleteImage' is clicked on

2019-01-11 15:17:28 - [MESSAGE][PASSED] - Object: 'Object Repository/deleteImage' is clicked on

2019-01-11 15:17:28 - [TEST_STEP][PASSED] - click(findTestObject("CancelDelete")): Object: 'Object Repository/CancelDelete' is clicked on

2019-01-11 15:17:28 - [MESSAGE][PASSED] - Object: 'Object Repository/CancelDelete' is clicked on

2019-01-11 15:17:28 - [TEST_STEP][PASSED] - delay(2): Delayed 2 second(s)

2019-01-11 15:17:30 - [MESSAGE][PASSED] - Delayed 2 second(s)

2019-01-11 15:17:30 - [TEST_STEP][PASSED] - closeBrowser(): Browser is closed

2019-01-11 15:17:31 - [MESSAGE][PASSED] - Browser is closed]]></system-out>
         <system-err><![CDATA[]]></system-err>
      </testcase>
      <testcase name="Test Cases/CRUD Data/Add Activity with Date" classname="Test Cases/CRUD Data/Add Activity with Date" status="PASSED">
         <system-out><![CDATA[2019-01-11 15:17:31 - [TEST_CASE][PASSED] - Test Cases/CRUD Data/Add Activity with Date: Test Cases/CRUD Data/Add Activity with Date

2019-01-11 15:17:31 - [TEST_STEP][PASSED] - openBrowser(""): Browser is opened with url: ''

2019-01-11 15:17:31 - [MESSAGE][INFO] - Starting 'Chrome' driver

2019-01-11 15:17:34 - [MESSAGE][PASSED] - Browser is opened with url: ''

2019-01-11 15:17:34 - [TEST_STEP][PASSED] - maximizeWindow(): Current window maximized

2019-01-11 15:17:35 - [MESSAGE][PASSED] - Current window maximized

2019-01-11 15:17:35 - [TEST_STEP][PASSED] - navigateToUrl("https://staging.poc.netzon.se/patient/list"): Navigate to 'https://staging.poc.netzon.se/patient/list' successfully

2019-01-11 15:17:40 - [MESSAGE][PASSED] - Navigate to 'https://staging.poc.netzon.se/patient/list' successfully

2019-01-11 15:17:40 - [TEST_STEP][PASSED] - click(findTestObject("Object Repository/Page_Professional/img_Activities_ng-tns-c1-0 (3) (1)")): Object: 'Object Repository/Page_Professional/img_Activities_ng-tns-c1-0 (3) (1)' is clicked on

2019-01-11 15:17:41 - [MESSAGE][PASSED] - Object: 'Object Repository/Page_Professional/img_Activities_ng-tns-c1-0 (3) (1)' is clicked on

2019-01-11 15:17:41 - [TEST_STEP][PASSED] - click(findTestObject("Object Repository/Page_Professional/div_Type_mat-select-arrow (2) (1)")): Object: 'Object Repository/Page_Professional/div_Type_mat-select-arrow (2) (1)' is clicked on

2019-01-11 15:17:41 - [MESSAGE][PASSED] - Object: 'Object Repository/Page_Professional/div_Type_mat-select-arrow (2) (1)' is clicked on

2019-01-11 15:17:41 - [TEST_STEP][PASSED] - delay(1): Delayed 1 second(s)

2019-01-11 15:17:42 - [MESSAGE][PASSED] - Delayed 1 second(s)

2019-01-11 15:17:42 - [TEST_STEP][PASSED] - click(findTestObject("Object Repository/Page_Professional/span_Blood Pressure (3)")): Object: 'Object Repository/Page_Professional/span_Blood Pressure (3)' is clicked on

2019-01-11 15:17:43 - [MESSAGE][PASSED] - Object: 'Object Repository/Page_Professional/span_Blood Pressure (3)' is clicked on

2019-01-11 15:17:43 - [TEST_STEP][PASSED] - click(findTestObject("Object Repository/Page_Professional/button_Date_mat-icon-button cd")): Object: 'Object Repository/Page_Professional/button_Date_mat-icon-button cd' is clicked on

2019-01-11 15:17:43 - [MESSAGE][PASSED] - Object: 'Object Repository/Page_Professional/button_Date_mat-icon-button cd' is clicked on

2019-01-11 15:17:43 - [TEST_STEP][PASSED] - delay(1): Delayed 1 second(s)

2019-01-11 15:17:44 - [MESSAGE][PASSED] - Delayed 1 second(s)

2019-01-11 15:17:44 - [TEST_STEP][PASSED] - click(findTestObject("Object Repository/Page_Professional/div_14 (1)")): Object: 'Object Repository/Page_Professional/div_14 (1)' is clicked on

2019-01-11 15:17:44 - [MESSAGE][PASSED] - Object: 'Object Repository/Page_Professional/div_14 (1)' is clicked on

2019-01-11 15:17:44 - [TEST_STEP][PASSED] - delay(1): Delayed 1 second(s)

2019-01-11 15:17:45 - [MESSAGE][PASSED] - Delayed 1 second(s)

2019-01-11 15:17:45 - [TEST_STEP][PASSED] - click(findTestObject("Object Repository/Page_Professional/button_Add (3)")): Object: 'Object Repository/Page_Professional/button_Add (3)' is clicked on

2019-01-11 15:17:46 - [MESSAGE][PASSED] - Object: 'Object Repository/Page_Professional/button_Add (3)' is clicked on

2019-01-11 15:17:46 - [TEST_STEP][PASSED] - delay(2): Delayed 2 second(s)

2019-01-11 15:17:48 - [MESSAGE][PASSED] - Delayed 2 second(s)

2019-01-11 15:17:48 - [TEST_STEP][PASSED] - closeBrowser(): Browser is closed

2019-01-11 15:17:49 - [MESSAGE][PASSED] - Browser is closed]]></system-out>
         <system-err><![CDATA[]]></system-err>
      </testcase>
      <testcase name="Test Cases/Show Graph" classname="Test Cases/Show Graph" status="PASSED">
         <system-out><![CDATA[2019-01-11 15:17:49 - [TEST_CASE][PASSED] - Test Cases/Show Graph: Test Cases/Show Graph

2019-01-11 15:17:49 - [TEST_STEP][PASSED] - openBrowser(""): Browser is opened with url: ''

2019-01-11 15:17:49 - [MESSAGE][INFO] - Starting 'Chrome' driver

2019-01-11 15:17:52 - [MESSAGE][PASSED] - Browser is opened with url: ''

2019-01-11 15:17:52 - [TEST_STEP][PASSED] - maximizeWindow(): Current window maximized

2019-01-11 15:17:53 - [MESSAGE][PASSED] - Current window maximized

2019-01-11 15:17:53 - [TEST_STEP][PASSED] - navigateToUrl("https://poc.netzon.se/patient/list"): Navigate to 'https://poc.netzon.se/patient/list' successfully

2019-01-11 15:17:59 - [MESSAGE][PASSED] - Navigate to 'https://poc.netzon.se/patient/list' successfully

2019-01-11 15:17:59 - [TEST_STEP][PASSED] - click(findTestObject("Object Repository/Page_Professional/div_Jessica Chastain")): Object: 'Object Repository/Page_Professional/div_Jessica Chastain' is clicked on

2019-01-11 15:17:59 - [MESSAGE][PASSED] - Object: 'Object Repository/Page_Professional/div_Jessica Chastain' is clicked on

2019-01-11 15:17:59 - [TEST_STEP][PASSED] - click(findTestObject("Object Repository/Page_Professional/div_Brie Larson  brie.larsonma")): Object: 'Object Repository/Page_Professional/div_Brie Larson  brie.larsonma' is clicked on

2019-01-11 15:18:00 - [MESSAGE][PASSED] - Object: 'Object Repository/Page_Professional/div_Brie Larson  brie.larsonma' is clicked on

2019-01-11 15:18:00 - [TEST_STEP][PASSED] - click(findTestObject("Object Repository/Page_Professional/div_Jessica Chastain")): Object: 'Object Repository/Page_Professional/div_Jessica Chastain' is clicked on

2019-01-11 15:18:00 - [MESSAGE][PASSED] - Object: 'Object Repository/Page_Professional/div_Jessica Chastain' is clicked on

2019-01-11 15:18:00 - [TEST_STEP][PASSED] - click(findTestObject("Object Repository/Page_Professional/div_James Franco  james.franco")): Object: 'Object Repository/Page_Professional/div_James Franco  james.franco' is clicked on

2019-01-11 15:18:00 - [MESSAGE][PASSED] - Object: 'Object Repository/Page_Professional/div_James Franco  james.franco' is clicked on

2019-01-11 15:18:00 - [TEST_STEP][PASSED] - click(findTestObject("Object Repository/Page_Professional/span_Show Graph (1)")): Object: 'Object Repository/Page_Professional/span_Show Graph (1)' is clicked on

2019-01-11 15:18:01 - [MESSAGE][PASSED] - Object: 'Object Repository/Page_Professional/span_Show Graph (1)' is clicked on

2019-01-11 15:18:01 - [TEST_STEP][PASSED] - delay(3): Delayed 3 second(s)

2019-01-11 15:18:04 - [MESSAGE][PASSED] - Delayed 3 second(s)

2019-01-11 15:18:04 - [TEST_STEP][PASSED] - click(findTestObject("Object Repository/Page_Professional/span_Hide Graph")): Object: 'Object Repository/Page_Professional/span_Hide Graph' is clicked on

2019-01-11 15:18:04 - [MESSAGE][PASSED] - Object: 'Object Repository/Page_Professional/span_Hide Graph' is clicked on

2019-01-11 15:18:04 - [TEST_STEP][PASSED] - closeBrowser(): Browser is closed

2019-01-11 15:18:05 - [MESSAGE][PASSED] - Browser is closed]]></system-out>
         <system-err><![CDATA[]]></system-err>
      </testcase>
      <system-out><![CDATA[2019-01-11 15:14:21 - [TEST_SUITE][PASSED] - Chrome Test Suite Case: Test Cases/Show Graph]]></system-out>
      <system-err><![CDATA[]]></system-err>
   </testsuite>
</testsuites>
