<?xml version="1.0" encoding="UTF-8"?>
<testsuites name="Chrome Test Suite Case" time="215" tests="9" failures="0" errors="0">
   <testsuite name="Chrome Test Suite Case" tests="9" failures="0" errors="0" time="215" timestamp="2019-01-10 14:48:36" hostname="netzon.rhobert - netzon-jlaw" id="Test Suites/Chrome Test Suite Case">
      <properties>
         <property name="deviceName" value=""/>
         <property name="devicePlatform" value=""/>
         <property name="logFolder" value="C:\\Users\\netzon.rhobert\\git\\POC HOPE\\Reports\\Chrome Test Suite Case\\20190110_144827"/>
         <property name="logFiles" value="C:\\Users\\netzon.rhobert\\git\\POC HOPE\\Reports\\Chrome Test Suite Case\\20190110_144827\\execution0.log"/>
         <property name="attachments" value=""/>
         <property name="hostName" value="netzon.rhobert - netzon-jlaw"/>
         <property name="os" value="Windows 10 64bit"/>
         <property name="katalonVersion" value="5.10.1.1"/>
         <property name="browser" value="Chrome 71.0.3578.98"/>
         <property name="hostAddress" value="10.0.75.1"/>
         <property name="sessionId" value="bb805cd9f4e00eb28c2d6198f097bc3e"/>
         <property name="seleniumVersion" value="3.7.1"/>
         <property name="proxyInformation" value="ProxyInformation{proxyOption=NO_PROXY, proxyServerType=HTTP, password=, proxyServerAddress=, proxyServerPort=0}"/>
         <property name="platform" value="Windows 10"/>
      </properties>
      <testcase name="Test Cases/CRUD Data/Add Activity with Time and Date" classname="Test Cases/CRUD Data/Add Activity with Time and Date" status="PASSED">
         <system-out><![CDATA[2019-01-10 14:48:37 - [TEST_CASE][PASSED] - Test Cases/CRUD Data/Add Activity with Time and Date: Test Cases/CRUD Data/Add Activity with Time and Date

2019-01-10 14:48:37 - [TEST_STEP][PASSED] - openBrowser(""): Browser is opened with url: ''

2019-01-10 14:48:39 - [MESSAGE][INFO] - Starting 'Chrome' driver

2019-01-10 14:48:39 - [MESSAGE][INFO] - Action delay is set to 0 seconds

2019-01-10 14:48:46 - [MESSAGE][PASSED] - Browser is opened with url: ''

2019-01-10 14:48:46 - [TEST_STEP][PASSED] - navigateToUrl("https://staging.poc.netzon.se/patient/list"): Navigate to 'https://staging.poc.netzon.se/patient/list' successfully

2019-01-10 14:48:52 - [MESSAGE][PASSED] - Navigate to 'https://staging.poc.netzon.se/patient/list' successfully

2019-01-10 14:48:52 - [TEST_STEP][PASSED] - click(findTestObject("Page_Professional/div_Jessica Chastain")): Object: 'Object Repository/Page_Professional/div_Jessica Chastain' is clicked on

2019-01-10 14:48:53 - [MESSAGE][PASSED] - Object: 'Object Repository/Page_Professional/div_Jessica Chastain' is clicked on

2019-01-10 14:48:53 - [TEST_STEP][PASSED] - click(findTestObject("Page_Professional/img_Activities_ng-tns-c1-0 (3) (1) (1)")): Object: 'Object Repository/Page_Professional/img_Activities_ng-tns-c1-0 (3) (1) (1)' is clicked on

2019-01-10 14:48:54 - [MESSAGE][PASSED] - Object: 'Object Repository/Page_Professional/img_Activities_ng-tns-c1-0 (3) (1) (1)' is clicked on

2019-01-10 14:48:54 - [TEST_STEP][PASSED] - click(findTestObject("Page_Professional/div_Type_mat-select-arrow (2) (1) (1)")): Object: 'Object Repository/Page_Professional/div_Type_mat-select-arrow (2) (1) (1)' is clicked on

2019-01-10 14:48:56 - [MESSAGE][PASSED] - Object: 'Object Repository/Page_Professional/div_Type_mat-select-arrow (2) (1) (1)' is clicked on

2019-01-10 14:48:56 - [TEST_STEP][PASSED] - delay(1): Delayed 1 second(s)

2019-01-10 14:48:57 - [MESSAGE][PASSED] - Delayed 1 second(s)

2019-01-10 14:48:57 - [TEST_STEP][PASSED] - click(findTestObject("Page_Professional/span_Blood Pressure (3) (1)")): Object: 'Object Repository/Page_Professional/span_Blood Pressure (3) (1)' is clicked on

2019-01-10 14:48:58 - [MESSAGE][PASSED] - Object: 'Object Repository/Page_Professional/span_Blood Pressure (3) (1)' is clicked on

2019-01-10 14:48:58 - [TEST_STEP][PASSED] - click(findTestObject("Page_Professional/button_Date_mat-icon-button cd (1)")): Object: 'Object Repository/Page_Professional/button_Date_mat-icon-button cd (1)' is clicked on

2019-01-10 14:48:59 - [MESSAGE][PASSED] - Object: 'Object Repository/Page_Professional/button_Date_mat-icon-button cd (1)' is clicked on

2019-01-10 14:48:59 - [TEST_STEP][PASSED] - delay(1): Delayed 1 second(s)

2019-01-10 14:49:00 - [MESSAGE][PASSED] - Delayed 1 second(s)

2019-01-10 14:49:00 - [TEST_STEP][PASSED] - click(findTestObject("Page_Professional/div_14 (1) (1)")): Object: 'Object Repository/Page_Professional/div_14 (1) (1)' is clicked on

2019-01-10 14:49:00 - [MESSAGE][PASSED] - Object: 'Object Repository/Page_Professional/div_14 (1) (1)' is clicked on

2019-01-10 14:49:00 - [TEST_STEP][PASSED] - delay(1): Delayed 1 second(s)

2019-01-10 14:49:01 - [MESSAGE][PASSED] - Delayed 1 second(s)

2019-01-10 14:49:01 - [TEST_STEP][PASSED] - click(findTestObject("Page_Professional/mat-icon_access_time (1)")): Object: 'Object Repository/Page_Professional/mat-icon_access_time (1)' is clicked on

2019-01-10 14:49:02 - [MESSAGE][PASSED] - Object: 'Object Repository/Page_Professional/mat-icon_access_time (1)' is clicked on

2019-01-10 14:49:02 - [TEST_STEP][PASSED] - delay(1): Delayed 1 second(s)

2019-01-10 14:49:03 - [MESSAGE][PASSED] - Delayed 1 second(s)

2019-01-10 14:49:03 - [TEST_STEP][PASSED] - click(findTestObject("Page_Professional/span_14 (1)")): Object: 'Object Repository/Page_Professional/span_14 (1)' is clicked on

2019-01-10 14:49:03 - [MESSAGE][PASSED] - Object: 'Object Repository/Page_Professional/span_14 (1)' is clicked on

2019-01-10 14:49:03 - [TEST_STEP][PASSED] - delay(1): Delayed 1 second(s)

2019-01-10 14:49:04 - [MESSAGE][PASSED] - Delayed 1 second(s)

2019-01-10 14:49:04 - [TEST_STEP][PASSED] - click(findTestObject("Page_Professional/span_Ok (1)")): Object: 'Object Repository/Page_Professional/span_Ok (1)' is clicked on

2019-01-10 14:49:04 - [MESSAGE][PASSED] - Object: 'Object Repository/Page_Professional/span_Ok (1)' is clicked on

2019-01-10 14:49:04 - [TEST_STEP][PASSED] - delay(1): Delayed 1 second(s)

2019-01-10 14:49:05 - [MESSAGE][PASSED] - Delayed 1 second(s)

2019-01-10 14:49:05 - [TEST_STEP][PASSED] - click(findTestObject("AddButton")): Object: 'Object Repository/AddButton' is clicked on

2019-01-10 14:49:06 - [MESSAGE][PASSED] - Object: 'Object Repository/AddButton' is clicked on

2019-01-10 14:49:06 - [TEST_STEP][PASSED] - delay(2): Delayed 2 second(s)

2019-01-10 14:49:08 - [MESSAGE][PASSED] - Delayed 2 second(s)

2019-01-10 14:49:08 - [TEST_STEP][PASSED] - closeBrowser(): Browser is closed

2019-01-10 14:49:09 - [MESSAGE][PASSED] - Browser is closed]]></system-out>
         <system-err><![CDATA[]]></system-err>
      </testcase>
      <testcase name="Test Cases/CRUD Data/Chrome Add Activity" classname="Test Cases/CRUD Data/Chrome Add Activity" status="PASSED">
         <system-out><![CDATA[2019-01-10 14:49:09 - [TEST_CASE][PASSED] - Test Cases/CRUD Data/Chrome Add Activity: Test Cases/CRUD Data/Chrome Add Activity

2019-01-10 14:49:10 - [TEST_STEP][PASSED] - openBrowser(""): Browser is opened with url: ''

2019-01-10 14:49:10 - [MESSAGE][INFO] - Starting 'Chrome' driver

2019-01-10 14:49:13 - [MESSAGE][PASSED] - Browser is opened with url: ''

2019-01-10 14:49:13 - [TEST_STEP][PASSED] - navigateToUrl("https://staging.poc.netzon.se/patient/list"): Navigate to 'https://staging.poc.netzon.se/patient/list' successfully

2019-01-10 14:49:19 - [MESSAGE][PASSED] - Navigate to 'https://staging.poc.netzon.se/patient/list' successfully

2019-01-10 14:49:19 - [TEST_STEP][PASSED] - click(findTestObject("Page_Professional/div_Jessica Chastain (2)")): Object: 'Object Repository/Page_Professional/div_Jessica Chastain (2)' is clicked on

2019-01-10 14:49:19 - [MESSAGE][PASSED] - Object: 'Object Repository/Page_Professional/div_Jessica Chastain (2)' is clicked on

2019-01-10 14:49:19 - [TEST_STEP][PASSED] - click(findTestObject("PlusSymbol")): Object: 'Object Repository/PlusSymbol' is clicked on

2019-01-10 14:49:21 - [MESSAGE][PASSED] - Object: 'Object Repository/PlusSymbol' is clicked on

2019-01-10 14:49:21 - [TEST_STEP][PASSED] - doubleClick(findTestObject("Page_Professional/div_Blood Pressure_mat-select-")): Object: 'Object Repository/Page_Professional/div_Blood Pressure_mat-select-' is double clicked on

2019-01-10 14:49:23 - [MESSAGE][PASSED] - Object: 'Object Repository/Page_Professional/div_Blood Pressure_mat-select-' is double clicked on

2019-01-10 14:49:23 - [TEST_STEP][PASSED] - click(findTestObject("Page_Professional/span_Blood Pressure")): Object: 'Object Repository/Page_Professional/span_Blood Pressure' is clicked on

2019-01-10 14:49:24 - [MESSAGE][PASSED] - Object: 'Object Repository/Page_Professional/span_Blood Pressure' is clicked on

2019-01-10 14:49:24 - [TEST_STEP][PASSED] - click(findTestObject("Page_Professional/button_Add")): Object: 'Object Repository/Page_Professional/button_Add' is clicked on

2019-01-10 14:49:25 - [MESSAGE][PASSED] - Object: 'Object Repository/Page_Professional/button_Add' is clicked on

2019-01-10 14:49:25 - [TEST_STEP][PASSED] - delay(3): Delayed 3 second(s)

2019-01-10 14:49:28 - [MESSAGE][PASSED] - Delayed 3 second(s)

2019-01-10 14:49:28 - [TEST_STEP][PASSED] - closeBrowser(): Browser is closed

2019-01-10 14:49:29 - [MESSAGE][PASSED] - Browser is closed]]></system-out>
         <system-err><![CDATA[]]></system-err>
      </testcase>
      <testcase name="Test Cases/CRUD Data/Chrome Delete Activity" classname="Test Cases/CRUD Data/Chrome Delete Activity" status="PASSED">
         <system-out><![CDATA[2019-01-10 14:49:29 - [TEST_CASE][PASSED] - Test Cases/CRUD Data/Chrome Delete Activity: Test Cases/CRUD Data/Chrome Delete Activity

2019-01-10 14:49:30 - [TEST_STEP][PASSED] - openBrowser(""): Browser is opened with url: ''

2019-01-10 14:49:30 - [MESSAGE][INFO] - Starting 'Chrome' driver

2019-01-10 14:49:35 - [MESSAGE][PASSED] - Browser is opened with url: ''

2019-01-10 14:49:35 - [TEST_STEP][PASSED] - navigateToUrl("https://staging.poc.netzon.se/patient/list"): Navigate to 'https://staging.poc.netzon.se/patient/list' successfully

2019-01-10 14:49:47 - [MESSAGE][PASSED] - Navigate to 'https://staging.poc.netzon.se/patient/list' successfully

2019-01-10 14:49:47 - [TEST_STEP][PASSED] - click(findTestObject("Page_Professional/div_Michael Bay")): Object: 'Object Repository/Page_Professional/div_Michael Bay' is clicked on

2019-01-10 14:49:48 - [MESSAGE][PASSED] - Object: 'Object Repository/Page_Professional/div_Michael Bay' is clicked on

2019-01-10 14:49:48 - [TEST_STEP][PASSED] - click(findTestObject("Page_Professional/div_Brie Larson (1)")): Object: 'Object Repository/Page_Professional/div_Brie Larson (1)' is clicked on

2019-01-10 14:49:48 - [MESSAGE][PASSED] - Object: 'Object Repository/Page_Professional/div_Brie Larson (1)' is clicked on

2019-01-10 14:49:48 - [TEST_STEP][PASSED] - click(findTestObject("Page_Professional/span_brie.larsonmailinator.com")): Object: 'Object Repository/Page_Professional/span_brie.larsonmailinator.com' is clicked on

2019-01-10 14:49:49 - [MESSAGE][PASSED] - Object: 'Object Repository/Page_Professional/span_brie.larsonmailinator.com' is clicked on

2019-01-10 14:49:49 - [TEST_STEP][PASSED] - click(findTestObject("Page_Professional/div_Jessica Chastain (3)")): Object: 'Object Repository/Page_Professional/div_Jessica Chastain (3)' is clicked on

2019-01-10 14:49:49 - [MESSAGE][PASSED] - Object: 'Object Repository/Page_Professional/div_Jessica Chastain (3)' is clicked on

2019-01-10 14:49:49 - [TEST_STEP][PASSED] - click(findTestObject("Page_Professional/div_Jessica Chastain (2)")): Object: 'Object Repository/Page_Professional/div_Jessica Chastain (2)' is clicked on

2019-01-10 14:49:50 - [MESSAGE][PASSED] - Object: 'Object Repository/Page_Professional/div_Jessica Chastain (2)' is clicked on

2019-01-10 14:49:50 - [TEST_STEP][PASSED] - click(findTestObject("Page_Professional/img_Activities_ng-tns-c1-0")): Object: 'Object Repository/Page_Professional/img_Activities_ng-tns-c1-0' is clicked on

2019-01-10 14:49:51 - [MESSAGE][PASSED] - Object: 'Object Repository/Page_Professional/img_Activities_ng-tns-c1-0' is clicked on

2019-01-10 14:49:51 - [TEST_STEP][PASSED] - doubleClick(findTestObject("Page_Professional/div_Blood Pressure_mat-select-")): Object: 'Object Repository/Page_Professional/div_Blood Pressure_mat-select-' is double clicked on

2019-01-10 14:49:54 - [MESSAGE][PASSED] - Object: 'Object Repository/Page_Professional/div_Blood Pressure_mat-select-' is double clicked on

2019-01-10 14:49:54 - [TEST_STEP][PASSED] - click(findTestObject("Page_Professional/span_Blood Pressure")): Object: 'Object Repository/Page_Professional/span_Blood Pressure' is clicked on

2019-01-10 14:49:54 - [MESSAGE][PASSED] - Object: 'Object Repository/Page_Professional/span_Blood Pressure' is clicked on

2019-01-10 14:49:54 - [TEST_STEP][PASSED] - click(findTestObject("Page_Professional/button_Add")): Object: 'Object Repository/Page_Professional/button_Add' is clicked on

2019-01-10 14:49:54 - [MESSAGE][PASSED] - Object: 'Object Repository/Page_Professional/button_Add' is clicked on

2019-01-10 14:49:54 - [TEST_STEP][PASSED] - delay(3): Delayed 3 second(s)

2019-01-10 14:49:57 - [MESSAGE][PASSED] - Delayed 3 second(s)

2019-01-10 14:49:57 - [TEST_STEP][PASSED] - click(findTestObject("Object Repository/2ndcheckbox")): Object: 'Object Repository/2ndcheckbox' is clicked on

2019-01-10 14:49:58 - [MESSAGE][PASSED] - Object: 'Object Repository/2ndcheckbox' is clicked on

2019-01-10 14:49:58 - [TEST_STEP][PASSED] - click(findTestObject("Page_Professional/img_Activities_ng-tns-c1-0 (5)")): Object: 'Object Repository/Page_Professional/img_Activities_ng-tns-c1-0 (5)' is clicked on

2019-01-10 14:49:58 - [MESSAGE][PASSED] - Object: 'Object Repository/Page_Professional/img_Activities_ng-tns-c1-0 (5)' is clicked on

2019-01-10 14:49:58 - [TEST_STEP][PASSED] - delay(1): Delayed 1 second(s)

2019-01-10 14:49:59 - [MESSAGE][PASSED] - Delayed 1 second(s)

2019-01-10 14:49:59 - [TEST_STEP][PASSED] - click(findTestObject("RemoveButton")): Object: 'Object Repository/RemoveButton' is clicked on

2019-01-10 14:50:00 - [MESSAGE][PASSED] - Object: 'Object Repository/RemoveButton' is clicked on

2019-01-10 14:50:00 - [TEST_STEP][PASSED] - delay(2): Delayed 2 second(s)

2019-01-10 14:50:02 - [MESSAGE][PASSED] - Delayed 2 second(s)

2019-01-10 14:50:02 - [TEST_STEP][PASSED] - closeBrowser(): Browser is closed

2019-01-10 14:50:02 - [MESSAGE][PASSED] - Browser is closed]]></system-out>
         <system-err><![CDATA[]]></system-err>
      </testcase>
      <testcase name="Test Cases/CRUD Data/Chrome Trial Test Case" classname="Test Cases/CRUD Data/Chrome Trial Test Case" status="PASSED">
         <system-out><![CDATA[2019-01-10 14:50:02 - [TEST_CASE][PASSED] - Test Cases/CRUD Data/Chrome Trial Test Case: Test Cases/CRUD Data/Chrome Trial Test Case

2019-01-10 14:50:03 - [TEST_STEP][PASSED] - delay(5): Delayed 5 second(s)

2019-01-10 14:50:08 - [MESSAGE][PASSED] - Delayed 5 second(s)

2019-01-10 14:50:08 - [TEST_STEP][PASSED] - openBrowser(""): Browser is opened with url: ''

2019-01-10 14:50:08 - [MESSAGE][INFO] - Starting 'Chrome' driver

2019-01-10 14:50:14 - [MESSAGE][PASSED] - Browser is opened with url: ''

2019-01-10 14:50:14 - [TEST_STEP][PASSED] - driver = getWebDriver(): null

2019-01-10 14:50:14 - [TEST_STEP][PASSED] - navigateToUrl("https://staging.poc.netzon.se/patient/list"): Navigate to 'https://staging.poc.netzon.se/patient/list' successfully

2019-01-10 14:50:21 - [MESSAGE][PASSED] - Navigate to 'https://staging.poc.netzon.se/patient/list' successfully

2019-01-10 14:50:21 - [TEST_STEP][PASSED] - click(findTestObject("Page_Professional/img_Activities_ng-tns-c1-0")): Object: 'Object Repository/Page_Professional/img_Activities_ng-tns-c1-0' is clicked on

2019-01-10 14:50:22 - [MESSAGE][PASSED] - Object: 'Object Repository/Page_Professional/img_Activities_ng-tns-c1-0' is clicked on

2019-01-10 14:50:22 - [TEST_STEP][PASSED] - doubleClick(findTestObject("Page_Professional/div_Blood Pressure_mat-select-")): Object: 'Object Repository/Page_Professional/div_Blood Pressure_mat-select-' is double clicked on

2019-01-10 14:50:23 - [MESSAGE][PASSED] - Object: 'Object Repository/Page_Professional/div_Blood Pressure_mat-select-' is double clicked on

2019-01-10 14:50:23 - [TEST_STEP][PASSED] - click(findTestObject("Page_Professional/span_Blood Pressure")): Object: 'Object Repository/Page_Professional/span_Blood Pressure' is clicked on

2019-01-10 14:50:23 - [MESSAGE][PASSED] - Object: 'Object Repository/Page_Professional/span_Blood Pressure' is clicked on

2019-01-10 14:50:23 - [TEST_STEP][PASSED] - delay(2): Delayed 2 second(s)

2019-01-10 14:50:25 - [MESSAGE][PASSED] - Delayed 2 second(s)

2019-01-10 14:50:25 - [TEST_STEP][PASSED] - xpath("//*[@id="mat-dialog-0"]/app-activity-add/div/div[2]/div[2]/mat-form-field/div/div[1]/div[2]/mat-datepicker-toggle/button")).click(): null

2019-01-10 14:50:26 - [TEST_STEP][PASSED] - delay(2): Delayed 2 second(s)

2019-01-10 14:50:28 - [MESSAGE][PASSED] - Delayed 2 second(s)

2019-01-10 14:50:28 - [TEST_STEP][PASSED] - xpath("//div[text()='9']")).click(): null

2019-01-10 14:50:29 - [TEST_STEP][PASSED] - delay(2): Delayed 2 second(s)

2019-01-10 14:50:31 - [MESSAGE][PASSED] - Delayed 2 second(s)

2019-01-10 14:50:31 - [TEST_STEP][PASSED] - closeBrowser(): Browser is closed

2019-01-10 14:50:32 - [MESSAGE][PASSED] - Browser is closed]]></system-out>
         <system-err><![CDATA[]]></system-err>
      </testcase>
      <testcase name="Test Cases/CRUD Data/Delete all Activity" classname="Test Cases/CRUD Data/Delete all Activity" status="PASSED">
         <system-out><![CDATA[2019-01-10 14:50:32 - [TEST_CASE][PASSED] - Test Cases/CRUD Data/Delete all Activity: Test Cases/CRUD Data/Delete all Activity

2019-01-10 14:50:33 - [TEST_STEP][PASSED] - openBrowser(""): Browser is opened with url: ''

2019-01-10 14:50:33 - [MESSAGE][INFO] - Starting 'Chrome' driver

2019-01-10 14:50:35 - [MESSAGE][PASSED] - Browser is opened with url: ''

2019-01-10 14:50:35 - [TEST_STEP][PASSED] - navigateToUrl("https://staging.poc.netzon.se/patient/list"): Navigate to 'https://staging.poc.netzon.se/patient/list' successfully

2019-01-10 14:50:41 - [MESSAGE][PASSED] - Navigate to 'https://staging.poc.netzon.se/patient/list' successfully

2019-01-10 14:50:41 - [TEST_STEP][PASSED] - click(findTestObject("Page_Professional/span_Jessica Chastain (1)")): Object: 'Object Repository/Page_Professional/span_Jessica Chastain (1)' is clicked on

2019-01-10 14:50:42 - [MESSAGE][PASSED] - Object: 'Object Repository/Page_Professional/span_Jessica Chastain (1)' is clicked on

2019-01-10 14:50:42 - [TEST_STEP][PASSED] - click(findTestObject("Page_Professional/div_Jessica Chastain (2)")): Object: 'Object Repository/Page_Professional/div_Jessica Chastain (2)' is clicked on

2019-01-10 14:50:43 - [MESSAGE][PASSED] - Object: 'Object Repository/Page_Professional/div_Jessica Chastain (2)' is clicked on

2019-01-10 14:50:43 - [TEST_STEP][PASSED] - click(findTestObject("Page_Professional/img_Activities_ng-tns-c1-0")): Object: 'Object Repository/Page_Professional/img_Activities_ng-tns-c1-0' is clicked on

2019-01-10 14:50:44 - [MESSAGE][PASSED] - Object: 'Object Repository/Page_Professional/img_Activities_ng-tns-c1-0' is clicked on

2019-01-10 14:50:44 - [TEST_STEP][PASSED] - click(findTestObject("Page_Professional/div_Blood Pressure_mat-select-")): Object: 'Object Repository/Page_Professional/div_Blood Pressure_mat-select-' is clicked on

2019-01-10 14:50:46 - [MESSAGE][PASSED] - Object: 'Object Repository/Page_Professional/div_Blood Pressure_mat-select-' is clicked on

2019-01-10 14:50:46 - [TEST_STEP][PASSED] - delay(1): Delayed 1 second(s)

2019-01-10 14:50:47 - [MESSAGE][PASSED] - Delayed 1 second(s)

2019-01-10 14:50:47 - [TEST_STEP][PASSED] - click(findTestObject("Page_Professional/span_Blood Pressure")): Object: 'Object Repository/Page_Professional/span_Blood Pressure' is clicked on

2019-01-10 14:50:47 - [MESSAGE][PASSED] - Object: 'Object Repository/Page_Professional/span_Blood Pressure' is clicked on

2019-01-10 14:50:47 - [TEST_STEP][PASSED] - click(findTestObject("Page_Professional/button_Add")): Object: 'Object Repository/Page_Professional/button_Add' is clicked on

2019-01-10 14:50:47 - [MESSAGE][PASSED] - Object: 'Object Repository/Page_Professional/button_Add' is clicked on

2019-01-10 14:50:47 - [TEST_STEP][PASSED] - delay(3): Delayed 3 second(s)

2019-01-10 14:50:50 - [MESSAGE][PASSED] - Delayed 3 second(s)

2019-01-10 14:50:50 - [TEST_STEP][PASSED] - click(findTestObject("Object Repository/Object Repository/deleteall_Checkbox")): Object: 'Object Repository/Object Repository/deleteall_Checkbox' is clicked on

2019-01-10 14:50:51 - [MESSAGE][PASSED] - Object: 'Object Repository/Object Repository/deleteall_Checkbox' is clicked on

2019-01-10 14:50:51 - [TEST_STEP][PASSED] - click(findTestObject("deleteImage")): Object: 'Object Repository/deleteImage' is clicked on

2019-01-10 14:50:51 - [MESSAGE][PASSED] - Object: 'Object Repository/deleteImage' is clicked on

2019-01-10 14:50:51 - [TEST_STEP][PASSED] - click(findTestObject("CancelDelete")): Object: 'Object Repository/CancelDelete' is clicked on

2019-01-10 14:50:52 - [MESSAGE][PASSED] - Object: 'Object Repository/CancelDelete' is clicked on

2019-01-10 14:50:52 - [TEST_STEP][PASSED] - delay(2): Delayed 2 second(s)

2019-01-10 14:50:54 - [MESSAGE][PASSED] - Delayed 2 second(s)

2019-01-10 14:50:54 - [TEST_STEP][PASSED] - closeBrowser(): Browser is closed

2019-01-10 14:50:54 - [MESSAGE][PASSED] - Browser is closed]]></system-out>
         <system-err><![CDATA[]]></system-err>
      </testcase>
      <testcase name="Test Cases/CRUD Data/BlankAddName" classname="Test Cases/CRUD Data/BlankAddName" status="PASSED">
         <system-out><![CDATA[2019-01-10 14:50:54 - [TEST_CASE][PASSED] - Test Cases/CRUD Data/BlankAddName: Test Cases/CRUD Data/BlankAddName

2019-01-10 14:50:55 - [TEST_STEP][PASSED] - openBrowser(""): Browser is opened with url: ''

2019-01-10 14:50:55 - [MESSAGE][INFO] - Starting 'Chrome' driver

2019-01-10 14:50:59 - [MESSAGE][PASSED] - Browser is opened with url: ''

2019-01-10 14:50:59 - [TEST_STEP][PASSED] - navigateToUrl("https://staging.poc.netzon.se/patient/list"): Navigate to 'https://staging.poc.netzon.se/patient/list' successfully

2019-01-10 14:51:08 - [MESSAGE][PASSED] - Navigate to 'https://staging.poc.netzon.se/patient/list' successfully

2019-01-10 14:51:08 - [TEST_STEP][PASSED] - click(findTestObject("Page_Professional/img_Activities_ng-tns-c1-0")): Object: 'Object Repository/Page_Professional/img_Activities_ng-tns-c1-0' is clicked on

2019-01-10 14:51:09 - [MESSAGE][PASSED] - Object: 'Object Repository/Page_Professional/img_Activities_ng-tns-c1-0' is clicked on

2019-01-10 14:51:09 - [TEST_STEP][PASSED] - click(findTestObject("Page_Professional/button_Add")): Object: 'Object Repository/Page_Professional/button_Add' is clicked on

2019-01-10 14:51:10 - [MESSAGE][PASSED] - Object: 'Object Repository/Page_Professional/button_Add' is clicked on

2019-01-10 14:51:10 - [TEST_STEP][PASSED] - verifyElementPresent(findTestObject("TypeError"), 1): Object 'Object Repository/TypeError' is present

2019-01-10 14:51:10 - [MESSAGE][PASSED] - Object 'Object Repository/TypeError' is present

2019-01-10 14:51:10 - [TEST_STEP][PASSED] - closeBrowser(): Browser is closed

2019-01-10 14:51:11 - [MESSAGE][PASSED] - Browser is closed]]></system-out>
         <system-err><![CDATA[]]></system-err>
      </testcase>
      <testcase name="Test Cases/CancelAllDelete" classname="Test Cases/CancelAllDelete" status="PASSED">
         <system-out><![CDATA[2019-01-10 14:51:11 - [TEST_CASE][PASSED] - Test Cases/CancelAllDelete: Test Cases/CancelAllDelete

2019-01-10 14:51:11 - [TEST_STEP][PASSED] - openBrowser(""): Browser is opened with url: ''

2019-01-10 14:51:11 - [MESSAGE][INFO] - Starting 'Chrome' driver

2019-01-10 14:51:14 - [MESSAGE][PASSED] - Browser is opened with url: ''

2019-01-10 14:51:14 - [TEST_STEP][PASSED] - navigateToUrl("https://staging.poc.netzon.se/patient/list"): Navigate to 'https://staging.poc.netzon.se/patient/list' successfully

2019-01-10 14:51:22 - [MESSAGE][PASSED] - Navigate to 'https://staging.poc.netzon.se/patient/list' successfully

2019-01-10 14:51:22 - [TEST_STEP][PASSED] - click(findTestObject("Page_Professional/span_Jessica Chastain (1)")): Object: 'Object Repository/Page_Professional/span_Jessica Chastain (1)' is clicked on

2019-01-10 14:51:22 - [MESSAGE][PASSED] - Object: 'Object Repository/Page_Professional/span_Jessica Chastain (1)' is clicked on

2019-01-10 14:51:22 - [TEST_STEP][PASSED] - click(findTestObject("Page_Professional/div_Jessica Chastain (2)")): Object: 'Object Repository/Page_Professional/div_Jessica Chastain (2)' is clicked on

2019-01-10 14:51:23 - [MESSAGE][PASSED] - Object: 'Object Repository/Page_Professional/div_Jessica Chastain (2)' is clicked on

2019-01-10 14:51:23 - [TEST_STEP][PASSED] - click(findTestObject("Page_Professional/img_Activities_ng-tns-c1-0")): Object: 'Object Repository/Page_Professional/img_Activities_ng-tns-c1-0' is clicked on

2019-01-10 14:51:24 - [MESSAGE][PASSED] - Object: 'Object Repository/Page_Professional/img_Activities_ng-tns-c1-0' is clicked on

2019-01-10 14:51:24 - [TEST_STEP][PASSED] - click(findTestObject("Page_Professional/div_Blood Pressure_mat-select-")): Object: 'Object Repository/Page_Professional/div_Blood Pressure_mat-select-' is clicked on

2019-01-10 14:51:25 - [MESSAGE][PASSED] - Object: 'Object Repository/Page_Professional/div_Blood Pressure_mat-select-' is clicked on

2019-01-10 14:51:25 - [TEST_STEP][PASSED] - delay(1): Delayed 1 second(s)

2019-01-10 14:51:26 - [MESSAGE][PASSED] - Delayed 1 second(s)

2019-01-10 14:51:26 - [TEST_STEP][PASSED] - click(findTestObject("Page_Professional/span_Blood Pressure")): Object: 'Object Repository/Page_Professional/span_Blood Pressure' is clicked on

2019-01-10 14:51:26 - [MESSAGE][PASSED] - Object: 'Object Repository/Page_Professional/span_Blood Pressure' is clicked on

2019-01-10 14:51:26 - [TEST_STEP][PASSED] - click(findTestObject("Page_Professional/button_Add")): Object: 'Object Repository/Page_Professional/button_Add' is clicked on

2019-01-10 14:51:26 - [MESSAGE][PASSED] - Object: 'Object Repository/Page_Professional/button_Add' is clicked on

2019-01-10 14:51:26 - [TEST_STEP][PASSED] - delay(3): Delayed 3 second(s)

2019-01-10 14:51:29 - [MESSAGE][PASSED] - Delayed 3 second(s)

2019-01-10 14:51:29 - [TEST_STEP][PASSED] - click(findTestObject("Object Repository/Object Repository/deleteall_Checkbox")): Object: 'Object Repository/Object Repository/deleteall_Checkbox' is clicked on

2019-01-10 14:51:30 - [MESSAGE][PASSED] - Object: 'Object Repository/Object Repository/deleteall_Checkbox' is clicked on

2019-01-10 14:51:30 - [TEST_STEP][PASSED] - click(findTestObject("deleteImage")): Object: 'Object Repository/deleteImage' is clicked on

2019-01-10 14:51:30 - [MESSAGE][PASSED] - Object: 'Object Repository/deleteImage' is clicked on

2019-01-10 14:51:30 - [TEST_STEP][PASSED] - click(findTestObject("CancelDelete")): Object: 'Object Repository/CancelDelete' is clicked on

2019-01-10 14:51:31 - [MESSAGE][PASSED] - Object: 'Object Repository/CancelDelete' is clicked on

2019-01-10 14:51:31 - [TEST_STEP][PASSED] - delay(2): Delayed 2 second(s)

2019-01-10 14:51:33 - [MESSAGE][PASSED] - Delayed 2 second(s)

2019-01-10 14:51:33 - [TEST_STEP][PASSED] - closeBrowser(): Browser is closed

2019-01-10 14:51:33 - [MESSAGE][PASSED] - Browser is closed]]></system-out>
         <system-err><![CDATA[]]></system-err>
      </testcase>
      <testcase name="Test Cases/CRUD Data/Add Activity with Date" classname="Test Cases/CRUD Data/Add Activity with Date" status="PASSED">
         <system-out><![CDATA[2019-01-10 14:51:33 - [TEST_CASE][PASSED] - Test Cases/CRUD Data/Add Activity with Date: Test Cases/CRUD Data/Add Activity with Date

2019-01-10 14:51:34 - [TEST_STEP][PASSED] - openBrowser(""): Browser is opened with url: ''

2019-01-10 14:51:34 - [MESSAGE][INFO] - Starting 'Chrome' driver

2019-01-10 14:51:37 - [MESSAGE][PASSED] - Browser is opened with url: ''

2019-01-10 14:51:37 - [TEST_STEP][PASSED] - navigateToUrl("https://staging.poc.netzon.se/patient/list"): Navigate to 'https://staging.poc.netzon.se/patient/list' successfully

2019-01-10 14:51:45 - [MESSAGE][PASSED] - Navigate to 'https://staging.poc.netzon.se/patient/list' successfully

2019-01-10 14:51:45 - [TEST_STEP][PASSED] - click(findTestObject("Object Repository/Page_Professional/img_Activities_ng-tns-c1-0 (3) (1)")): Object: 'Object Repository/Page_Professional/img_Activities_ng-tns-c1-0 (3) (1)' is clicked on

2019-01-10 14:51:45 - [MESSAGE][PASSED] - Object: 'Object Repository/Page_Professional/img_Activities_ng-tns-c1-0 (3) (1)' is clicked on

2019-01-10 14:51:45 - [TEST_STEP][PASSED] - click(findTestObject("Object Repository/Page_Professional/div_Type_mat-select-arrow (2) (1)")): Object: 'Object Repository/Page_Professional/div_Type_mat-select-arrow (2) (1)' is clicked on

2019-01-10 14:51:46 - [MESSAGE][PASSED] - Object: 'Object Repository/Page_Professional/div_Type_mat-select-arrow (2) (1)' is clicked on

2019-01-10 14:51:46 - [TEST_STEP][PASSED] - delay(1): Delayed 1 second(s)

2019-01-10 14:51:47 - [MESSAGE][PASSED] - Delayed 1 second(s)

2019-01-10 14:51:47 - [TEST_STEP][PASSED] - click(findTestObject("Object Repository/Page_Professional/span_Blood Pressure (3)")): Object: 'Object Repository/Page_Professional/span_Blood Pressure (3)' is clicked on

2019-01-10 14:51:47 - [MESSAGE][PASSED] - Object: 'Object Repository/Page_Professional/span_Blood Pressure (3)' is clicked on

2019-01-10 14:51:47 - [TEST_STEP][PASSED] - click(findTestObject("Object Repository/Page_Professional/button_Date_mat-icon-button cd")): Object: 'Object Repository/Page_Professional/button_Date_mat-icon-button cd' is clicked on

2019-01-10 14:51:48 - [MESSAGE][PASSED] - Object: 'Object Repository/Page_Professional/button_Date_mat-icon-button cd' is clicked on

2019-01-10 14:51:48 - [TEST_STEP][PASSED] - delay(1): Delayed 1 second(s)

2019-01-10 14:51:49 - [MESSAGE][PASSED] - Delayed 1 second(s)

2019-01-10 14:51:49 - [TEST_STEP][PASSED] - click(findTestObject("Object Repository/Page_Professional/div_14 (1)")): Object: 'Object Repository/Page_Professional/div_14 (1)' is clicked on

2019-01-10 14:51:50 - [MESSAGE][PASSED] - Object: 'Object Repository/Page_Professional/div_14 (1)' is clicked on

2019-01-10 14:51:50 - [TEST_STEP][PASSED] - delay(1): Delayed 1 second(s)

2019-01-10 14:51:51 - [MESSAGE][PASSED] - Delayed 1 second(s)

2019-01-10 14:51:51 - [TEST_STEP][PASSED] - click(findTestObject("Object Repository/Page_Professional/button_Add (3)")): Object: 'Object Repository/Page_Professional/button_Add (3)' is clicked on

2019-01-10 14:51:51 - [MESSAGE][PASSED] - Object: 'Object Repository/Page_Professional/button_Add (3)' is clicked on

2019-01-10 14:51:51 - [TEST_STEP][PASSED] - delay(2): Delayed 2 second(s)

2019-01-10 14:51:53 - [MESSAGE][PASSED] - Delayed 2 second(s)

2019-01-10 14:51:53 - [TEST_STEP][PASSED] - closeBrowser(): Browser is closed

2019-01-10 14:51:54 - [MESSAGE][PASSED] - Browser is closed]]></system-out>
         <system-err><![CDATA[]]></system-err>
      </testcase>
      <testcase name="Test Cases/Show Graph" classname="Test Cases/Show Graph" status="PASSED">
         <system-out><![CDATA[2019-01-10 14:51:54 - [TEST_CASE][PASSED] - Test Cases/Show Graph: Test Cases/Show Graph

2019-01-10 14:51:55 - [TEST_STEP][PASSED] - openBrowser(""): Browser is opened with url: ''

2019-01-10 14:51:55 - [MESSAGE][INFO] - Starting 'Chrome' driver

2019-01-10 14:51:58 - [MESSAGE][PASSED] - Browser is opened with url: ''

2019-01-10 14:51:58 - [TEST_STEP][PASSED] - navigateToUrl("https://poc.netzon.se/patient/list"): Navigate to 'https://poc.netzon.se/patient/list' successfully

2019-01-10 14:52:05 - [MESSAGE][PASSED] - Navigate to 'https://poc.netzon.se/patient/list' successfully

2019-01-10 14:52:05 - [TEST_STEP][PASSED] - click(findTestObject("Object Repository/Page_Professional/div_Jessica Chastain")): Object: 'Object Repository/Page_Professional/div_Jessica Chastain' is clicked on

2019-01-10 14:52:05 - [MESSAGE][PASSED] - Object: 'Object Repository/Page_Professional/div_Jessica Chastain' is clicked on

2019-01-10 14:52:05 - [TEST_STEP][PASSED] - click(findTestObject("Object Repository/Page_Professional/div_Brie Larson  brie.larsonma")): Object: 'Object Repository/Page_Professional/div_Brie Larson  brie.larsonma' is clicked on

2019-01-10 14:52:06 - [MESSAGE][PASSED] - Object: 'Object Repository/Page_Professional/div_Brie Larson  brie.larsonma' is clicked on

2019-01-10 14:52:06 - [TEST_STEP][PASSED] - click(findTestObject("Object Repository/Page_Professional/div_Jessica Chastain")): Object: 'Object Repository/Page_Professional/div_Jessica Chastain' is clicked on

2019-01-10 14:52:06 - [MESSAGE][PASSED] - Object: 'Object Repository/Page_Professional/div_Jessica Chastain' is clicked on

2019-01-10 14:52:06 - [TEST_STEP][PASSED] - click(findTestObject("Object Repository/Page_Professional/div_James Franco  james.franco")): Object: 'Object Repository/Page_Professional/div_James Franco  james.franco' is clicked on

2019-01-10 14:52:06 - [MESSAGE][PASSED] - Object: 'Object Repository/Page_Professional/div_James Franco  james.franco' is clicked on

2019-01-10 14:52:06 - [TEST_STEP][PASSED] - click(findTestObject("Object Repository/Page_Professional/span_Show Graph (1)")): Object: 'Object Repository/Page_Professional/span_Show Graph (1)' is clicked on

2019-01-10 14:52:07 - [MESSAGE][PASSED] - Object: 'Object Repository/Page_Professional/span_Show Graph (1)' is clicked on

2019-01-10 14:52:07 - [TEST_STEP][PASSED] - delay(3): Delayed 3 second(s)

2019-01-10 14:52:10 - [MESSAGE][PASSED] - Delayed 3 second(s)

2019-01-10 14:52:10 - [TEST_STEP][PASSED] - click(findTestObject("Object Repository/Page_Professional/span_Hide Graph")): Object: 'Object Repository/Page_Professional/span_Hide Graph' is clicked on

2019-01-10 14:52:10 - [MESSAGE][PASSED] - Object: 'Object Repository/Page_Professional/span_Hide Graph' is clicked on

2019-01-10 14:52:10 - [TEST_STEP][PASSED] - closeBrowser(): Browser is closed

2019-01-10 14:52:11 - [MESSAGE][PASSED] - Browser is closed]]></system-out>
         <system-err><![CDATA[]]></system-err>
      </testcase>
      <system-out><![CDATA[2019-01-10 14:48:36 - [TEST_SUITE][PASSED] - Chrome Test Suite Case: Test Cases/Show Graph]]></system-out>
      <system-err><![CDATA[]]></system-err>
   </testsuite>
</testsuites>
