<?xml version="1.0" encoding="UTF-8"?>
<testsuites name="Chrome Test Suite Case" time="154" tests="9" failures="0" errors="0">
   <testsuite name="Chrome Test Suite Case" tests="9" failures="0" errors="0" time="154" timestamp="2019-01-09 18:24:13" hostname="netzon.rhobert - netzon-jlaw" id="Test Suites/Chrome Test Suite Case">
      <properties>
         <property name="deviceName" value=""/>
         <property name="devicePlatform" value=""/>
         <property name="logFolder" value="C:\\Users\\netzon.rhobert\\git\\POC HOPE\\Reports\\Chrome Test Suite Case\\20190109_182405"/>
         <property name="logFiles" value="C:\\Users\\netzon.rhobert\\git\\POC HOPE\\Reports\\Chrome Test Suite Case\\20190109_182405\\execution0.log"/>
         <property name="attachments" value=""/>
         <property name="hostName" value="netzon.rhobert - netzon-jlaw"/>
         <property name="os" value="Windows 10 64bit"/>
         <property name="katalonVersion" value="5.10.1.1"/>
         <property name="browser" value="Chrome 71.0.3578.98"/>
         <property name="hostAddress" value="10.0.75.1"/>
         <property name="sessionId" value="b4070dbcfd1f6e0fc4bf69ca2762dce1"/>
         <property name="seleniumVersion" value="3.7.1"/>
         <property name="proxyInformation" value="ProxyInformation{proxyOption=NO_PROXY, proxyServerType=HTTP, password=, proxyServerAddress=, proxyServerPort=0}"/>
         <property name="platform" value="Windows 10"/>
      </properties>
      <testcase name="Test Cases/CRUD Data/Add Activity with Time and Date" classname="Test Cases/CRUD Data/Add Activity with Time and Date" status="PASSED">
         <system-out><![CDATA[2019-01-09 18:24:14 - [TEST_CASE][PASSED] - Test Cases/CRUD Data/Add Activity with Time and Date: Test Cases/CRUD Data/Add Activity with Time and Date

2019-01-09 18:24:15 - [TEST_STEP][PASSED] - openBrowser(""): Browser is opened with url: ''

2019-01-09 18:24:15 - [MESSAGE][INFO] - Starting 'Chrome' driver

2019-01-09 18:24:16 - [MESSAGE][INFO] - Action delay is set to 0 seconds

2019-01-09 18:24:20 - [MESSAGE][PASSED] - Browser is opened with url: ''

2019-01-09 18:24:20 - [TEST_STEP][PASSED] - navigateToUrl("https://staging.poc.netzon.se/patient/list"): Navigate to 'https://staging.poc.netzon.se/patient/list' successfully

2019-01-09 18:24:24 - [MESSAGE][PASSED] - Navigate to 'https://staging.poc.netzon.se/patient/list' successfully

2019-01-09 18:24:24 - [TEST_STEP][PASSED] - click(findTestObject("Page_Professional/div_Jessica Chastain")): Object: 'Object Repository/Page_Professional/div_Jessica Chastain' is clicked on

2019-01-09 18:24:25 - [MESSAGE][PASSED] - Object: 'Object Repository/Page_Professional/div_Jessica Chastain' is clicked on

2019-01-09 18:24:25 - [TEST_STEP][PASSED] - click(findTestObject("Page_Professional/img_Activities_ng-tns-c1-0 (3) (1) (1)")): Object: 'Object Repository/Page_Professional/img_Activities_ng-tns-c1-0 (3) (1) (1)' is clicked on

2019-01-09 18:24:25 - [MESSAGE][PASSED] - Object: 'Object Repository/Page_Professional/img_Activities_ng-tns-c1-0 (3) (1) (1)' is clicked on

2019-01-09 18:24:25 - [TEST_STEP][PASSED] - click(findTestObject("Page_Professional/div_Type_mat-select-arrow (2) (1) (1)")): Object: 'Object Repository/Page_Professional/div_Type_mat-select-arrow (2) (1) (1)' is clicked on

2019-01-09 18:24:26 - [MESSAGE][PASSED] - Object: 'Object Repository/Page_Professional/div_Type_mat-select-arrow (2) (1) (1)' is clicked on

2019-01-09 18:24:26 - [TEST_STEP][PASSED] - delay(1): Delayed 1 second(s)

2019-01-09 18:24:27 - [MESSAGE][PASSED] - Delayed 1 second(s)

2019-01-09 18:24:27 - [TEST_STEP][PASSED] - click(findTestObject("Page_Professional/span_Blood Pressure (3) (1)")): Object: 'Object Repository/Page_Professional/span_Blood Pressure (3) (1)' is clicked on

2019-01-09 18:24:27 - [MESSAGE][PASSED] - Object: 'Object Repository/Page_Professional/span_Blood Pressure (3) (1)' is clicked on

2019-01-09 18:24:27 - [TEST_STEP][PASSED] - click(findTestObject("Page_Professional/button_Date_mat-icon-button cd (1)")): Object: 'Object Repository/Page_Professional/button_Date_mat-icon-button cd (1)' is clicked on

2019-01-09 18:24:28 - [MESSAGE][PASSED] - Object: 'Object Repository/Page_Professional/button_Date_mat-icon-button cd (1)' is clicked on

2019-01-09 18:24:28 - [TEST_STEP][PASSED] - delay(1): Delayed 1 second(s)

2019-01-09 18:24:29 - [MESSAGE][PASSED] - Delayed 1 second(s)

2019-01-09 18:24:29 - [TEST_STEP][PASSED] - click(findTestObject("Page_Professional/div_14 (1) (1)")): Object: 'Object Repository/Page_Professional/div_14 (1) (1)' is clicked on

2019-01-09 18:24:29 - [MESSAGE][PASSED] - Object: 'Object Repository/Page_Professional/div_14 (1) (1)' is clicked on

2019-01-09 18:24:29 - [TEST_STEP][PASSED] - delay(1): Delayed 1 second(s)

2019-01-09 18:24:30 - [MESSAGE][PASSED] - Delayed 1 second(s)

2019-01-09 18:24:30 - [TEST_STEP][PASSED] - click(findTestObject("Page_Professional/mat-icon_access_time (1)")): Object: 'Object Repository/Page_Professional/mat-icon_access_time (1)' is clicked on

2019-01-09 18:24:30 - [MESSAGE][PASSED] - Object: 'Object Repository/Page_Professional/mat-icon_access_time (1)' is clicked on

2019-01-09 18:24:30 - [TEST_STEP][PASSED] - delay(1): Delayed 1 second(s)

2019-01-09 18:24:31 - [MESSAGE][PASSED] - Delayed 1 second(s)

2019-01-09 18:24:31 - [TEST_STEP][PASSED] - click(findTestObject("Page_Professional/span_14 (1)")): Object: 'Object Repository/Page_Professional/span_14 (1)' is clicked on

2019-01-09 18:24:32 - [MESSAGE][PASSED] - Object: 'Object Repository/Page_Professional/span_14 (1)' is clicked on

2019-01-09 18:24:32 - [TEST_STEP][PASSED] - delay(1): Delayed 1 second(s)

2019-01-09 18:24:33 - [MESSAGE][PASSED] - Delayed 1 second(s)

2019-01-09 18:24:33 - [TEST_STEP][PASSED] - click(findTestObject("Page_Professional/span_Ok (1)")): Object: 'Object Repository/Page_Professional/span_Ok (1)' is clicked on

2019-01-09 18:24:33 - [MESSAGE][PASSED] - Object: 'Object Repository/Page_Professional/span_Ok (1)' is clicked on

2019-01-09 18:24:33 - [TEST_STEP][PASSED] - delay(1): Delayed 1 second(s)

2019-01-09 18:24:34 - [MESSAGE][PASSED] - Delayed 1 second(s)

2019-01-09 18:24:34 - [TEST_STEP][PASSED] - click(findTestObject("Page_Professional/button_Add (3) (1)")): Object: 'Object Repository/Page_Professional/button_Add (3) (1)' is clicked on

2019-01-09 18:24:34 - [MESSAGE][PASSED] - Object: 'Object Repository/Page_Professional/button_Add (3) (1)' is clicked on

2019-01-09 18:24:34 - [TEST_STEP][PASSED] - delay(2): Delayed 2 second(s)

2019-01-09 18:24:36 - [MESSAGE][PASSED] - Delayed 2 second(s)

2019-01-09 18:24:36 - [TEST_STEP][PASSED] - closeBrowser(): Browser is closed

2019-01-09 18:24:37 - [MESSAGE][PASSED] - Browser is closed]]></system-out>
         <system-err><![CDATA[]]></system-err>
      </testcase>
      <testcase name="Test Cases/CRUD Data/Chrome Add Activity" classname="Test Cases/CRUD Data/Chrome Add Activity" status="PASSED">
         <system-out><![CDATA[2019-01-09 18:24:37 - [TEST_CASE][PASSED] - Test Cases/CRUD Data/Chrome Add Activity: Test Cases/CRUD Data/Chrome Add Activity

2019-01-09 18:24:37 - [TEST_STEP][PASSED] - openBrowser(""): Browser is opened with url: ''

2019-01-09 18:24:37 - [MESSAGE][INFO] - Starting 'Chrome' driver

2019-01-09 18:24:40 - [MESSAGE][PASSED] - Browser is opened with url: ''

2019-01-09 18:24:40 - [TEST_STEP][PASSED] - navigateToUrl("https://staging.poc.netzon.se/patient/list"): Navigate to 'https://staging.poc.netzon.se/patient/list' successfully

2019-01-09 18:24:44 - [MESSAGE][PASSED] - Navigate to 'https://staging.poc.netzon.se/patient/list' successfully

2019-01-09 18:24:44 - [TEST_STEP][PASSED] - click(findTestObject("Page_Professional/div_Jessica Chastain (2)")): Object: 'Object Repository/Page_Professional/div_Jessica Chastain (2)' is clicked on

2019-01-09 18:24:45 - [MESSAGE][PASSED] - Object: 'Object Repository/Page_Professional/div_Jessica Chastain (2)' is clicked on

2019-01-09 18:24:45 - [TEST_STEP][PASSED] - click(findTestObject("PlusSymbol")): Object: 'Object Repository/PlusSymbol' is clicked on

2019-01-09 18:24:45 - [MESSAGE][PASSED] - Object: 'Object Repository/PlusSymbol' is clicked on

2019-01-09 18:24:45 - [TEST_STEP][PASSED] - doubleClick(findTestObject("Page_Professional/div_Blood Pressure_mat-select-")): Object: 'Object Repository/Page_Professional/div_Blood Pressure_mat-select-' is double clicked on

2019-01-09 18:24:46 - [MESSAGE][PASSED] - Object: 'Object Repository/Page_Professional/div_Blood Pressure_mat-select-' is double clicked on

2019-01-09 18:24:46 - [TEST_STEP][PASSED] - click(findTestObject("Page_Professional/span_Blood Pressure")): Object: 'Object Repository/Page_Professional/span_Blood Pressure' is clicked on

2019-01-09 18:24:47 - [MESSAGE][PASSED] - Object: 'Object Repository/Page_Professional/span_Blood Pressure' is clicked on

2019-01-09 18:24:47 - [TEST_STEP][PASSED] - click(findTestObject("Page_Professional/button_Add")): Object: 'Object Repository/Page_Professional/button_Add' is clicked on

2019-01-09 18:24:47 - [MESSAGE][PASSED] - Object: 'Object Repository/Page_Professional/button_Add' is clicked on

2019-01-09 18:24:47 - [TEST_STEP][PASSED] - delay(3): Delayed 3 second(s)

2019-01-09 18:24:50 - [MESSAGE][PASSED] - Delayed 3 second(s)

2019-01-09 18:24:50 - [TEST_STEP][PASSED] - closeBrowser(): Browser is closed

2019-01-09 18:24:51 - [MESSAGE][PASSED] - Browser is closed]]></system-out>
         <system-err><![CDATA[]]></system-err>
      </testcase>
      <testcase name="Test Cases/CRUD Data/Chrome Delete Activity" classname="Test Cases/CRUD Data/Chrome Delete Activity" status="PASSED">
         <system-out><![CDATA[2019-01-09 18:24:51 - [TEST_CASE][PASSED] - Test Cases/CRUD Data/Chrome Delete Activity: Test Cases/CRUD Data/Chrome Delete Activity

2019-01-09 18:24:51 - [TEST_STEP][PASSED] - openBrowser(""): Browser is opened with url: ''

2019-01-09 18:24:51 - [MESSAGE][INFO] - Starting 'Chrome' driver

2019-01-09 18:24:54 - [MESSAGE][PASSED] - Browser is opened with url: ''

2019-01-09 18:24:54 - [TEST_STEP][PASSED] - navigateToUrl("https://staging.poc.netzon.se/patient/list"): Navigate to 'https://staging.poc.netzon.se/patient/list' successfully

2019-01-09 18:24:58 - [MESSAGE][PASSED] - Navigate to 'https://staging.poc.netzon.se/patient/list' successfully

2019-01-09 18:24:58 - [TEST_STEP][PASSED] - click(findTestObject("Page_Professional/div_Michael Bay")): Object: 'Object Repository/Page_Professional/div_Michael Bay' is clicked on

2019-01-09 18:24:58 - [MESSAGE][PASSED] - Object: 'Object Repository/Page_Professional/div_Michael Bay' is clicked on

2019-01-09 18:24:58 - [TEST_STEP][PASSED] - click(findTestObject("Page_Professional/div_Brie Larson (1)")): Object: 'Object Repository/Page_Professional/div_Brie Larson (1)' is clicked on

2019-01-09 18:24:59 - [MESSAGE][PASSED] - Object: 'Object Repository/Page_Professional/div_Brie Larson (1)' is clicked on

2019-01-09 18:24:59 - [TEST_STEP][PASSED] - click(findTestObject("Page_Professional/span_brie.larsonmailinator.com")): Object: 'Object Repository/Page_Professional/span_brie.larsonmailinator.com' is clicked on

2019-01-09 18:24:59 - [MESSAGE][PASSED] - Object: 'Object Repository/Page_Professional/span_brie.larsonmailinator.com' is clicked on

2019-01-09 18:24:59 - [TEST_STEP][PASSED] - click(findTestObject("Page_Professional/div_Jessica Chastain (3)")): Object: 'Object Repository/Page_Professional/div_Jessica Chastain (3)' is clicked on

2019-01-09 18:24:59 - [MESSAGE][PASSED] - Object: 'Object Repository/Page_Professional/div_Jessica Chastain (3)' is clicked on

2019-01-09 18:24:59 - [TEST_STEP][PASSED] - click(findTestObject("Page_Professional/div_Jessica Chastain (2)")): Object: 'Object Repository/Page_Professional/div_Jessica Chastain (2)' is clicked on

2019-01-09 18:24:59 - [MESSAGE][PASSED] - Object: 'Object Repository/Page_Professional/div_Jessica Chastain (2)' is clicked on

2019-01-09 18:24:59 - [TEST_STEP][PASSED] - click(findTestObject("Page_Professional/img_Activities_ng-tns-c1-0")): Object: 'Object Repository/Page_Professional/img_Activities_ng-tns-c1-0' is clicked on

2019-01-09 18:25:00 - [MESSAGE][PASSED] - Object: 'Object Repository/Page_Professional/img_Activities_ng-tns-c1-0' is clicked on

2019-01-09 18:25:00 - [TEST_STEP][PASSED] - doubleClick(findTestObject("Page_Professional/div_Blood Pressure_mat-select-")): Object: 'Object Repository/Page_Professional/div_Blood Pressure_mat-select-' is double clicked on

2019-01-09 18:25:01 - [MESSAGE][PASSED] - Object: 'Object Repository/Page_Professional/div_Blood Pressure_mat-select-' is double clicked on

2019-01-09 18:25:01 - [TEST_STEP][PASSED] - click(findTestObject("Page_Professional/span_Blood Pressure")): Object: 'Object Repository/Page_Professional/span_Blood Pressure' is clicked on

2019-01-09 18:25:01 - [MESSAGE][PASSED] - Object: 'Object Repository/Page_Professional/span_Blood Pressure' is clicked on

2019-01-09 18:25:01 - [TEST_STEP][PASSED] - click(findTestObject("Page_Professional/button_Add")): Object: 'Object Repository/Page_Professional/button_Add' is clicked on

2019-01-09 18:25:01 - [MESSAGE][PASSED] - Object: 'Object Repository/Page_Professional/button_Add' is clicked on

2019-01-09 18:25:01 - [TEST_STEP][PASSED] - delay(3): Delayed 3 second(s)

2019-01-09 18:25:04 - [MESSAGE][PASSED] - Delayed 3 second(s)

2019-01-09 18:25:04 - [TEST_STEP][PASSED] - click(findTestObject("Object Repository/2ndcheckbox")): Object: 'Object Repository/2ndcheckbox' is clicked on

2019-01-09 18:25:05 - [MESSAGE][PASSED] - Object: 'Object Repository/2ndcheckbox' is clicked on

2019-01-09 18:25:05 - [TEST_STEP][PASSED] - click(findTestObject("Page_Professional/img_Activities_ng-tns-c1-0 (5)")): Object: 'Object Repository/Page_Professional/img_Activities_ng-tns-c1-0 (5)' is clicked on

2019-01-09 18:25:05 - [MESSAGE][PASSED] - Object: 'Object Repository/Page_Professional/img_Activities_ng-tns-c1-0 (5)' is clicked on

2019-01-09 18:25:05 - [TEST_STEP][PASSED] - delay(1): Delayed 1 second(s)

2019-01-09 18:25:06 - [MESSAGE][PASSED] - Delayed 1 second(s)

2019-01-09 18:25:06 - [TEST_STEP][PASSED] - click(findTestObject("RemoveButton")): Object: 'Object Repository/RemoveButton' is clicked on

2019-01-09 18:25:06 - [MESSAGE][PASSED] - Object: 'Object Repository/RemoveButton' is clicked on

2019-01-09 18:25:06 - [TEST_STEP][PASSED] - delay(2): Delayed 2 second(s)

2019-01-09 18:25:08 - [MESSAGE][PASSED] - Delayed 2 second(s)

2019-01-09 18:25:08 - [TEST_STEP][PASSED] - closeBrowser(): Browser is closed

2019-01-09 18:25:09 - [MESSAGE][PASSED] - Browser is closed]]></system-out>
         <system-err><![CDATA[]]></system-err>
      </testcase>
      <testcase name="Test Cases/CRUD Data/Chrome Trial Test Case" classname="Test Cases/CRUD Data/Chrome Trial Test Case" status="PASSED">
         <system-out><![CDATA[2019-01-09 18:25:09 - [TEST_CASE][PASSED] - Test Cases/CRUD Data/Chrome Trial Test Case: Test Cases/CRUD Data/Chrome Trial Test Case

2019-01-09 18:25:09 - [TEST_STEP][PASSED] - delay(5): Delayed 5 second(s)

2019-01-09 18:25:14 - [MESSAGE][PASSED] - Delayed 5 second(s)

2019-01-09 18:25:14 - [TEST_STEP][PASSED] - openBrowser(""): Browser is opened with url: ''

2019-01-09 18:25:14 - [MESSAGE][INFO] - Starting 'Chrome' driver

2019-01-09 18:25:17 - [MESSAGE][PASSED] - Browser is opened with url: ''

2019-01-09 18:25:17 - [TEST_STEP][PASSED] - driver = getWebDriver(): null

2019-01-09 18:25:17 - [TEST_STEP][PASSED] - navigateToUrl("https://staging.poc.netzon.se/patient/list"): Navigate to 'https://staging.poc.netzon.se/patient/list' successfully

2019-01-09 18:25:21 - [MESSAGE][PASSED] - Navigate to 'https://staging.poc.netzon.se/patient/list' successfully

2019-01-09 18:25:21 - [TEST_STEP][PASSED] - click(findTestObject("Page_Professional/img_Activities_ng-tns-c1-0")): Object: 'Object Repository/Page_Professional/img_Activities_ng-tns-c1-0' is clicked on

2019-01-09 18:25:21 - [MESSAGE][PASSED] - Object: 'Object Repository/Page_Professional/img_Activities_ng-tns-c1-0' is clicked on

2019-01-09 18:25:21 - [TEST_STEP][PASSED] - doubleClick(findTestObject("Page_Professional/div_Blood Pressure_mat-select-")): Object: 'Object Repository/Page_Professional/div_Blood Pressure_mat-select-' is double clicked on

2019-01-09 18:25:22 - [MESSAGE][PASSED] - Object: 'Object Repository/Page_Professional/div_Blood Pressure_mat-select-' is double clicked on

2019-01-09 18:25:22 - [TEST_STEP][PASSED] - click(findTestObject("Page_Professional/span_Blood Pressure")): Object: 'Object Repository/Page_Professional/span_Blood Pressure' is clicked on

2019-01-09 18:25:23 - [MESSAGE][PASSED] - Object: 'Object Repository/Page_Professional/span_Blood Pressure' is clicked on

2019-01-09 18:25:23 - [TEST_STEP][PASSED] - delay(2): Delayed 2 second(s)

2019-01-09 18:25:25 - [MESSAGE][PASSED] - Delayed 2 second(s)

2019-01-09 18:25:25 - [TEST_STEP][PASSED] - xpath("//*[@id="mat-dialog-0"]/app-activity-add/div/div[2]/div[2]/mat-form-field/div/div[1]/div[2]/mat-datepicker-toggle/button")).click(): null

2019-01-09 18:25:25 - [TEST_STEP][PASSED] - delay(2): Delayed 2 second(s)

2019-01-09 18:25:27 - [MESSAGE][PASSED] - Delayed 2 second(s)

2019-01-09 18:25:27 - [TEST_STEP][PASSED] - xpath("//div[text()='9']")).click(): null

2019-01-09 18:25:28 - [TEST_STEP][PASSED] - delay(2): Delayed 2 second(s)

2019-01-09 18:25:30 - [MESSAGE][PASSED] - Delayed 2 second(s)

2019-01-09 18:25:30 - [TEST_STEP][PASSED] - closeBrowser(): Browser is closed

2019-01-09 18:25:30 - [MESSAGE][PASSED] - Browser is closed]]></system-out>
         <system-err><![CDATA[]]></system-err>
      </testcase>
      <testcase name="Test Cases/CRUD Data/Delete all Activity" classname="Test Cases/CRUD Data/Delete all Activity" status="PASSED">
         <system-out><![CDATA[2019-01-09 18:25:30 - [TEST_CASE][PASSED] - Test Cases/CRUD Data/Delete all Activity: Test Cases/CRUD Data/Delete all Activity

2019-01-09 18:25:31 - [TEST_STEP][PASSED] - openBrowser(""): Browser is opened with url: ''

2019-01-09 18:25:31 - [MESSAGE][INFO] - Starting 'Chrome' driver

2019-01-09 18:25:34 - [MESSAGE][PASSED] - Browser is opened with url: ''

2019-01-09 18:25:34 - [TEST_STEP][PASSED] - navigateToUrl("https://staging.poc.netzon.se/patient/list"): Navigate to 'https://staging.poc.netzon.se/patient/list' successfully

2019-01-09 18:25:39 - [MESSAGE][PASSED] - Navigate to 'https://staging.poc.netzon.se/patient/list' successfully

2019-01-09 18:25:39 - [TEST_STEP][PASSED] - click(findTestObject("Page_Professional/span_Jessica Chastain (1)")): Object: 'Object Repository/Page_Professional/span_Jessica Chastain (1)' is clicked on

2019-01-09 18:25:39 - [MESSAGE][PASSED] - Object: 'Object Repository/Page_Professional/span_Jessica Chastain (1)' is clicked on

2019-01-09 18:25:39 - [TEST_STEP][PASSED] - click(findTestObject("Page_Professional/div_Jessica Chastain (2)")): Object: 'Object Repository/Page_Professional/div_Jessica Chastain (2)' is clicked on

2019-01-09 18:25:40 - [MESSAGE][PASSED] - Object: 'Object Repository/Page_Professional/div_Jessica Chastain (2)' is clicked on

2019-01-09 18:25:40 - [TEST_STEP][PASSED] - click(findTestObject("Page_Professional/img_Activities_ng-tns-c1-0")): Object: 'Object Repository/Page_Professional/img_Activities_ng-tns-c1-0' is clicked on

2019-01-09 18:25:40 - [MESSAGE][PASSED] - Object: 'Object Repository/Page_Professional/img_Activities_ng-tns-c1-0' is clicked on

2019-01-09 18:25:40 - [TEST_STEP][PASSED] - click(findTestObject("Page_Professional/div_Blood Pressure_mat-select-")): Object: 'Object Repository/Page_Professional/div_Blood Pressure_mat-select-' is clicked on

2019-01-09 18:25:42 - [MESSAGE][PASSED] - Object: 'Object Repository/Page_Professional/div_Blood Pressure_mat-select-' is clicked on

2019-01-09 18:25:42 - [TEST_STEP][PASSED] - delay(1): Delayed 1 second(s)

2019-01-09 18:25:43 - [MESSAGE][PASSED] - Delayed 1 second(s)

2019-01-09 18:25:43 - [TEST_STEP][PASSED] - click(findTestObject("Page_Professional/span_Blood Pressure")): Object: 'Object Repository/Page_Professional/span_Blood Pressure' is clicked on

2019-01-09 18:25:43 - [MESSAGE][PASSED] - Object: 'Object Repository/Page_Professional/span_Blood Pressure' is clicked on

2019-01-09 18:25:43 - [TEST_STEP][PASSED] - click(findTestObject("Page_Professional/button_Add")): Object: 'Object Repository/Page_Professional/button_Add' is clicked on

2019-01-09 18:25:43 - [MESSAGE][PASSED] - Object: 'Object Repository/Page_Professional/button_Add' is clicked on

2019-01-09 18:25:43 - [TEST_STEP][PASSED] - delay(3): Delayed 3 second(s)

2019-01-09 18:25:46 - [MESSAGE][PASSED] - Delayed 3 second(s)

2019-01-09 18:25:46 - [TEST_STEP][PASSED] - click(findTestObject("Object Repository/Object Repository/deleteall_Checkbox")): Object: 'Object Repository/Object Repository/deleteall_Checkbox' is clicked on

2019-01-09 18:25:47 - [MESSAGE][PASSED] - Object: 'Object Repository/Object Repository/deleteall_Checkbox' is clicked on

2019-01-09 18:25:47 - [TEST_STEP][PASSED] - click(findTestObject("deleteImage")): Object: 'Object Repository/deleteImage' is clicked on

2019-01-09 18:25:47 - [MESSAGE][PASSED] - Object: 'Object Repository/deleteImage' is clicked on

2019-01-09 18:25:47 - [TEST_STEP][PASSED] - click(findTestObject("CancelDelete")): Object: 'Object Repository/CancelDelete' is clicked on

2019-01-09 18:25:47 - [MESSAGE][PASSED] - Object: 'Object Repository/CancelDelete' is clicked on

2019-01-09 18:25:47 - [TEST_STEP][PASSED] - delay(2): Delayed 2 second(s)

2019-01-09 18:25:49 - [MESSAGE][PASSED] - Delayed 2 second(s)

2019-01-09 18:25:49 - [TEST_STEP][PASSED] - closeBrowser(): Browser is closed

2019-01-09 18:25:50 - [MESSAGE][PASSED] - Browser is closed]]></system-out>
         <system-err><![CDATA[]]></system-err>
      </testcase>
      <testcase name="Test Cases/CRUD Data/BlankAddName" classname="Test Cases/CRUD Data/BlankAddName" status="PASSED">
         <system-out><![CDATA[2019-01-09 18:25:50 - [TEST_CASE][PASSED] - Test Cases/CRUD Data/BlankAddName: Test Cases/CRUD Data/BlankAddName

2019-01-09 18:25:51 - [TEST_STEP][PASSED] - openBrowser(""): Browser is opened with url: ''

2019-01-09 18:25:51 - [MESSAGE][INFO] - Starting 'Chrome' driver

2019-01-09 18:25:53 - [MESSAGE][PASSED] - Browser is opened with url: ''

2019-01-09 18:25:53 - [TEST_STEP][PASSED] - navigateToUrl("https://staging.poc.netzon.se/patient/list"): Navigate to 'https://staging.poc.netzon.se/patient/list' successfully

2019-01-09 18:25:58 - [MESSAGE][PASSED] - Navigate to 'https://staging.poc.netzon.se/patient/list' successfully

2019-01-09 18:25:58 - [TEST_STEP][PASSED] - click(findTestObject("Page_Professional/img_Activities_ng-tns-c1-0")): Object: 'Object Repository/Page_Professional/img_Activities_ng-tns-c1-0' is clicked on

2019-01-09 18:25:59 - [MESSAGE][PASSED] - Object: 'Object Repository/Page_Professional/img_Activities_ng-tns-c1-0' is clicked on

2019-01-09 18:25:59 - [TEST_STEP][PASSED] - click(findTestObject("Page_Professional/button_Add")): Object: 'Object Repository/Page_Professional/button_Add' is clicked on

2019-01-09 18:26:00 - [MESSAGE][PASSED] - Object: 'Object Repository/Page_Professional/button_Add' is clicked on

2019-01-09 18:26:00 - [TEST_STEP][PASSED] - verifyElementPresent(findTestObject("TypeError"), 1): Object 'Object Repository/TypeError' is present

2019-01-09 18:26:00 - [MESSAGE][PASSED] - Object 'Object Repository/TypeError' is present

2019-01-09 18:26:00 - [TEST_STEP][PASSED] - closeBrowser(): Browser is closed

2019-01-09 18:26:01 - [MESSAGE][PASSED] - Browser is closed]]></system-out>
         <system-err><![CDATA[]]></system-err>
      </testcase>
      <testcase name="Test Cases/CancelAllDelete" classname="Test Cases/CancelAllDelete" status="PASSED">
         <system-out><![CDATA[2019-01-09 18:26:01 - [TEST_CASE][PASSED] - Test Cases/CancelAllDelete: Test Cases/CancelAllDelete

2019-01-09 18:26:02 - [TEST_STEP][PASSED] - openBrowser(""): Browser is opened with url: ''

2019-01-09 18:26:02 - [MESSAGE][INFO] - Starting 'Chrome' driver

2019-01-09 18:26:05 - [MESSAGE][PASSED] - Browser is opened with url: ''

2019-01-09 18:26:05 - [TEST_STEP][PASSED] - navigateToUrl("https://staging.poc.netzon.se/patient/list"): Navigate to 'https://staging.poc.netzon.se/patient/list' successfully

2019-01-09 18:26:09 - [MESSAGE][PASSED] - Navigate to 'https://staging.poc.netzon.se/patient/list' successfully

2019-01-09 18:26:09 - [TEST_STEP][PASSED] - click(findTestObject("Page_Professional/span_Jessica Chastain (1)")): Object: 'Object Repository/Page_Professional/span_Jessica Chastain (1)' is clicked on

2019-01-09 18:26:09 - [MESSAGE][PASSED] - Object: 'Object Repository/Page_Professional/span_Jessica Chastain (1)' is clicked on

2019-01-09 18:26:09 - [TEST_STEP][PASSED] - click(findTestObject("Page_Professional/div_Jessica Chastain (2)")): Object: 'Object Repository/Page_Professional/div_Jessica Chastain (2)' is clicked on

2019-01-09 18:26:10 - [MESSAGE][PASSED] - Object: 'Object Repository/Page_Professional/div_Jessica Chastain (2)' is clicked on

2019-01-09 18:26:10 - [TEST_STEP][PASSED] - click(findTestObject("Page_Professional/img_Activities_ng-tns-c1-0")): Object: 'Object Repository/Page_Professional/img_Activities_ng-tns-c1-0' is clicked on

2019-01-09 18:26:10 - [MESSAGE][PASSED] - Object: 'Object Repository/Page_Professional/img_Activities_ng-tns-c1-0' is clicked on

2019-01-09 18:26:10 - [TEST_STEP][PASSED] - click(findTestObject("Page_Professional/div_Blood Pressure_mat-select-")): Object: 'Object Repository/Page_Professional/div_Blood Pressure_mat-select-' is clicked on

2019-01-09 18:26:11 - [MESSAGE][PASSED] - Object: 'Object Repository/Page_Professional/div_Blood Pressure_mat-select-' is clicked on

2019-01-09 18:26:11 - [TEST_STEP][PASSED] - delay(1): Delayed 1 second(s)

2019-01-09 18:26:12 - [MESSAGE][PASSED] - Delayed 1 second(s)

2019-01-09 18:26:12 - [TEST_STEP][PASSED] - click(findTestObject("Page_Professional/span_Blood Pressure")): Object: 'Object Repository/Page_Professional/span_Blood Pressure' is clicked on

2019-01-09 18:26:13 - [MESSAGE][PASSED] - Object: 'Object Repository/Page_Professional/span_Blood Pressure' is clicked on

2019-01-09 18:26:13 - [TEST_STEP][PASSED] - click(findTestObject("Page_Professional/button_Add")): Object: 'Object Repository/Page_Professional/button_Add' is clicked on

2019-01-09 18:26:13 - [MESSAGE][PASSED] - Object: 'Object Repository/Page_Professional/button_Add' is clicked on

2019-01-09 18:26:13 - [TEST_STEP][PASSED] - delay(3): Delayed 3 second(s)

2019-01-09 18:26:16 - [MESSAGE][PASSED] - Delayed 3 second(s)

2019-01-09 18:26:16 - [TEST_STEP][PASSED] - click(findTestObject("Object Repository/Object Repository/deleteall_Checkbox")): Object: 'Object Repository/Object Repository/deleteall_Checkbox' is clicked on

2019-01-09 18:26:16 - [MESSAGE][PASSED] - Object: 'Object Repository/Object Repository/deleteall_Checkbox' is clicked on

2019-01-09 18:26:16 - [TEST_STEP][PASSED] - click(findTestObject("deleteImage")): Object: 'Object Repository/deleteImage' is clicked on

2019-01-09 18:26:16 - [MESSAGE][PASSED] - Object: 'Object Repository/deleteImage' is clicked on

2019-01-09 18:26:16 - [TEST_STEP][PASSED] - click(findTestObject("CancelDelete")): Object: 'Object Repository/CancelDelete' is clicked on

2019-01-09 18:26:16 - [MESSAGE][PASSED] - Object: 'Object Repository/CancelDelete' is clicked on

2019-01-09 18:26:16 - [TEST_STEP][PASSED] - delay(2): Delayed 2 second(s)

2019-01-09 18:26:18 - [MESSAGE][PASSED] - Delayed 2 second(s)

2019-01-09 18:26:18 - [TEST_STEP][PASSED] - closeBrowser(): Browser is closed

2019-01-09 18:26:19 - [MESSAGE][PASSED] - Browser is closed]]></system-out>
         <system-err><![CDATA[]]></system-err>
      </testcase>
      <testcase name="Test Cases/CRUD Data/Add Activity with Date" classname="Test Cases/CRUD Data/Add Activity with Date" status="PASSED">
         <system-out><![CDATA[2019-01-09 18:26:19 - [TEST_CASE][PASSED] - Test Cases/CRUD Data/Add Activity with Date: Test Cases/CRUD Data/Add Activity with Date

2019-01-09 18:26:20 - [TEST_STEP][PASSED] - openBrowser(""): Browser is opened with url: ''

2019-01-09 18:26:20 - [MESSAGE][INFO] - Starting 'Chrome' driver

2019-01-09 18:26:22 - [MESSAGE][PASSED] - Browser is opened with url: ''

2019-01-09 18:26:22 - [TEST_STEP][PASSED] - navigateToUrl("https://staging.poc.netzon.se/patient/list"): Navigate to 'https://staging.poc.netzon.se/patient/list' successfully

2019-01-09 18:26:27 - [MESSAGE][PASSED] - Navigate to 'https://staging.poc.netzon.se/patient/list' successfully

2019-01-09 18:26:27 - [TEST_STEP][PASSED] - click(findTestObject("Object Repository/Page_Professional/img_Activities_ng-tns-c1-0 (3) (1)")): Object: 'Object Repository/Page_Professional/img_Activities_ng-tns-c1-0 (3) (1)' is clicked on

2019-01-09 18:26:27 - [MESSAGE][PASSED] - Object: 'Object Repository/Page_Professional/img_Activities_ng-tns-c1-0 (3) (1)' is clicked on

2019-01-09 18:26:27 - [TEST_STEP][PASSED] - click(findTestObject("Object Repository/Page_Professional/div_Type_mat-select-arrow (2) (1)")): Object: 'Object Repository/Page_Professional/div_Type_mat-select-arrow (2) (1)' is clicked on

2019-01-09 18:26:28 - [MESSAGE][PASSED] - Object: 'Object Repository/Page_Professional/div_Type_mat-select-arrow (2) (1)' is clicked on

2019-01-09 18:26:28 - [TEST_STEP][PASSED] - delay(1): Delayed 1 second(s)

2019-01-09 18:26:29 - [MESSAGE][PASSED] - Delayed 1 second(s)

2019-01-09 18:26:29 - [TEST_STEP][PASSED] - click(findTestObject("Object Repository/Page_Professional/span_Blood Pressure (3)")): Object: 'Object Repository/Page_Professional/span_Blood Pressure (3)' is clicked on

2019-01-09 18:26:29 - [MESSAGE][PASSED] - Object: 'Object Repository/Page_Professional/span_Blood Pressure (3)' is clicked on

2019-01-09 18:26:29 - [TEST_STEP][PASSED] - click(findTestObject("Object Repository/Page_Professional/button_Date_mat-icon-button cd")): Object: 'Object Repository/Page_Professional/button_Date_mat-icon-button cd' is clicked on

2019-01-09 18:26:29 - [MESSAGE][PASSED] - Object: 'Object Repository/Page_Professional/button_Date_mat-icon-button cd' is clicked on

2019-01-09 18:26:29 - [TEST_STEP][PASSED] - delay(1): Delayed 1 second(s)

2019-01-09 18:26:30 - [MESSAGE][PASSED] - Delayed 1 second(s)

2019-01-09 18:26:30 - [TEST_STEP][PASSED] - click(findTestObject("Object Repository/Page_Professional/div_14 (1)")): Object: 'Object Repository/Page_Professional/div_14 (1)' is clicked on

2019-01-09 18:26:31 - [MESSAGE][PASSED] - Object: 'Object Repository/Page_Professional/div_14 (1)' is clicked on

2019-01-09 18:26:31 - [TEST_STEP][PASSED] - delay(1): Delayed 1 second(s)

2019-01-09 18:26:32 - [MESSAGE][PASSED] - Delayed 1 second(s)

2019-01-09 18:26:32 - [TEST_STEP][PASSED] - click(findTestObject("Object Repository/Page_Professional/button_Add (3)")): Object: 'Object Repository/Page_Professional/button_Add (3)' is clicked on

2019-01-09 18:26:32 - [MESSAGE][PASSED] - Object: 'Object Repository/Page_Professional/button_Add (3)' is clicked on

2019-01-09 18:26:32 - [TEST_STEP][PASSED] - delay(2): Delayed 2 second(s)

2019-01-09 18:26:34 - [MESSAGE][PASSED] - Delayed 2 second(s)

2019-01-09 18:26:34 - [TEST_STEP][PASSED] - closeBrowser(): Browser is closed

2019-01-09 18:26:35 - [MESSAGE][PASSED] - Browser is closed]]></system-out>
         <system-err><![CDATA[]]></system-err>
      </testcase>
      <testcase name="Test Cases/Show Graph" classname="Test Cases/Show Graph" status="PASSED">
         <system-out><![CDATA[2019-01-09 18:26:35 - [TEST_CASE][PASSED] - Test Cases/Show Graph: Test Cases/Show Graph

2019-01-09 18:26:35 - [TEST_STEP][PASSED] - openBrowser(""): Browser is opened with url: ''

2019-01-09 18:26:35 - [MESSAGE][INFO] - Starting 'Chrome' driver

2019-01-09 18:26:38 - [MESSAGE][PASSED] - Browser is opened with url: ''

2019-01-09 18:26:38 - [TEST_STEP][PASSED] - navigateToUrl("https://poc.netzon.se/patient/list"): Navigate to 'https://poc.netzon.se/patient/list' successfully

2019-01-09 18:26:42 - [MESSAGE][PASSED] - Navigate to 'https://poc.netzon.se/patient/list' successfully

2019-01-09 18:26:42 - [TEST_STEP][PASSED] - click(findTestObject("Object Repository/Page_Professional/div_Jessica Chastain")): Object: 'Object Repository/Page_Professional/div_Jessica Chastain' is clicked on

2019-01-09 18:26:42 - [MESSAGE][PASSED] - Object: 'Object Repository/Page_Professional/div_Jessica Chastain' is clicked on

2019-01-09 18:26:42 - [TEST_STEP][PASSED] - click(findTestObject("Object Repository/Page_Professional/div_Brie Larson  brie.larsonma")): Object: 'Object Repository/Page_Professional/div_Brie Larson  brie.larsonma' is clicked on

2019-01-09 18:26:42 - [MESSAGE][PASSED] - Object: 'Object Repository/Page_Professional/div_Brie Larson  brie.larsonma' is clicked on

2019-01-09 18:26:42 - [TEST_STEP][PASSED] - click(findTestObject("Object Repository/Page_Professional/div_Jessica Chastain")): Object: 'Object Repository/Page_Professional/div_Jessica Chastain' is clicked on

2019-01-09 18:26:43 - [MESSAGE][PASSED] - Object: 'Object Repository/Page_Professional/div_Jessica Chastain' is clicked on

2019-01-09 18:26:43 - [TEST_STEP][PASSED] - click(findTestObject("Object Repository/Page_Professional/div_James Franco  james.franco")): Object: 'Object Repository/Page_Professional/div_James Franco  james.franco' is clicked on

2019-01-09 18:26:43 - [MESSAGE][PASSED] - Object: 'Object Repository/Page_Professional/div_James Franco  james.franco' is clicked on

2019-01-09 18:26:43 - [TEST_STEP][PASSED] - click(findTestObject("Object Repository/Page_Professional/span_Show Graph (1)")): Object: 'Object Repository/Page_Professional/span_Show Graph (1)' is clicked on

2019-01-09 18:26:43 - [MESSAGE][PASSED] - Object: 'Object Repository/Page_Professional/span_Show Graph (1)' is clicked on

2019-01-09 18:26:43 - [TEST_STEP][PASSED] - delay(3): Delayed 3 second(s)

2019-01-09 18:26:46 - [MESSAGE][PASSED] - Delayed 3 second(s)

2019-01-09 18:26:46 - [TEST_STEP][PASSED] - click(findTestObject("Object Repository/Page_Professional/span_Hide Graph")): Object: 'Object Repository/Page_Professional/span_Hide Graph' is clicked on

2019-01-09 18:26:47 - [MESSAGE][PASSED] - Object: 'Object Repository/Page_Professional/span_Hide Graph' is clicked on

2019-01-09 18:26:47 - [TEST_STEP][PASSED] - closeBrowser(): Browser is closed

2019-01-09 18:26:48 - [MESSAGE][PASSED] - Browser is closed]]></system-out>
         <system-err><![CDATA[]]></system-err>
      </testcase>
      <system-out><![CDATA[2019-01-09 18:24:13 - [TEST_SUITE][PASSED] - Chrome Test Suite Case: Test Cases/Show Graph]]></system-out>
      <system-err><![CDATA[]]></system-err>
   </testsuite>
</testsuites>
