<?xml version="1.0" encoding="UTF-8"?>
<testsuites name="Chrome Test Suite Case" time="159" tests="9" failures="0" errors="0">
   <testsuite name="Chrome Test Suite Case" tests="9" failures="0" errors="0" time="159" timestamp="2019-01-11 09:55:11" hostname="netzon.rhobert - netzon-jlaw" id="Test Suites/Chrome Test Suite Case">
      <properties>
         <property name="deviceName" value=""/>
         <property name="devicePlatform" value=""/>
         <property name="logFolder" value="C:\\Users\\netzon.rhobert\\git\\POC HOPE\\Reports\\Chrome Test Suite Case\\20190111_095501"/>
         <property name="logFiles" value="C:\\Users\\netzon.rhobert\\git\\POC HOPE\\Reports\\Chrome Test Suite Case\\20190111_095501\\execution0.log"/>
         <property name="attachments" value=""/>
         <property name="hostName" value="netzon.rhobert - netzon-jlaw"/>
         <property name="os" value="Windows 10 64bit"/>
         <property name="katalonVersion" value="5.10.1.1"/>
         <property name="browser" value="Chrome 71.0.3578.98"/>
         <property name="hostAddress" value="10.0.75.1"/>
         <property name="sessionId" value="498cc295873d1fffd647491d205fef18"/>
         <property name="seleniumVersion" value="3.7.1"/>
         <property name="proxyInformation" value="ProxyInformation{proxyOption=NO_PROXY, proxyServerType=HTTP, password=, proxyServerAddress=, proxyServerPort=0}"/>
         <property name="platform" value="Windows 10"/>
      </properties>
      <testcase name="Test Cases/CRUD Data/Add Activity with Time and Date" classname="Test Cases/CRUD Data/Add Activity with Time and Date" status="PASSED">
         <system-out><![CDATA[2019-01-11 09:55:12 - [TEST_CASE][PASSED] - Test Cases/CRUD Data/Add Activity with Time and Date: Test Cases/CRUD Data/Add Activity with Time and Date

2019-01-11 09:55:12 - [TEST_STEP][PASSED] - openBrowser(""): Browser is opened with url: ''

2019-01-11 09:55:13 - [MESSAGE][INFO] - Starting 'Chrome' driver

2019-01-11 09:55:13 - [MESSAGE][INFO] - Action delay is set to 0 seconds

2019-01-11 09:55:18 - [MESSAGE][PASSED] - Browser is opened with url: ''

2019-01-11 09:55:18 - [TEST_STEP][PASSED] - navigateToUrl("https://staging.poc.netzon.se/patient/list"): Navigate to 'https://staging.poc.netzon.se/patient/list' successfully

2019-01-11 09:55:25 - [MESSAGE][PASSED] - Navigate to 'https://staging.poc.netzon.se/patient/list' successfully

2019-01-11 09:55:25 - [TEST_STEP][PASSED] - click(findTestObject("Page_Professional/div_Jessica Chastain")): Object: 'Object Repository/Page_Professional/div_Jessica Chastain' is clicked on

2019-01-11 09:55:25 - [MESSAGE][PASSED] - Object: 'Object Repository/Page_Professional/div_Jessica Chastain' is clicked on

2019-01-11 09:55:25 - [TEST_STEP][PASSED] - click(findTestObject("Page_Professional/img_Activities_ng-tns-c1-0 (3) (1) (1)")): Object: 'Object Repository/Page_Professional/img_Activities_ng-tns-c1-0 (3) (1) (1)' is clicked on

2019-01-11 09:55:26 - [MESSAGE][PASSED] - Object: 'Object Repository/Page_Professional/img_Activities_ng-tns-c1-0 (3) (1) (1)' is clicked on

2019-01-11 09:55:26 - [TEST_STEP][PASSED] - click(findTestObject("Page_Professional/div_Type_mat-select-arrow (2) (1) (1)")): Object: 'Object Repository/Page_Professional/div_Type_mat-select-arrow (2) (1) (1)' is clicked on

2019-01-11 09:55:27 - [MESSAGE][PASSED] - Object: 'Object Repository/Page_Professional/div_Type_mat-select-arrow (2) (1) (1)' is clicked on

2019-01-11 09:55:27 - [TEST_STEP][PASSED] - delay(1): Delayed 1 second(s)

2019-01-11 09:55:28 - [MESSAGE][PASSED] - Delayed 1 second(s)

2019-01-11 09:55:28 - [TEST_STEP][PASSED] - click(findTestObject("Page_Professional/span_Blood Pressure (3) (1)")): Object: 'Object Repository/Page_Professional/span_Blood Pressure (3) (1)' is clicked on

2019-01-11 09:55:29 - [MESSAGE][PASSED] - Object: 'Object Repository/Page_Professional/span_Blood Pressure (3) (1)' is clicked on

2019-01-11 09:55:29 - [TEST_STEP][PASSED] - click(findTestObject("Page_Professional/button_Date_mat-icon-button cd (1)")): Object: 'Object Repository/Page_Professional/button_Date_mat-icon-button cd (1)' is clicked on

2019-01-11 09:55:29 - [MESSAGE][PASSED] - Object: 'Object Repository/Page_Professional/button_Date_mat-icon-button cd (1)' is clicked on

2019-01-11 09:55:29 - [TEST_STEP][PASSED] - delay(1): Delayed 1 second(s)

2019-01-11 09:55:30 - [MESSAGE][PASSED] - Delayed 1 second(s)

2019-01-11 09:55:30 - [TEST_STEP][PASSED] - click(findTestObject("Page_Professional/div_14 (1) (1)")): Object: 'Object Repository/Page_Professional/div_14 (1) (1)' is clicked on

2019-01-11 09:55:30 - [MESSAGE][PASSED] - Object: 'Object Repository/Page_Professional/div_14 (1) (1)' is clicked on

2019-01-11 09:55:30 - [TEST_STEP][PASSED] - delay(1): Delayed 1 second(s)

2019-01-11 09:55:31 - [MESSAGE][PASSED] - Delayed 1 second(s)

2019-01-11 09:55:31 - [TEST_STEP][PASSED] - click(findTestObject("Page_Professional/mat-icon_access_time (1)")): Object: 'Object Repository/Page_Professional/mat-icon_access_time (1)' is clicked on

2019-01-11 09:55:32 - [MESSAGE][PASSED] - Object: 'Object Repository/Page_Professional/mat-icon_access_time (1)' is clicked on

2019-01-11 09:55:32 - [TEST_STEP][PASSED] - delay(1): Delayed 1 second(s)

2019-01-11 09:55:33 - [MESSAGE][PASSED] - Delayed 1 second(s)

2019-01-11 09:55:33 - [TEST_STEP][PASSED] - click(findTestObject("Page_Professional/span_14 (1)")): Object: 'Object Repository/Page_Professional/span_14 (1)' is clicked on

2019-01-11 09:55:33 - [MESSAGE][PASSED] - Object: 'Object Repository/Page_Professional/span_14 (1)' is clicked on

2019-01-11 09:55:33 - [TEST_STEP][PASSED] - delay(1): Delayed 1 second(s)

2019-01-11 09:55:34 - [MESSAGE][PASSED] - Delayed 1 second(s)

2019-01-11 09:55:34 - [TEST_STEP][PASSED] - click(findTestObject("Page_Professional/span_Ok (1)")): Object: 'Object Repository/Page_Professional/span_Ok (1)' is clicked on

2019-01-11 09:55:34 - [MESSAGE][PASSED] - Object: 'Object Repository/Page_Professional/span_Ok (1)' is clicked on

2019-01-11 09:55:34 - [TEST_STEP][PASSED] - delay(1): Delayed 1 second(s)

2019-01-11 09:55:35 - [MESSAGE][PASSED] - Delayed 1 second(s)

2019-01-11 09:55:35 - [TEST_STEP][PASSED] - click(findTestObject("AddButton")): Object: 'Object Repository/AddButton' is clicked on

2019-01-11 09:55:36 - [MESSAGE][PASSED] - Object: 'Object Repository/AddButton' is clicked on

2019-01-11 09:55:36 - [TEST_STEP][PASSED] - delay(2): Delayed 2 second(s)

2019-01-11 09:55:38 - [MESSAGE][PASSED] - Delayed 2 second(s)

2019-01-11 09:55:38 - [TEST_STEP][PASSED] - closeBrowser(): Browser is closed

2019-01-11 09:55:38 - [MESSAGE][PASSED] - Browser is closed]]></system-out>
         <system-err><![CDATA[]]></system-err>
      </testcase>
      <testcase name="Test Cases/CRUD Data/Chrome Add Activity" classname="Test Cases/CRUD Data/Chrome Add Activity" status="PASSED">
         <system-out><![CDATA[2019-01-11 09:55:39 - [TEST_CASE][PASSED] - Test Cases/CRUD Data/Chrome Add Activity: Test Cases/CRUD Data/Chrome Add Activity

2019-01-11 09:55:39 - [TEST_STEP][PASSED] - openBrowser(""): Browser is opened with url: ''

2019-01-11 09:55:39 - [MESSAGE][INFO] - Starting 'Chrome' driver

2019-01-11 09:55:41 - [MESSAGE][PASSED] - Browser is opened with url: ''

2019-01-11 09:55:41 - [TEST_STEP][PASSED] - navigateToUrl("https://staging.poc.netzon.se/patient/list"): Navigate to 'https://staging.poc.netzon.se/patient/list' successfully

2019-01-11 09:55:46 - [MESSAGE][PASSED] - Navigate to 'https://staging.poc.netzon.se/patient/list' successfully

2019-01-11 09:55:46 - [TEST_STEP][PASSED] - click(findTestObject("Page_Professional/div_Jessica Chastain (2)")): Object: 'Object Repository/Page_Professional/div_Jessica Chastain (2)' is clicked on

2019-01-11 09:55:46 - [MESSAGE][PASSED] - Object: 'Object Repository/Page_Professional/div_Jessica Chastain (2)' is clicked on

2019-01-11 09:55:46 - [TEST_STEP][PASSED] - click(findTestObject("PlusSymbol")): Object: 'Object Repository/PlusSymbol' is clicked on

2019-01-11 09:55:47 - [MESSAGE][PASSED] - Object: 'Object Repository/PlusSymbol' is clicked on

2019-01-11 09:55:47 - [TEST_STEP][PASSED] - doubleClick(findTestObject("Page_Professional/div_Blood Pressure_mat-select-")): Object: 'Object Repository/Page_Professional/div_Blood Pressure_mat-select-' is double clicked on

2019-01-11 09:55:48 - [MESSAGE][PASSED] - Object: 'Object Repository/Page_Professional/div_Blood Pressure_mat-select-' is double clicked on

2019-01-11 09:55:48 - [TEST_STEP][PASSED] - click(findTestObject("Page_Professional/span_Blood Pressure")): Object: 'Object Repository/Page_Professional/span_Blood Pressure' is clicked on

2019-01-11 09:55:48 - [MESSAGE][PASSED] - Object: 'Object Repository/Page_Professional/span_Blood Pressure' is clicked on

2019-01-11 09:55:48 - [TEST_STEP][PASSED] - click(findTestObject("Page_Professional/button_Add")): Object: 'Object Repository/Page_Professional/button_Add' is clicked on

2019-01-11 09:55:49 - [MESSAGE][PASSED] - Object: 'Object Repository/Page_Professional/button_Add' is clicked on

2019-01-11 09:55:49 - [TEST_STEP][PASSED] - delay(3): Delayed 3 second(s)

2019-01-11 09:55:52 - [MESSAGE][PASSED] - Delayed 3 second(s)

2019-01-11 09:55:52 - [TEST_STEP][PASSED] - closeBrowser(): Browser is closed

2019-01-11 09:55:52 - [MESSAGE][PASSED] - Browser is closed]]></system-out>
         <system-err><![CDATA[]]></system-err>
      </testcase>
      <testcase name="Test Cases/CRUD Data/Chrome Delete Activity" classname="Test Cases/CRUD Data/Chrome Delete Activity" status="PASSED">
         <system-out><![CDATA[2019-01-11 09:55:52 - [TEST_CASE][PASSED] - Test Cases/CRUD Data/Chrome Delete Activity: Test Cases/CRUD Data/Chrome Delete Activity

2019-01-11 09:55:53 - [TEST_STEP][PASSED] - openBrowser(""): Browser is opened with url: ''

2019-01-11 09:55:53 - [MESSAGE][INFO] - Starting 'Chrome' driver

2019-01-11 09:55:55 - [MESSAGE][PASSED] - Browser is opened with url: ''

2019-01-11 09:55:55 - [TEST_STEP][PASSED] - navigateToUrl("https://staging.poc.netzon.se/patient/list"): Navigate to 'https://staging.poc.netzon.se/patient/list' successfully

2019-01-11 09:56:00 - [MESSAGE][PASSED] - Navigate to 'https://staging.poc.netzon.se/patient/list' successfully

2019-01-11 09:56:00 - [TEST_STEP][PASSED] - click(findTestObject("Page_Professional/div_Michael Bay")): Object: 'Object Repository/Page_Professional/div_Michael Bay' is clicked on

2019-01-11 09:56:00 - [MESSAGE][PASSED] - Object: 'Object Repository/Page_Professional/div_Michael Bay' is clicked on

2019-01-11 09:56:00 - [TEST_STEP][PASSED] - click(findTestObject("Page_Professional/div_Brie Larson (1)")): Object: 'Object Repository/Page_Professional/div_Brie Larson (1)' is clicked on

2019-01-11 09:56:00 - [MESSAGE][PASSED] - Object: 'Object Repository/Page_Professional/div_Brie Larson (1)' is clicked on

2019-01-11 09:56:00 - [TEST_STEP][PASSED] - click(findTestObject("Page_Professional/span_brie.larsonmailinator.com")): Object: 'Object Repository/Page_Professional/span_brie.larsonmailinator.com' is clicked on

2019-01-11 09:56:00 - [MESSAGE][PASSED] - Object: 'Object Repository/Page_Professional/span_brie.larsonmailinator.com' is clicked on

2019-01-11 09:56:00 - [TEST_STEP][PASSED] - click(findTestObject("Page_Professional/div_Jessica Chastain (3)")): Object: 'Object Repository/Page_Professional/div_Jessica Chastain (3)' is clicked on

2019-01-11 09:56:00 - [MESSAGE][PASSED] - Object: 'Object Repository/Page_Professional/div_Jessica Chastain (3)' is clicked on

2019-01-11 09:56:00 - [TEST_STEP][PASSED] - click(findTestObject("Page_Professional/div_Jessica Chastain (2)")): Object: 'Object Repository/Page_Professional/div_Jessica Chastain (2)' is clicked on

2019-01-11 09:56:01 - [MESSAGE][PASSED] - Object: 'Object Repository/Page_Professional/div_Jessica Chastain (2)' is clicked on

2019-01-11 09:56:01 - [TEST_STEP][PASSED] - click(findTestObject("Page_Professional/img_Activities_ng-tns-c1-0")): Object: 'Object Repository/Page_Professional/img_Activities_ng-tns-c1-0' is clicked on

2019-01-11 09:56:01 - [MESSAGE][PASSED] - Object: 'Object Repository/Page_Professional/img_Activities_ng-tns-c1-0' is clicked on

2019-01-11 09:56:01 - [TEST_STEP][PASSED] - doubleClick(findTestObject("Page_Professional/div_Blood Pressure_mat-select-")): Object: 'Object Repository/Page_Professional/div_Blood Pressure_mat-select-' is double clicked on

2019-01-11 09:56:02 - [MESSAGE][PASSED] - Object: 'Object Repository/Page_Professional/div_Blood Pressure_mat-select-' is double clicked on

2019-01-11 09:56:02 - [TEST_STEP][PASSED] - click(findTestObject("Page_Professional/span_Blood Pressure")): Object: 'Object Repository/Page_Professional/span_Blood Pressure' is clicked on

2019-01-11 09:56:03 - [MESSAGE][PASSED] - Object: 'Object Repository/Page_Professional/span_Blood Pressure' is clicked on

2019-01-11 09:56:03 - [TEST_STEP][PASSED] - click(findTestObject("Page_Professional/button_Add")): Object: 'Object Repository/Page_Professional/button_Add' is clicked on

2019-01-11 09:56:03 - [MESSAGE][PASSED] - Object: 'Object Repository/Page_Professional/button_Add' is clicked on

2019-01-11 09:56:03 - [TEST_STEP][PASSED] - delay(3): Delayed 3 second(s)

2019-01-11 09:56:06 - [MESSAGE][PASSED] - Delayed 3 second(s)

2019-01-11 09:56:06 - [TEST_STEP][PASSED] - click(findTestObject("Object Repository/2ndcheckbox")): Object: 'Object Repository/2ndcheckbox' is clicked on

2019-01-11 09:56:06 - [MESSAGE][PASSED] - Object: 'Object Repository/2ndcheckbox' is clicked on

2019-01-11 09:56:06 - [TEST_STEP][PASSED] - click(findTestObject("Page_Professional/img_Activities_ng-tns-c1-0 (5)")): Object: 'Object Repository/Page_Professional/img_Activities_ng-tns-c1-0 (5)' is clicked on

2019-01-11 09:56:06 - [MESSAGE][PASSED] - Object: 'Object Repository/Page_Professional/img_Activities_ng-tns-c1-0 (5)' is clicked on

2019-01-11 09:56:06 - [TEST_STEP][PASSED] - delay(1): Delayed 1 second(s)

2019-01-11 09:56:07 - [MESSAGE][PASSED] - Delayed 1 second(s)

2019-01-11 09:56:07 - [TEST_STEP][PASSED] - click(findTestObject("RemoveButton")): Object: 'Object Repository/RemoveButton' is clicked on

2019-01-11 09:56:08 - [MESSAGE][PASSED] - Object: 'Object Repository/RemoveButton' is clicked on

2019-01-11 09:56:08 - [TEST_STEP][PASSED] - delay(2): Delayed 2 second(s)

2019-01-11 09:56:10 - [MESSAGE][PASSED] - Delayed 2 second(s)

2019-01-11 09:56:10 - [TEST_STEP][PASSED] - closeBrowser(): Browser is closed

2019-01-11 09:56:10 - [MESSAGE][PASSED] - Browser is closed]]></system-out>
         <system-err><![CDATA[]]></system-err>
      </testcase>
      <testcase name="Test Cases/CRUD Data/Chrome Trial Test Case" classname="Test Cases/CRUD Data/Chrome Trial Test Case" status="PASSED">
         <system-out><![CDATA[2019-01-11 09:56:10 - [TEST_CASE][PASSED] - Test Cases/CRUD Data/Chrome Trial Test Case: Test Cases/CRUD Data/Chrome Trial Test Case

2019-01-11 09:56:11 - [TEST_STEP][PASSED] - delay(5): Delayed 5 second(s)

2019-01-11 09:56:16 - [MESSAGE][PASSED] - Delayed 5 second(s)

2019-01-11 09:56:16 - [TEST_STEP][PASSED] - openBrowser(""): Browser is opened with url: ''

2019-01-11 09:56:16 - [MESSAGE][INFO] - Starting 'Chrome' driver

2019-01-11 09:56:18 - [MESSAGE][PASSED] - Browser is opened with url: ''

2019-01-11 09:56:18 - [TEST_STEP][PASSED] - driver = getWebDriver(): null

2019-01-11 09:56:18 - [TEST_STEP][PASSED] - navigateToUrl("https://staging.poc.netzon.se/patient/list"): Navigate to 'https://staging.poc.netzon.se/patient/list' successfully

2019-01-11 09:56:23 - [MESSAGE][PASSED] - Navigate to 'https://staging.poc.netzon.se/patient/list' successfully

2019-01-11 09:56:23 - [TEST_STEP][PASSED] - click(findTestObject("Page_Professional/img_Activities_ng-tns-c1-0")): Object: 'Object Repository/Page_Professional/img_Activities_ng-tns-c1-0' is clicked on

2019-01-11 09:56:24 - [MESSAGE][PASSED] - Object: 'Object Repository/Page_Professional/img_Activities_ng-tns-c1-0' is clicked on

2019-01-11 09:56:24 - [TEST_STEP][PASSED] - doubleClick(findTestObject("Page_Professional/div_Blood Pressure_mat-select-")): Object: 'Object Repository/Page_Professional/div_Blood Pressure_mat-select-' is double clicked on

2019-01-11 09:56:25 - [MESSAGE][PASSED] - Object: 'Object Repository/Page_Professional/div_Blood Pressure_mat-select-' is double clicked on

2019-01-11 09:56:25 - [TEST_STEP][PASSED] - click(findTestObject("Page_Professional/span_Blood Pressure")): Object: 'Object Repository/Page_Professional/span_Blood Pressure' is clicked on

2019-01-11 09:56:25 - [MESSAGE][PASSED] - Object: 'Object Repository/Page_Professional/span_Blood Pressure' is clicked on

2019-01-11 09:56:25 - [TEST_STEP][PASSED] - delay(2): Delayed 2 second(s)

2019-01-11 09:56:27 - [MESSAGE][PASSED] - Delayed 2 second(s)

2019-01-11 09:56:27 - [TEST_STEP][PASSED] - xpath("//*[@id="mat-dialog-0"]/app-activity-add/div/div[2]/div[2]/mat-form-field/div/div[1]/div[2]/mat-datepicker-toggle/button")).click(): null

2019-01-11 09:56:27 - [TEST_STEP][PASSED] - delay(2): Delayed 2 second(s)

2019-01-11 09:56:29 - [MESSAGE][PASSED] - Delayed 2 second(s)

2019-01-11 09:56:29 - [TEST_STEP][PASSED] - xpath("//div[text()='9']")).click(): null

2019-01-11 09:56:30 - [TEST_STEP][PASSED] - delay(2): Delayed 2 second(s)

2019-01-11 09:56:32 - [MESSAGE][PASSED] - Delayed 2 second(s)

2019-01-11 09:56:32 - [TEST_STEP][PASSED] - closeBrowser(): Browser is closed

2019-01-11 09:56:32 - [MESSAGE][PASSED] - Browser is closed]]></system-out>
         <system-err><![CDATA[]]></system-err>
      </testcase>
      <testcase name="Test Cases/CRUD Data/Delete all Activity" classname="Test Cases/CRUD Data/Delete all Activity" status="PASSED">
         <system-out><![CDATA[2019-01-11 09:56:32 - [TEST_CASE][PASSED] - Test Cases/CRUD Data/Delete all Activity: Test Cases/CRUD Data/Delete all Activity

2019-01-11 09:56:33 - [TEST_STEP][PASSED] - openBrowser(""): Browser is opened with url: ''

2019-01-11 09:56:33 - [MESSAGE][INFO] - Starting 'Chrome' driver

2019-01-11 09:56:35 - [MESSAGE][PASSED] - Browser is opened with url: ''

2019-01-11 09:56:35 - [TEST_STEP][PASSED] - navigateToUrl("https://staging.poc.netzon.se/patient/list"): Navigate to 'https://staging.poc.netzon.se/patient/list' successfully

2019-01-11 09:56:40 - [MESSAGE][PASSED] - Navigate to 'https://staging.poc.netzon.se/patient/list' successfully

2019-01-11 09:56:40 - [TEST_STEP][PASSED] - click(findTestObject("Page_Professional/span_Jessica Chastain (1)")): Object: 'Object Repository/Page_Professional/span_Jessica Chastain (1)' is clicked on

2019-01-11 09:56:40 - [MESSAGE][PASSED] - Object: 'Object Repository/Page_Professional/span_Jessica Chastain (1)' is clicked on

2019-01-11 09:56:40 - [TEST_STEP][PASSED] - click(findTestObject("Page_Professional/div_Jessica Chastain (2)")): Object: 'Object Repository/Page_Professional/div_Jessica Chastain (2)' is clicked on

2019-01-11 09:56:41 - [MESSAGE][PASSED] - Object: 'Object Repository/Page_Professional/div_Jessica Chastain (2)' is clicked on

2019-01-11 09:56:41 - [TEST_STEP][PASSED] - click(findTestObject("Page_Professional/img_Activities_ng-tns-c1-0")): Object: 'Object Repository/Page_Professional/img_Activities_ng-tns-c1-0' is clicked on

2019-01-11 09:56:41 - [MESSAGE][PASSED] - Object: 'Object Repository/Page_Professional/img_Activities_ng-tns-c1-0' is clicked on

2019-01-11 09:56:41 - [TEST_STEP][PASSED] - click(findTestObject("Page_Professional/div_Blood Pressure_mat-select-")): Object: 'Object Repository/Page_Professional/div_Blood Pressure_mat-select-' is clicked on

2019-01-11 09:56:42 - [MESSAGE][PASSED] - Object: 'Object Repository/Page_Professional/div_Blood Pressure_mat-select-' is clicked on

2019-01-11 09:56:42 - [TEST_STEP][PASSED] - delay(1): Delayed 1 second(s)

2019-01-11 09:56:43 - [MESSAGE][PASSED] - Delayed 1 second(s)

2019-01-11 09:56:43 - [TEST_STEP][PASSED] - click(findTestObject("Page_Professional/span_Blood Pressure")): Object: 'Object Repository/Page_Professional/span_Blood Pressure' is clicked on

2019-01-11 09:56:43 - [MESSAGE][PASSED] - Object: 'Object Repository/Page_Professional/span_Blood Pressure' is clicked on

2019-01-11 09:56:43 - [TEST_STEP][PASSED] - click(findTestObject("Page_Professional/button_Add")): Object: 'Object Repository/Page_Professional/button_Add' is clicked on

2019-01-11 09:56:43 - [MESSAGE][PASSED] - Object: 'Object Repository/Page_Professional/button_Add' is clicked on

2019-01-11 09:56:43 - [TEST_STEP][PASSED] - delay(3): Delayed 3 second(s)

2019-01-11 09:56:46 - [MESSAGE][PASSED] - Delayed 3 second(s)

2019-01-11 09:56:46 - [TEST_STEP][PASSED] - click(findTestObject("Object Repository/Object Repository/deleteall_Checkbox")): Object: 'Object Repository/Object Repository/deleteall_Checkbox' is clicked on

2019-01-11 09:56:47 - [MESSAGE][PASSED] - Object: 'Object Repository/Object Repository/deleteall_Checkbox' is clicked on

2019-01-11 09:56:47 - [TEST_STEP][PASSED] - click(findTestObject("deleteImage")): Object: 'Object Repository/deleteImage' is clicked on

2019-01-11 09:56:47 - [MESSAGE][PASSED] - Object: 'Object Repository/deleteImage' is clicked on

2019-01-11 09:56:47 - [TEST_STEP][PASSED] - click(findTestObject("CancelDelete")): Object: 'Object Repository/CancelDelete' is clicked on

2019-01-11 09:56:47 - [MESSAGE][PASSED] - Object: 'Object Repository/CancelDelete' is clicked on

2019-01-11 09:56:47 - [TEST_STEP][PASSED] - delay(2): Delayed 2 second(s)

2019-01-11 09:56:49 - [MESSAGE][PASSED] - Delayed 2 second(s)

2019-01-11 09:56:49 - [TEST_STEP][PASSED] - closeBrowser(): Browser is closed

2019-01-11 09:56:50 - [MESSAGE][PASSED] - Browser is closed]]></system-out>
         <system-err><![CDATA[]]></system-err>
      </testcase>
      <testcase name="Test Cases/CRUD Data/BlankAddName" classname="Test Cases/CRUD Data/BlankAddName" status="PASSED">
         <system-out><![CDATA[2019-01-11 09:56:50 - [TEST_CASE][PASSED] - Test Cases/CRUD Data/BlankAddName: Test Cases/CRUD Data/BlankAddName

2019-01-11 09:56:50 - [TEST_STEP][PASSED] - openBrowser(""): Browser is opened with url: ''

2019-01-11 09:56:50 - [MESSAGE][INFO] - Starting 'Chrome' driver

2019-01-11 09:56:53 - [MESSAGE][PASSED] - Browser is opened with url: ''

2019-01-11 09:56:53 - [TEST_STEP][PASSED] - navigateToUrl("https://staging.poc.netzon.se/patient/list"): Navigate to 'https://staging.poc.netzon.se/patient/list' successfully

2019-01-11 09:57:01 - [MESSAGE][PASSED] - Navigate to 'https://staging.poc.netzon.se/patient/list' successfully

2019-01-11 09:57:01 - [TEST_STEP][PASSED] - click(findTestObject("Page_Professional/img_Activities_ng-tns-c1-0")): Object: 'Object Repository/Page_Professional/img_Activities_ng-tns-c1-0' is clicked on

2019-01-11 09:57:02 - [MESSAGE][PASSED] - Object: 'Object Repository/Page_Professional/img_Activities_ng-tns-c1-0' is clicked on

2019-01-11 09:57:02 - [TEST_STEP][PASSED] - click(findTestObject("Page_Professional/button_Add")): Object: 'Object Repository/Page_Professional/button_Add' is clicked on

2019-01-11 09:57:02 - [MESSAGE][PASSED] - Object: 'Object Repository/Page_Professional/button_Add' is clicked on

2019-01-11 09:57:02 - [TEST_STEP][PASSED] - verifyElementPresent(findTestObject("TypeError"), 1): Object 'Object Repository/TypeError' is present

2019-01-11 09:57:03 - [MESSAGE][PASSED] - Object 'Object Repository/TypeError' is present

2019-01-11 09:57:03 - [TEST_STEP][PASSED] - closeBrowser(): Browser is closed

2019-01-11 09:57:03 - [MESSAGE][PASSED] - Browser is closed]]></system-out>
         <system-err><![CDATA[]]></system-err>
      </testcase>
      <testcase name="Test Cases/CancelAllDelete" classname="Test Cases/CancelAllDelete" status="PASSED">
         <system-out><![CDATA[2019-01-11 09:57:03 - [TEST_CASE][PASSED] - Test Cases/CancelAllDelete: Test Cases/CancelAllDelete

2019-01-11 09:57:04 - [TEST_STEP][PASSED] - openBrowser(""): Browser is opened with url: ''

2019-01-11 09:57:04 - [MESSAGE][INFO] - Starting 'Chrome' driver

2019-01-11 09:57:06 - [MESSAGE][PASSED] - Browser is opened with url: ''

2019-01-11 09:57:06 - [TEST_STEP][PASSED] - navigateToUrl("https://staging.poc.netzon.se/patient/list"): Navigate to 'https://staging.poc.netzon.se/patient/list' successfully

2019-01-11 09:57:11 - [MESSAGE][PASSED] - Navigate to 'https://staging.poc.netzon.se/patient/list' successfully

2019-01-11 09:57:11 - [TEST_STEP][PASSED] - click(findTestObject("Page_Professional/span_Jessica Chastain (1)")): Object: 'Object Repository/Page_Professional/span_Jessica Chastain (1)' is clicked on

2019-01-11 09:57:11 - [MESSAGE][PASSED] - Object: 'Object Repository/Page_Professional/span_Jessica Chastain (1)' is clicked on

2019-01-11 09:57:11 - [TEST_STEP][PASSED] - click(findTestObject("Page_Professional/div_Jessica Chastain (2)")): Object: 'Object Repository/Page_Professional/div_Jessica Chastain (2)' is clicked on

2019-01-11 09:57:12 - [MESSAGE][PASSED] - Object: 'Object Repository/Page_Professional/div_Jessica Chastain (2)' is clicked on

2019-01-11 09:57:12 - [TEST_STEP][PASSED] - click(findTestObject("Page_Professional/img_Activities_ng-tns-c1-0")): Object: 'Object Repository/Page_Professional/img_Activities_ng-tns-c1-0' is clicked on

2019-01-11 09:57:12 - [MESSAGE][PASSED] - Object: 'Object Repository/Page_Professional/img_Activities_ng-tns-c1-0' is clicked on

2019-01-11 09:57:12 - [TEST_STEP][PASSED] - click(findTestObject("Page_Professional/div_Blood Pressure_mat-select-")): Object: 'Object Repository/Page_Professional/div_Blood Pressure_mat-select-' is clicked on

2019-01-11 09:57:13 - [MESSAGE][PASSED] - Object: 'Object Repository/Page_Professional/div_Blood Pressure_mat-select-' is clicked on

2019-01-11 09:57:13 - [TEST_STEP][PASSED] - delay(1): Delayed 1 second(s)

2019-01-11 09:57:14 - [MESSAGE][PASSED] - Delayed 1 second(s)

2019-01-11 09:57:14 - [TEST_STEP][PASSED] - click(findTestObject("Page_Professional/span_Blood Pressure")): Object: 'Object Repository/Page_Professional/span_Blood Pressure' is clicked on

2019-01-11 09:57:15 - [MESSAGE][PASSED] - Object: 'Object Repository/Page_Professional/span_Blood Pressure' is clicked on

2019-01-11 09:57:15 - [TEST_STEP][PASSED] - click(findTestObject("Page_Professional/button_Add")): Object: 'Object Repository/Page_Professional/button_Add' is clicked on

2019-01-11 09:57:15 - [MESSAGE][PASSED] - Object: 'Object Repository/Page_Professional/button_Add' is clicked on

2019-01-11 09:57:15 - [TEST_STEP][PASSED] - delay(3): Delayed 3 second(s)

2019-01-11 09:57:18 - [MESSAGE][PASSED] - Delayed 3 second(s)

2019-01-11 09:57:18 - [TEST_STEP][PASSED] - click(findTestObject("Object Repository/Object Repository/deleteall_Checkbox")): Object: 'Object Repository/Object Repository/deleteall_Checkbox' is clicked on

2019-01-11 09:57:18 - [MESSAGE][PASSED] - Object: 'Object Repository/Object Repository/deleteall_Checkbox' is clicked on

2019-01-11 09:57:18 - [TEST_STEP][PASSED] - click(findTestObject("deleteImage")): Object: 'Object Repository/deleteImage' is clicked on

2019-01-11 09:57:18 - [MESSAGE][PASSED] - Object: 'Object Repository/deleteImage' is clicked on

2019-01-11 09:57:18 - [TEST_STEP][PASSED] - click(findTestObject("CancelDelete")): Object: 'Object Repository/CancelDelete' is clicked on

2019-01-11 09:57:19 - [MESSAGE][PASSED] - Object: 'Object Repository/CancelDelete' is clicked on

2019-01-11 09:57:19 - [TEST_STEP][PASSED] - delay(2): Delayed 2 second(s)

2019-01-11 09:57:21 - [MESSAGE][PASSED] - Delayed 2 second(s)

2019-01-11 09:57:21 - [TEST_STEP][PASSED] - closeBrowser(): Browser is closed

2019-01-11 09:57:21 - [MESSAGE][PASSED] - Browser is closed]]></system-out>
         <system-err><![CDATA[]]></system-err>
      </testcase>
      <testcase name="Test Cases/CRUD Data/Add Activity with Date" classname="Test Cases/CRUD Data/Add Activity with Date" status="PASSED">
         <system-out><![CDATA[2019-01-11 09:57:21 - [TEST_CASE][PASSED] - Test Cases/CRUD Data/Add Activity with Date: Test Cases/CRUD Data/Add Activity with Date

2019-01-11 09:57:22 - [TEST_STEP][PASSED] - openBrowser(""): Browser is opened with url: ''

2019-01-11 09:57:22 - [MESSAGE][INFO] - Starting 'Chrome' driver

2019-01-11 09:57:24 - [MESSAGE][PASSED] - Browser is opened with url: ''

2019-01-11 09:57:24 - [TEST_STEP][PASSED] - navigateToUrl("https://staging.poc.netzon.se/patient/list"): Navigate to 'https://staging.poc.netzon.se/patient/list' successfully

2019-01-11 09:57:29 - [MESSAGE][PASSED] - Navigate to 'https://staging.poc.netzon.se/patient/list' successfully

2019-01-11 09:57:29 - [TEST_STEP][PASSED] - click(findTestObject("Object Repository/Page_Professional/img_Activities_ng-tns-c1-0 (3) (1)")): Object: 'Object Repository/Page_Professional/img_Activities_ng-tns-c1-0 (3) (1)' is clicked on

2019-01-11 09:57:29 - [MESSAGE][PASSED] - Object: 'Object Repository/Page_Professional/img_Activities_ng-tns-c1-0 (3) (1)' is clicked on

2019-01-11 09:57:29 - [TEST_STEP][PASSED] - click(findTestObject("Object Repository/Page_Professional/div_Type_mat-select-arrow (2) (1)")): Object: 'Object Repository/Page_Professional/div_Type_mat-select-arrow (2) (1)' is clicked on

2019-01-11 09:57:30 - [MESSAGE][PASSED] - Object: 'Object Repository/Page_Professional/div_Type_mat-select-arrow (2) (1)' is clicked on

2019-01-11 09:57:30 - [TEST_STEP][PASSED] - delay(1): Delayed 1 second(s)

2019-01-11 09:57:31 - [MESSAGE][PASSED] - Delayed 1 second(s)

2019-01-11 09:57:31 - [TEST_STEP][PASSED] - click(findTestObject("Object Repository/Page_Professional/span_Blood Pressure (3)")): Object: 'Object Repository/Page_Professional/span_Blood Pressure (3)' is clicked on

2019-01-11 09:57:31 - [MESSAGE][PASSED] - Object: 'Object Repository/Page_Professional/span_Blood Pressure (3)' is clicked on

2019-01-11 09:57:31 - [TEST_STEP][PASSED] - click(findTestObject("Object Repository/Page_Professional/button_Date_mat-icon-button cd")): Object: 'Object Repository/Page_Professional/button_Date_mat-icon-button cd' is clicked on

2019-01-11 09:57:31 - [MESSAGE][PASSED] - Object: 'Object Repository/Page_Professional/button_Date_mat-icon-button cd' is clicked on

2019-01-11 09:57:31 - [TEST_STEP][PASSED] - delay(1): Delayed 1 second(s)

2019-01-11 09:57:32 - [MESSAGE][PASSED] - Delayed 1 second(s)

2019-01-11 09:57:32 - [TEST_STEP][PASSED] - click(findTestObject("Object Repository/Page_Professional/div_14 (1)")): Object: 'Object Repository/Page_Professional/div_14 (1)' is clicked on

2019-01-11 09:57:33 - [MESSAGE][PASSED] - Object: 'Object Repository/Page_Professional/div_14 (1)' is clicked on

2019-01-11 09:57:33 - [TEST_STEP][PASSED] - delay(1): Delayed 1 second(s)

2019-01-11 09:57:34 - [MESSAGE][PASSED] - Delayed 1 second(s)

2019-01-11 09:57:34 - [TEST_STEP][PASSED] - click(findTestObject("Object Repository/Page_Professional/button_Add (3)")): Object: 'Object Repository/Page_Professional/button_Add (3)' is clicked on

2019-01-11 09:57:34 - [MESSAGE][PASSED] - Object: 'Object Repository/Page_Professional/button_Add (3)' is clicked on

2019-01-11 09:57:34 - [TEST_STEP][PASSED] - delay(2): Delayed 2 second(s)

2019-01-11 09:57:36 - [MESSAGE][PASSED] - Delayed 2 second(s)

2019-01-11 09:57:36 - [TEST_STEP][PASSED] - closeBrowser(): Browser is closed

2019-01-11 09:57:37 - [MESSAGE][PASSED] - Browser is closed]]></system-out>
         <system-err><![CDATA[]]></system-err>
      </testcase>
      <testcase name="Test Cases/Show Graph" classname="Test Cases/Show Graph" status="PASSED">
         <system-out><![CDATA[2019-01-11 09:57:37 - [TEST_CASE][PASSED] - Test Cases/Show Graph: Test Cases/Show Graph

2019-01-11 09:57:37 - [TEST_STEP][PASSED] - openBrowser(""): Browser is opened with url: ''

2019-01-11 09:57:37 - [MESSAGE][INFO] - Starting 'Chrome' driver

2019-01-11 09:57:40 - [MESSAGE][PASSED] - Browser is opened with url: ''

2019-01-11 09:57:40 - [TEST_STEP][PASSED] - navigateToUrl("https://poc.netzon.se/patient/list"): Navigate to 'https://poc.netzon.se/patient/list' successfully

2019-01-11 09:57:45 - [MESSAGE][PASSED] - Navigate to 'https://poc.netzon.se/patient/list' successfully

2019-01-11 09:57:45 - [TEST_STEP][PASSED] - click(findTestObject("Object Repository/Page_Professional/div_Jessica Chastain")): Object: 'Object Repository/Page_Professional/div_Jessica Chastain' is clicked on

2019-01-11 09:57:45 - [MESSAGE][PASSED] - Object: 'Object Repository/Page_Professional/div_Jessica Chastain' is clicked on

2019-01-11 09:57:45 - [TEST_STEP][PASSED] - click(findTestObject("Object Repository/Page_Professional/div_Brie Larson  brie.larsonma")): Object: 'Object Repository/Page_Professional/div_Brie Larson  brie.larsonma' is clicked on

2019-01-11 09:57:45 - [MESSAGE][PASSED] - Object: 'Object Repository/Page_Professional/div_Brie Larson  brie.larsonma' is clicked on

2019-01-11 09:57:45 - [TEST_STEP][PASSED] - click(findTestObject("Object Repository/Page_Professional/div_Jessica Chastain")): Object: 'Object Repository/Page_Professional/div_Jessica Chastain' is clicked on

2019-01-11 09:57:45 - [MESSAGE][PASSED] - Object: 'Object Repository/Page_Professional/div_Jessica Chastain' is clicked on

2019-01-11 09:57:45 - [TEST_STEP][PASSED] - click(findTestObject("Object Repository/Page_Professional/div_James Franco  james.franco")): Object: 'Object Repository/Page_Professional/div_James Franco  james.franco' is clicked on

2019-01-11 09:57:45 - [MESSAGE][PASSED] - Object: 'Object Repository/Page_Professional/div_James Franco  james.franco' is clicked on

2019-01-11 09:57:45 - [TEST_STEP][PASSED] - click(findTestObject("Object Repository/Page_Professional/span_Show Graph (1)")): Object: 'Object Repository/Page_Professional/span_Show Graph (1)' is clicked on

2019-01-11 09:57:46 - [MESSAGE][PASSED] - Object: 'Object Repository/Page_Professional/span_Show Graph (1)' is clicked on

2019-01-11 09:57:46 - [TEST_STEP][PASSED] - delay(3): Delayed 3 second(s)

2019-01-11 09:57:49 - [MESSAGE][PASSED] - Delayed 3 second(s)

2019-01-11 09:57:49 - [TEST_STEP][PASSED] - click(findTestObject("Object Repository/Page_Professional/span_Hide Graph")): Object: 'Object Repository/Page_Professional/span_Hide Graph' is clicked on

2019-01-11 09:57:49 - [MESSAGE][PASSED] - Object: 'Object Repository/Page_Professional/span_Hide Graph' is clicked on

2019-01-11 09:57:49 - [TEST_STEP][PASSED] - closeBrowser(): Browser is closed

2019-01-11 09:57:50 - [MESSAGE][PASSED] - Browser is closed]]></system-out>
         <system-err><![CDATA[]]></system-err>
      </testcase>
      <system-out><![CDATA[2019-01-11 09:55:11 - [TEST_SUITE][PASSED] - Chrome Test Suite Case: Test Cases/Show Graph]]></system-out>
      <system-err><![CDATA[]]></system-err>
   </testsuite>
</testsuites>
